14:27:51.302 收到 F9，正在切换局内组合体编辑。
14:27:54.125 当前组合体：蓝方能量机关（ID 4）
14:27:54.127 F9 编辑已开启，当前组合体：蓝方能量机关
14:27:59.051 编辑中：蓝方能量机关  PosModel=(-0.323, 0.959, -1.977)
14:27:59.073 编辑中：蓝方能量机关  PosModel=(-0.309, 0.959, -1.969)
14:27:59.105 编辑中：蓝方能量机关  PosModel=(-0.292, 0.959, -1.959)
14:28:00.106 编辑中：蓝方能量机关  PosModel=(-0.273, 0.959, -1.947)
14:28:00.144 编辑中：蓝方能量机关  PosModel=(-0.252, 0.959, -1.935)
14:28:00.572 编辑中：蓝方能量机关  PosModel=(-0.236, 0.959, -1.926)
14:28:00.604 编辑中：蓝方能量机关  PosModel=(-0.219, 0.959, -1.915)
14:28:00.652 编辑中：蓝方能量机关  PosModel=(-0.192, 0.959, -1.9)
14:28:01.005 编辑中：蓝方能量机关  PosModel=(-0.211, 0.959, -1.911)
14:28:01.051 编辑中：蓝方能量机关  PosModel=(-0.237, 0.959, -1.926)
14:28:01.076 编辑中：蓝方能量机关  PosModel=(-0.25, 0.959, -1.934)
14:28:01.246 编辑中：蓝方能量机关  PosModel=(-0.273, 0.959, -1.948)
14:28:01.271 编辑中：蓝方能量机关  PosModel=(-0.287, 0.959, -1.956)
14:28:01.304 编辑中：蓝方能量机关  PosModel=(-0.305, 0.959, -1.966)
14:28:02.745 编辑中：蓝方能量机关  PosModel=(-0.305, 0.933, -1.966)
14:28:02.771 编辑中：蓝方能量机关  PosModel=(-0.305, 0.916, -1.966)
14:28:02.804 编辑中：蓝方能量机关  PosModel=(-0.305, 0.895, -1.966)
14:28:02.848 编辑中：蓝方能量机关  PosModel=(-0.305, 0.867, -1.966)
14:28:02.873 编辑中：蓝方能量机关  PosModel=(-0.305, 0.851, -1.966)
14:28:02.904 编辑中：蓝方能量机关  PosModel=(-0.305, 0.831, -1.966)
14:28:02.946 编辑中：蓝方能量机关  PosModel=(-0.305, 0.804, -1.966)
14:28:02.971 编辑中：蓝方能量机关  PosModel=(-0.305, 0.788, -1.966)
14:28:03.004 编辑中：蓝方能量机关  PosModel=(-0.305, 0.767, -1.966)
14:28:03.051 编辑中：蓝方能量机关  PosModel=(-0.305, 0.736, -1.966)
14:28:03.075 编辑中：蓝方能量机关  PosModel=(-0.305, 0.721, -1.966)
14:28:03.104 编辑中：蓝方能量机关  PosModel=(-0.305, 0.703, -1.966)
14:28:03.145 编辑中：蓝方能量机关  PosModel=(-0.305, 0.677, -1.966)
14:28:03.171 编辑中：蓝方能量机关  PosModel=(-0.305, 0.66, -1.966)
14:28:03.204 编辑中：蓝方能量机关  PosModel=(-0.305, 0.639, -1.966)
14:28:03.244 编辑中：蓝方能量机关  PosModel=(-0.305, 0.613, -1.966)
14:28:04.547 编辑中：蓝方能量机关  PosModel=(-0.305, 0.641, -1.966)
14:28:04.571 编辑中：蓝方能量机关  PosModel=(-0.305, 0.657, -1.966)
14:28:04.604 编辑中：蓝方能量机关  PosModel=(-0.305, 0.677, -1.966)
14:28:04.647 编辑中：蓝方能量机关  PosModel=(-0.305, 0.705, -1.966)
14:28:04.671 编辑中：蓝方能量机关  PosModel=(-0.305, 0.72, -1.966)
14:28:04.704 编辑中：蓝方能量机关  PosModel=(-0.305, 0.742, -1.966)
14:28:04.745 编辑中：蓝方能量机关  PosModel=(-0.305, 0.768, -1.966)
14:28:04.771 编辑中：蓝方能量机关  PosModel=(-0.305, 0.784, -1.966)
14:28:04.804 编辑中：蓝方能量机关  PosModel=(-0.305, 0.805, -1.966)
14:28:04.845 编辑中：蓝方能量机关  PosModel=(-0.305, 0.832, -1.966)
14:28:04.871 编辑中：蓝方能量机关  PosModel=(-0.305, 0.848, -1.966)
14:28:04.904 编辑中：蓝方能量机关  PosModel=(-0.305, 0.869, -1.966)
14:28:04.946 编辑中：蓝方能量机关  PosModel=(-0.305, 0.896, -1.966)
14:28:04.971 编辑中：蓝方能量机关  PosModel=(-0.305, 0.912, -1.966)
14:28:05.004 编辑中：蓝方能量机关  PosModel=(-0.305, 0.933, -1.966)
14:28:05.052 编辑中：蓝方能量机关  PosModel=(-0.305, 0.964, -1.966)
14:28:05.076 编辑中：蓝方能量机关  PosModel=(-0.305, 0.98, -1.966)
14:28:05.105 编辑中：蓝方能量机关  PosModel=(-0.305, 0.998, -1.966)
14:28:05.149 编辑中：蓝方能量机关  PosModel=(-0.305, 1.026, -1.966)
14:28:05.173 编辑中：蓝方能量机关  PosModel=(-0.305, 1.041, -1.966)
14:28:05.205 编辑中：蓝方能量机关  PosModel=(-0.305, 1.062, -1.966)
14:28:05.251 编辑中：蓝方能量机关  PosModel=(-0.305, 1.091, -1.966)
14:28:05.276 编辑中：蓝方能量机关  PosModel=(-0.305, 1.108, -1.966)
14:28:05.305 编辑中：蓝方能量机关  PosModel=(-0.305, 1.126, -1.966)
14:28:05.348 编辑中：蓝方能量机关  PosModel=(-0.305, 1.153, -1.966)
14:28:05.373 编辑中：蓝方能量机关  PosModel=(-0.305, 1.169, -1.966)
14:28:05.405 编辑中：蓝方能量机关  PosModel=(-0.305, 1.19, -1.966)
14:28:05.452 编辑中：蓝方能量机关  PosModel=(-0.305, 1.22, -1.966)
14:28:05.477 编辑中：蓝方能量机关  PosModel=(-0.305, 1.236, -1.966)
14:28:05.505 编辑中：蓝方能量机关  PosModel=(-0.305, 1.254, -1.966)
14:28:05.547 编辑中：蓝方能量机关  PosModel=(-0.305, 1.281, -1.966)
14:28:05.573 编辑中：蓝方能量机关  PosModel=(-0.305, 1.297, -1.966)
14:28:05.606 编辑中：蓝方能量机关  PosModel=(-0.305, 1.318, -1.966)
14:28:05.650 编辑中：蓝方能量机关  PosModel=(-0.305, 1.347, -1.966)
14:28:05.675 编辑中：蓝方能量机关  PosModel=(-0.305, 1.363, -1.966)
14:28:05.705 编辑中：蓝方能量机关  PosModel=(-0.305, 1.382, -1.966)
14:28:05.747 编辑中：蓝方能量机关  PosModel=(-0.305, 1.409, -1.966)
14:28:05.775 编辑中：蓝方能量机关  PosModel=(-0.305, 1.427, -1.966)
14:28:05.805 编辑中：蓝方能量机关  PosModel=(-0.305, 1.446, -1.966)
14:28:05.851 编辑中：蓝方能量机关  PosModel=(-0.305, 1.475, -1.966)
14:28:05.873 编辑中：蓝方能量机关  PosModel=(-0.305, 1.49, -1.966)
14:28:05.906 编辑中：蓝方能量机关  PosModel=(-0.305, 1.51, -1.966)
14:28:05.953 编辑中：蓝方能量机关  PosModel=(-0.305, 1.541, -1.966)
14:28:05.976 编辑中：蓝方能量机关  PosModel=(-0.305, 1.555, -1.966)
14:28:06.005 编辑中：蓝方能量机关  PosModel=(-0.305, 1.574, -1.966)
14:28:06.052 编辑中：蓝方能量机关  PosModel=(-0.305, 1.604, -1.966)
14:28:06.075 编辑中：蓝方能量机关  PosModel=(-0.305, 1.619, -1.966)
14:28:06.107 编辑中：蓝方能量机关  PosModel=(-0.305, 1.639, -1.966)
14:28:06.150 编辑中：蓝方能量机关  PosModel=(-0.305, 1.667, -1.966)
14:28:06.174 编辑中：蓝方能量机关  PosModel=(-0.305, 1.682, -1.966)
14:28:06.205 编辑中：蓝方能量机关  PosModel=(-0.305, 1.702, -1.966)
14:28:06.253 编辑中：蓝方能量机关  PosModel=(-0.305, 1.732, -1.966)
14:28:06.278 编辑中：蓝方能量机关  PosModel=(-0.305, 1.749, -1.966)
14:28:06.308 编辑中：蓝方能量机关  PosModel=(-0.305, 1.768, -1.966)
14:28:06.355 编辑中：蓝方能量机关  PosModel=(-0.305, 1.798, -1.966)
14:28:06.380 编辑中：蓝方能量机关  PosModel=(-0.305, 1.814, -1.966)
14:28:06.408 编辑中：蓝方能量机关  PosModel=(-0.305, 1.832, -1.966)
14:28:06.449 编辑中：蓝方能量机关  PosModel=(-0.305, 1.858, -1.966)
14:28:06.474 编辑中：蓝方能量机关  PosModel=(-0.305, 1.874, -1.966)
14:28:06.505 编辑中：蓝方能量机关  PosModel=(-0.305, 1.894, -1.966)
14:28:06.548 编辑中：蓝方能量机关  PosModel=(-0.305, 1.922, -1.966)
14:28:06.571 编辑中：蓝方能量机关  PosModel=(-0.305, 1.936, -1.966)
14:28:06.606 编辑中：蓝方能量机关  PosModel=(-0.305, 1.958, -1.966)
14:28:06.653 编辑中：蓝方能量机关  PosModel=(-0.305, 1.988, -1.966)
14:28:06.680 编辑中：蓝方能量机关  PosModel=(-0.305, 2.006, -1.966)
14:28:06.705 编辑中：蓝方能量机关  PosModel=(-0.305, 2.022, -1.966)
14:28:06.747 编辑中：蓝方能量机关  PosModel=(-0.305, 2.049, -1.966)
14:28:06.771 编辑中：蓝方能量机关  PosModel=(-0.305, 2.064, -1.966)
14:28:06.805 编辑中：蓝方能量机关  PosModel=(-0.305, 2.086, -1.966)
14:28:06.850 编辑中：蓝方能量机关  PosModel=(-0.305, 2.115, -1.966)
14:28:06.874 编辑中：蓝方能量机关  PosModel=(-0.305, 2.13, -1.966)
14:28:06.909 编辑中：蓝方能量机关  PosModel=(-0.305, 2.152, -1.966)
14:28:06.951 编辑中：蓝方能量机关  PosModel=(-0.305, 2.179, -1.966)
14:28:06.978 编辑中：蓝方能量机关  PosModel=(-0.305, 2.196, -1.966)
14:28:07.005 编辑中：蓝方能量机关  PosModel=(-0.305, 2.214, -1.966)
14:28:07.050 编辑中：蓝方能量机关  PosModel=(-0.305, 2.243, -1.966)
14:28:07.082 编辑中：蓝方能量机关  PosModel=(-0.305, 2.263, -1.966)
14:28:07.106 编辑中：蓝方能量机关  PosModel=(-0.305, 2.278, -1.966)
14:28:07.151 编辑中：蓝方能量机关  PosModel=(-0.305, 2.307, -1.966)
14:28:07.177 编辑中：蓝方能量机关  PosModel=(-0.305, 2.324, -1.966)
14:28:07.204 编辑中：蓝方能量机关  PosModel=(-0.305, 2.341, -1.966)
14:28:07.248 编辑中：蓝方能量机关  PosModel=(-0.305, 2.369, -1.966)
14:28:08.106 编辑中：蓝方能量机关  PosModel=(-0.305, 2.392, -1.966)
14:28:08.144 编辑中：蓝方能量机关  PosModel=(-0.305, 2.416, -1.966)
14:28:08.171 编辑中：蓝方能量机关  PosModel=(-0.305, 2.433, -1.966)
14:28:08.204 编辑中：蓝方能量机关  PosModel=(-0.305, 2.454, -1.966)
14:28:08.243 编辑中：蓝方能量机关  PosModel=(-0.305, 2.479, -1.966)
14:28:08.271 编辑中：蓝方能量机关  PosModel=(-0.305, 2.497, -1.966)
14:28:35.171 收到 F9，正在切换局内组合体编辑。
14:28:36.928 已保存到 RMUC2026_MAP.component_roles.json，已退出 F9 编辑。
14:28:51.964 收到 F9，正在切换局内组合体编辑。
14:28:51.965 当前组合体：红方能量机关（ID 1）
14:28:51.966 F9 编辑已开启，当前组合体：红方能量机关
14:28:55.664 编辑中：红方能量机关  PosModel=(0.347, 0.981, -1.296)
14:28:55.696 编辑中：红方能量机关  PosModel=(0.347, 1.001, -1.296)
14:28:55.737 编辑中：红方能量机关  PosModel=(0.347, 1.027, -1.296)
14:28:55.762 编辑中：红方能量机关  PosModel=(0.347, 1.043, -1.296)
14:28:55.796 编辑中：红方能量机关  PosModel=(0.347, 1.065, -1.296)
14:28:55.834 编辑中：红方能量机关  PosModel=(0.347, 1.089, -1.296)
14:28:55.862 编辑中：红方能量机关  PosModel=(0.347, 1.107, -1.296)
14:28:55.895 编辑中：红方能量机关  PosModel=(0.347, 1.128, -1.296)
14:28:55.936 编辑中：红方能量机关  PosModel=(0.347, 1.154, -1.296)
14:28:55.962 编辑中：红方能量机关  PosModel=(0.347, 1.171, -1.296)
14:28:55.995 编辑中：红方能量机关  PosModel=(0.347, 1.192, -1.296)
14:28:56.036 编辑中：红方能量机关  PosModel=(0.347, 1.218, -1.296)
14:28:56.062 编辑中：红方能量机关  PosModel=(0.347, 1.235, -1.296)
14:28:56.095 编辑中：红方能量机关  PosModel=(0.347, 1.256, -1.296)
14:28:56.639 编辑中：红方能量机关  PosModel=(0.347, 1.285, -1.296)
14:28:56.662 编辑中：红方能量机关  PosModel=(0.347, 1.299, -1.296)
14:28:56.695 编辑中：红方能量机关  PosModel=(0.347, 1.32, -1.296)
14:28:56.738 编辑中：红方能量机关  PosModel=(0.347, 1.348, -1.296)
14:28:56.762 编辑中：红方能量机关  PosModel=(0.347, 1.363, -1.296)
14:28:56.795 编辑中：红方能量机关  PosModel=(0.347, 1.384, -1.296)
14:28:56.839 编辑中：红方能量机关  PosModel=(0.347, 1.412, -1.296)
14:28:56.863 编辑中：红方能量机关  PosModel=(0.347, 1.428, -1.296)
14:28:56.895 编辑中：红方能量机关  PosModel=(0.347, 1.448, -1.296)
14:28:56.939 编辑中：红方能量机关  PosModel=(0.347, 1.476, -1.296)
14:28:56.962 编辑中：红方能量机关  PosModel=(0.347, 1.491, -1.296)
14:28:56.995 编辑中：红方能量机关  PosModel=(0.347, 1.512, -1.296)
14:28:57.041 编辑中：红方能量机关  PosModel=(0.347, 1.542, -1.296)
14:28:57.066 编辑中：红方能量机关  PosModel=(0.347, 1.558, -1.296)
14:28:57.095 编辑中：红方能量机关  PosModel=(0.347, 1.576, -1.296)
14:28:57.137 编辑中：红方能量机关  PosModel=(0.347, 1.603, -1.296)
14:28:57.164 编辑中：红方能量机关  PosModel=(0.347, 1.621, -1.296)
14:28:57.197 编辑中：红方能量机关  PosModel=(0.347, 1.641, -1.296)
14:28:57.242 编辑中：红方能量机关  PosModel=(0.347, 1.67, -1.296)
14:28:57.271 编辑中：红方能量机关  PosModel=(0.347, 1.689, -1.296)
14:28:57.297 编辑中：红方能量机关  PosModel=(0.347, 1.706, -1.296)
14:28:57.344 编辑中：红方能量机关  PosModel=(0.347, 1.735, -1.296)
14:28:57.370 编辑中：红方能量机关  PosModel=(0.347, 1.752, -1.296)
14:28:57.399 编辑中：红方能量机关  PosModel=(0.347, 1.771, -1.296)
14:28:57.443 编辑中：红方能量机关  PosModel=(0.347, 1.799, -1.296)
14:28:57.465 编辑中：红方能量机关  PosModel=(0.347, 1.813, -1.296)
14:28:57.497 编辑中：红方能量机关  PosModel=(0.347, 1.834, -1.296)
14:28:57.542 编辑中：红方能量机关  PosModel=(0.347, 1.862, -1.296)
14:28:57.566 编辑中：红方能量机关  PosModel=(0.347, 1.878, -1.296)
14:28:57.597 编辑中：红方能量机关  PosModel=(0.347, 1.897, -1.296)
14:28:57.639 编辑中：红方能量机关  PosModel=(0.347, 1.924, -1.296)
14:28:57.664 编辑中：红方能量机关  PosModel=(0.347, 1.94, -1.296)
14:28:57.697 编辑中：红方能量机关  PosModel=(0.347, 1.961, -1.296)
14:28:57.738 编辑中：红方能量机关  PosModel=(0.347, 1.987, -1.296)
14:28:57.762 编辑中：红方能量机关  PosModel=(0.347, 2.003, -1.296)
14:28:57.797 编辑中：红方能量机关  PosModel=(0.347, 2.025, -1.296)
14:28:57.840 编辑中：红方能量机关  PosModel=(0.347, 2.053, -1.296)
14:28:57.864 编辑中：红方能量机关  PosModel=(0.347, 2.068, -1.296)
14:28:57.896 编辑中：红方能量机关  PosModel=(0.347, 2.089, -1.296)
14:28:57.936 编辑中：红方能量机关  PosModel=(0.347, 2.114, -1.296)
14:28:57.964 编辑中：红方能量机关  PosModel=(0.347, 2.132, -1.296)
14:28:57.997 编辑中：红方能量机关  PosModel=(0.347, 2.154, -1.296)
14:28:58.041 编辑中：红方能量机关  PosModel=(0.347, 2.181, -1.296)
14:28:58.064 编辑中：红方能量机关  PosModel=(0.347, 2.196, -1.296)
14:28:58.098 编辑中：红方能量机关  PosModel=(0.347, 2.218, -1.296)
14:28:58.140 编辑中：红方能量机关  PosModel=(0.347, 2.245, -1.296)
14:28:58.166 编辑中：红方能量机关  PosModel=(0.347, 2.261, -1.296)
14:28:58.198 编辑中：红方能量机关  PosModel=(0.347, 2.282, -1.296)
14:28:58.241 编辑中：红方能量机关  PosModel=(0.347, 2.309, -1.296)
14:28:58.265 编辑中：红方能量机关  PosModel=(0.347, 2.325, -1.296)
14:28:58.299 编辑中：红方能量机关  PosModel=(0.347, 2.346, -1.296)
14:28:58.342 编辑中：红方能量机关  PosModel=(0.347, 2.374, -1.296)
14:28:58.367 编辑中：红方能量机关  PosModel=(0.347, 2.39, -1.296)
14:28:58.397 编辑中：红方能量机关  PosModel=(0.347, 2.41, -1.296)
14:28:58.441 编辑中：红方能量机关  PosModel=(0.347, 2.437, -1.296)
14:28:58.465 编辑中：红方能量机关  PosModel=(0.347, 2.453, -1.296)
14:28:58.499 编辑中：红方能量机关  PosModel=(0.347, 2.475, -1.296)
14:28:58.543 编辑中：红方能量机关  PosModel=(0.347, 2.503, -1.296)
14:28:58.567 编辑中：红方能量机关  PosModel=(0.347, 2.518, -1.296)
14:28:58.596 编辑中：红方能量机关  PosModel=(0.347, 2.537, -1.296)
14:28:58.639 编辑中：红方能量机关  PosModel=(0.347, 2.564, -1.296)
14:28:58.664 编辑中：红方能量机关  PosModel=(0.347, 2.58, -1.296)
14:28:58.697 编辑中：红方能量机关  PosModel=(0.347, 2.601, -1.296)
14:28:58.741 编辑中：红方能量机关  PosModel=(0.347, 2.629, -1.296)
14:28:58.768 编辑中：红方能量机关  PosModel=(0.347, 2.647, -1.296)
14:28:58.796 编辑中：红方能量机关  PosModel=(0.347, 2.665, -1.296)
14:28:58.843 编辑中：红方能量机关  PosModel=(0.347, 2.695, -1.296)
14:28:58.869 编辑中：红方能量机关  PosModel=(0.347, 2.712, -1.296)
14:28:58.896 编辑中：红方能量机关  PosModel=(0.347, 2.729, -1.296)
14:28:58.943 编辑中：红方能量机关  PosModel=(0.347, 2.759, -1.296)
14:28:58.972 编辑中：红方能量机关  PosModel=(0.347, 2.777, -1.296)
14:28:58.997 编辑中：红方能量机关  PosModel=(0.347, 2.793, -1.296)
14:28:59.050 编辑中：红方能量机关  PosModel=(0.347, 2.827, -1.296)
14:28:59.073 编辑中：红方能量机关  PosModel=(0.347, 2.842, -1.296)
14:28:59.101 编辑中：红方能量机关  PosModel=(0.347, 2.86, -1.296)
14:28:59.145 编辑中：红方能量机关  PosModel=(0.347, 2.888, -1.296)
14:28:59.170 编辑中：红方能量机关  PosModel=(0.347, 2.904, -1.296)
14:28:59.207 编辑中：红方能量机关  PosModel=(0.347, 2.928, -1.296)
14:28:59.250 编辑中：红方能量机关  PosModel=(0.347, 2.955, -1.296)
14:28:59.275 编辑中：红方能量机关  PosModel=(0.347, 2.971, -1.296)
14:28:59.308 编辑中：红方能量机关  PosModel=(0.347, 2.992, -1.296)
14:28:59.357 编辑中：红方能量机关  PosModel=(0.347, 3.023, -1.296)
14:28:59.384 编辑中：红方能量机关  PosModel=(0.347, 3.041, -1.296)
14:28:59.407 编辑中：红方能量机关  PosModel=(0.347, 3.056, -1.296)
14:28:59.451 编辑中：红方能量机关  PosModel=(0.347, 3.083, -1.296)
14:28:59.479 编辑中：红方能量机关  PosModel=(0.347, 3.101, -1.296)
14:28:59.508 编辑中：红方能量机关  PosModel=(0.347, 3.12, -1.296)
14:28:59.553 编辑中：红方能量机关  PosModel=(0.347, 3.149, -1.296)
14:28:59.576 编辑中：红方能量机关  PosModel=(0.347, 3.163, -1.296)
14:28:59.608 编辑中：红方能量机关  PosModel=(0.347, 3.184, -1.296)
14:28:59.651 编辑中：红方能量机关  PosModel=(0.347, 3.212, -1.296)
14:28:59.673 编辑中：红方能量机关  PosModel=(0.347, 3.226, -1.296)
14:28:59.706 编辑中：红方能量机关  PosModel=(0.347, 3.247, -1.296)
14:28:59.748 编辑中：红方能量机关  PosModel=(0.347, 3.273, -1.296)
14:28:59.773 编辑中：红方能量机关  PosModel=(0.347, 3.289, -1.296)
14:28:59.810 编辑中：红方能量机关  PosModel=(0.347, 3.313, -1.296)
14:28:59.856 编辑中：红方能量机关  PosModel=(0.347, 3.343, -1.296)
14:28:59.879 编辑中：红方能量机关  PosModel=(0.347, 3.357, -1.296)
14:28:59.906 编辑中：红方能量机关  PosModel=(0.347, 3.375, -1.296)
14:28:59.949 编辑中：红方能量机关  PosModel=(0.347, 3.402, -1.296)
14:28:59.972 编辑中：红方能量机关  PosModel=(0.347, 3.417, -1.296)
14:29:00.007 编辑中：红方能量机关  PosModel=(0.347, 3.439, -1.296)
14:29:00.054 编辑中：红方能量机关  PosModel=(0.347, 3.469, -1.296)
14:29:00.077 编辑中：红方能量机关  PosModel=(0.347, 3.484, -1.296)
14:29:00.106 编辑中：红方能量机关  PosModel=(0.347, 3.503, -1.296)
14:29:00.148 编辑中：红方能量机关  PosModel=(0.347, 3.53, -1.296)
14:29:00.173 编辑中：红方能量机关  PosModel=(0.347, 3.546, -1.296)
14:29:00.207 编辑中：红方能量机关  PosModel=(0.347, 3.568, -1.296)
14:29:00.248 编辑中：红方能量机关  PosModel=(0.347, 3.593, -1.296)
14:29:00.273 编辑中：红方能量机关  PosModel=(0.347, 3.609, -1.296)
14:29:00.309 编辑中：红方能量机关  PosModel=(0.347, 3.633, -1.296)
14:29:00.349 编辑中：红方能量机关  PosModel=(0.347, 3.658, -1.296)
14:29:00.374 编辑中：红方能量机关  PosModel=(0.347, 3.674, -1.296)
14:29:00.407 编辑中：红方能量机关  PosModel=(0.347, 3.695, -1.296)
14:29:00.450 编辑中：红方能量机关  PosModel=(0.347, 3.723, -1.296)
14:29:00.476 编辑中：红方能量机关  PosModel=(0.347, 3.74, -1.296)
14:29:00.508 编辑中：红方能量机关  PosModel=(0.347, 3.76, -1.296)
14:29:00.551 编辑中：红方能量机关  PosModel=(0.347, 3.788, -1.296)
14:29:00.577 编辑中：红方能量机关  PosModel=(0.347, 3.804, -1.296)
14:29:00.607 编辑中：红方能量机关  PosModel=(0.347, 3.823, -1.296)
14:29:00.651 编辑中：红方能量机关  PosModel=(0.347, 3.851, -1.296)
14:29:00.675 编辑中：红方能量机关  PosModel=(0.347, 3.867, -1.296)
14:29:00.707 编辑中：红方能量机关  PosModel=(0.347, 3.887, -1.296)
14:29:00.750 编辑中：红方能量机关  PosModel=(0.347, 3.915, -1.296)
14:29:00.774 编辑中：红方能量机关  PosModel=(0.347, 3.931, -1.296)
14:29:00.808 编辑中：红方能量机关  PosModel=(0.347, 3.952, -1.296)
14:29:00.851 编辑中：红方能量机关  PosModel=(0.347, 3.979, -1.296)
14:29:00.875 编辑中：红方能量机关  PosModel=(0.347, 3.995, -1.296)
14:29:00.907 编辑中：红方能量机关  PosModel=(0.347, 4.015, -1.296)
14:29:00.952 编辑中：红方能量机关  PosModel=(0.347, 4.044, -1.296)
14:29:00.977 编辑中：红方能量机关  PosModel=(0.347, 4.06, -1.296)
14:29:01.010 编辑中：红方能量机关  PosModel=(0.347, 4.081, -1.296)
14:29:01.058 编辑中：红方能量机关  PosModel=(0.347, 4.112, -1.296)
14:29:01.081 编辑中：红方能量机关  PosModel=(0.347, 4.126, -1.296)
14:29:01.107 编辑中：红方能量机关  PosModel=(0.347, 4.143, -1.296)
14:29:01.152 编辑中：红方能量机关  PosModel=(0.347, 4.172, -1.296)
14:29:01.178 编辑中：红方能量机关  PosModel=(0.347, 4.189, -1.296)
14:29:01.207 编辑中：红方能量机关  PosModel=(0.347, 4.208, -1.296)
14:29:01.250 编辑中：红方能量机关  PosModel=(0.347, 4.235, -1.296)
14:29:01.278 编辑中：红方能量机关  PosModel=(0.347, 4.253, -1.296)
14:29:01.309 编辑中：红方能量机关  PosModel=(0.347, 4.272, -1.296)
14:29:01.353 编辑中：红方能量机关  PosModel=(0.347, 4.301, -1.296)
14:29:01.376 编辑中：红方能量机关  PosModel=(0.347, 4.316, -1.296)
14:29:01.407 编辑中：红方能量机关  PosModel=(0.347, 4.335, -1.296)
14:29:01.449 编辑中：红方能量机关  PosModel=(0.347, 4.362, -1.296)
14:29:01.474 编辑中：红方能量机关  PosModel=(0.347, 4.378, -1.296)
14:29:01.507 编辑中：红方能量机关  PosModel=(0.347, 4.399, -1.296)
14:29:01.582 编辑中：红方能量机关  PosModel=(0.347, 4.448, -1.296)
14:29:01.614 编辑中：红方能量机关  PosModel=(0.347, 4.468, -1.296)
14:29:01.657 编辑中：红方能量机关  PosModel=(0.347, 4.495, -1.296)
14:29:01.682 编辑中：红方能量机关  PosModel=(0.347, 4.511, -1.296)
14:29:01.704 编辑中：红方能量机关  PosModel=(0.347, 4.525, -1.296)
14:29:01.745 编辑中：红方能量机关  PosModel=(0.347, 4.552, -1.296)
14:29:01.767 编辑中：红方能量机关  PosModel=(0.347, 4.565, -1.296)
14:29:01.792 编辑中：红方能量机关  PosModel=(0.347, 4.582, -1.296)
14:29:01.833 编辑中：红方能量机关  PosModel=(0.347, 4.608, -1.296)
14:29:01.858 编辑中：红方能量机关  PosModel=(0.347, 4.624, -1.296)
14:29:01.891 编辑中：红方能量机关  PosModel=(0.347, 4.645, -1.296)
14:29:01.931 编辑中：红方能量机关  PosModel=(0.347, 4.67, -1.296)
14:29:01.957 编辑中：红方能量机关  PosModel=(0.347, 4.687, -1.296)
14:29:01.996 编辑中：红方能量机关  PosModel=(0.347, 4.712, -1.296)
14:29:02.038 编辑中：红方能量机关  PosModel=(0.347, 4.739, -1.296)
14:29:02.061 编辑中：红方能量机关  PosModel=(0.347, 4.754, -1.296)
14:29:02.092 编辑中：红方能量机关  PosModel=(0.347, 4.773, -1.296)
14:41:06.552 收到 F9，正在切换局内组合体编辑。
14:41:08.969 当前组合体：蓝方能量机关（ID 4）
14:41:08.970 F9 编辑已开启，当前组合体：蓝方能量机关
14:41:14.127 编辑中：蓝方能量机关  PosModel=(-0.317, 0.945, -1.979)
14:41:14.598 编辑中：蓝方能量机关  PosModel=(-0.317, 0.898, -1.979)
14:41:14.622 编辑中：蓝方能量机关  PosModel=(-0.317, 0.883, -1.979)
14:41:14.662 编辑中：蓝方能量机关  PosModel=(-0.317, 0.857, -1.979)
14:41:14.944 编辑中：蓝方能量机关  PosModel=(-0.317, 0.828, -1.979)
14:41:14.966 编辑中：蓝方能量机关  PosModel=(-0.317, 0.813, -1.979)
14:41:14.998 编辑中：蓝方能量机关  PosModel=(-0.317, 0.793, -1.979)
14:41:15.267 编辑中：蓝方能量机关  PosModel=(-0.317, 0.779, -1.979)
14:41:15.298 编辑中：蓝方能量机关  PosModel=(-0.317, 0.759, -1.979)
14:41:15.336 编辑中：蓝方能量机关  PosModel=(-0.317, 0.735, -1.979)
14:41:15.365 编辑中：蓝方能量机关  PosModel=(-0.317, 0.716, -1.979)
14:41:15.700 编辑中：蓝方能量机关  PosModel=(-0.317, 0.694, -1.979)
14:41:15.740 编辑中：蓝方能量机关  PosModel=(-0.317, 0.668, -1.979)
14:41:15.765 编辑中：蓝方能量机关  PosModel=(-0.317, 0.652, -1.979)
14:41:17.243 编辑中：蓝方能量机关  PosModel=(-0.317, 0.624, -1.979)
14:41:17.267 编辑中：蓝方能量机关  PosModel=(-0.317, 0.608, -1.979)
14:41:17.298 编辑中：蓝方能量机关  PosModel=(-0.317, 0.588, -1.979)
14:41:17.637 编辑中：蓝方能量机关  PosModel=(-0.317, 0.549, -1.979)
14:41:17.661 编辑中：蓝方能量机关  PosModel=(-0.317, 0.533, -1.979)
14:41:17.683 编辑中：蓝方能量机关  PosModel=(-0.317, 0.519, -1.979)
14:41:18.113 编辑中：蓝方能量机关  PosModel=(-0.317, 0.548, -1.979)
14:41:18.137 编辑中：蓝方能量机关  PosModel=(-0.317, 0.563, -1.979)
14:41:18.168 编辑中：蓝方能量机关  PosModel=(-0.317, 0.583, -1.979)
14:41:18.206 编辑中：蓝方能量机关  PosModel=(-0.317, 0.607, -1.979)
14:41:18.235 编辑中：蓝方能量机关  PosModel=(-0.317, 0.626, -1.979)
14:41:18.268 编辑中：蓝方能量机关  PosModel=(-0.317, 0.647, -1.979)
14:41:18.307 编辑中：蓝方能量机关  PosModel=(-0.317, 0.672, -1.979)
14:41:18.335 编辑中：蓝方能量机关  PosModel=(-0.317, 0.69, -1.979)
14:41:18.368 编辑中：蓝方能量机关  PosModel=(-0.317, 0.711, -1.979)
14:41:18.408 编辑中：蓝方能量机关  PosModel=(-0.317, 0.736, -1.979)
14:41:18.435 编辑中：蓝方能量机关  PosModel=(-0.317, 0.754, -1.979)
14:41:18.468 编辑中：蓝方能量机关  PosModel=(-0.317, 0.775, -1.979)
14:41:18.507 编辑中：蓝方能量机关  PosModel=(-0.317, 0.799, -1.979)
14:41:18.535 编辑中：蓝方能量机关  PosModel=(-0.317, 0.818, -1.979)
14:41:18.568 编辑中：蓝方能量机关  PosModel=(-0.317, 0.839, -1.979)
14:41:18.616 编辑中：蓝方能量机关  PosModel=(-0.317, 0.869, -1.979)
14:41:18.640 编辑中：蓝方能量机关  PosModel=(-0.317, 0.885, -1.979)
14:41:18.670 编辑中：蓝方能量机关  PosModel=(-0.317, 0.904, -1.979)
14:41:18.717 编辑中：蓝方能量机关  PosModel=(-0.317, 0.934, -1.979)
14:41:18.743 编辑中：蓝方能量机关  PosModel=(-0.317, 0.951, -1.979)
14:41:18.771 编辑中：蓝方能量机关  PosModel=(-0.317, 0.968, -1.979)
14:41:18.818 编辑中：蓝方能量机关  PosModel=(-0.317, 0.999, -1.979)
14:41:18.845 编辑中：蓝方能量机关  PosModel=(-0.317, 1.016, -1.979)
14:41:18.871 编辑中：蓝方能量机关  PosModel=(-0.317, 1.033, -1.979)
14:41:18.914 编辑中：蓝方能量机关  PosModel=(-0.317, 1.06, -1.979)
14:41:18.938 编辑中：蓝方能量机关  PosModel=(-0.317, 1.075, -1.979)
14:41:18.969 编辑中：蓝方能量机关  PosModel=(-0.317, 1.095, -1.979)
14:41:19.008 编辑中：蓝方能量机关  PosModel=(-0.317, 1.12, -1.979)
14:41:19.037 编辑中：蓝方能量机关  PosModel=(-0.317, 1.139, -1.979)
14:41:19.070 编辑中：蓝方能量机关  PosModel=(-0.317, 1.16, -1.979)
14:41:19.126 编辑中：蓝方能量机关  PosModel=(-0.317, 1.196, -1.979)
14:41:19.153 编辑中：蓝方能量机关  PosModel=(-0.317, 1.213, -1.979)
14:41:19.177 编辑中：蓝方能量机关  PosModel=(-0.317, 1.229, -1.979)
14:41:19.230 编辑中：蓝方能量机关  PosModel=(-0.317, 1.262, -1.979)
14:41:19.252 编辑中：蓝方能量机关  PosModel=(-0.317, 1.276, -1.979)
14:41:19.278 编辑中：蓝方能量机关  PosModel=(-0.317, 1.293, -1.979)
14:41:19.318 编辑中：蓝方能量机关  PosModel=(-0.317, 1.319, -1.979)
14:41:19.339 编辑中：蓝方能量机关  PosModel=(-0.317, 1.332, -1.979)
14:41:19.370 编辑中：蓝方能量机关  PosModel=(-0.317, 1.352, -1.979)
14:41:19.411 编辑中：蓝方能量机关  PosModel=(-0.317, 1.378, -1.979)
14:41:19.439 编辑中：蓝方能量机关  PosModel=(-0.317, 1.396, -1.979)
14:41:19.472 编辑中：蓝方能量机关  PosModel=(-0.317, 1.417, -1.979)
14:41:19.515 编辑中：蓝方能量机关  PosModel=(-0.317, 1.445, -1.979)
14:41:19.538 编辑中：蓝方能量机关  PosModel=(-0.317, 1.459, -1.979)
14:41:19.570 编辑中：蓝方能量机关  PosModel=(-0.317, 1.48, -1.979)
14:41:19.614 编辑中：蓝方能量机关  PosModel=(-0.317, 1.508, -1.979)
14:41:19.638 编辑中：蓝方能量机关  PosModel=(-0.317, 1.523, -1.979)
14:41:19.670 编辑中：蓝方能量机关  PosModel=(-0.317, 1.544, -1.979)
14:41:19.710 编辑中：蓝方能量机关  PosModel=(-0.317, 1.569, -1.979)
14:41:19.735 编辑中：蓝方能量机关  PosModel=(-0.317, 1.585, -1.979)
14:41:19.769 编辑中：蓝方能量机关  PosModel=(-0.317, 1.607, -1.979)
14:41:19.812 编辑中：蓝方能量机关  PosModel=(-0.317, 1.635, -1.979)
14:41:19.841 编辑中：蓝方能量机关  PosModel=(-0.317, 1.653, -1.979)
14:41:19.870 编辑中：蓝方能量机关  PosModel=(-0.317, 1.672, -1.979)
14:41:19.914 编辑中：蓝方能量机关  PosModel=(-0.317, 1.7, -1.979)
14:41:19.938 编辑中：蓝方能量机关  PosModel=(-0.317, 1.715, -1.979)
14:41:19.970 编辑中：蓝方能量机关  PosModel=(-0.317, 1.736, -1.979)
14:41:20.013 编辑中：蓝方能量机关  PosModel=(-0.317, 1.763, -1.979)
14:41:20.038 编辑中：蓝方能量机关  PosModel=(-0.317, 1.779, -1.979)
14:41:20.069 编辑中：蓝方能量机关  PosModel=(-0.317, 1.799, -1.979)
14:41:20.113 编辑中：蓝方能量机关  PosModel=(-0.317, 1.827, -1.979)
14:41:20.140 编辑中：蓝方能量机关  PosModel=(-0.317, 1.844, -1.979)
14:41:20.169 编辑中：蓝方能量机关  PosModel=(-0.317, 1.863, -1.979)
14:41:20.221 编辑中：蓝方能量机关  PosModel=(-0.317, 1.896, -1.979)
14:41:20.247 编辑中：蓝方能量机关  PosModel=(-0.317, 1.913, -1.979)
14:41:20.268 编辑中：蓝方能量机关  PosModel=(-0.317, 1.927, -1.979)
14:41:20.308 编辑中：蓝方能量机关  PosModel=(-0.317, 1.952, -1.979)
14:41:20.336 编辑中：蓝方能量机关  PosModel=(-0.317, 1.97, -1.979)
14:41:20.370 编辑中：蓝方能量机关  PosModel=(-0.317, 1.991, -1.979)
14:41:20.413 编辑中：蓝方能量机关  PosModel=(-0.317, 2.019, -1.979)
14:41:20.435 编辑中：蓝方能量机关  PosModel=(-0.317, 2.033, -1.979)
14:41:20.469 编辑中：蓝方能量机关  PosModel=(-0.317, 2.055, -1.979)
14:41:20.508 编辑中：蓝方能量机关  PosModel=(-0.317, 2.08, -1.979)
14:41:20.535 编辑中：蓝方能量机关  PosModel=(-0.317, 2.097, -1.979)
14:41:20.573 编辑中：蓝方能量机关  PosModel=(-0.317, 2.121, -1.979)
14:41:20.610 编辑中：蓝方能量机关  PosModel=(-0.317, 2.146, -1.979)
14:41:20.636 编辑中：蓝方能量机关  PosModel=(-0.317, 2.162, -1.979)
14:41:20.669 编辑中：蓝方能量机关  PosModel=(-0.317, 2.183, -1.979)
14:41:20.712 编辑中：蓝方能量机关  PosModel=(-0.317, 2.211, -1.979)
14:41:20.735 编辑中：蓝方能量机关  PosModel=(-0.317, 2.225, -1.979)
14:41:20.769 编辑中：蓝方能量机关  PosModel=(-0.317, 2.247, -1.979)
14:41:20.859 编辑中：蓝方能量机关  PosModel=(-0.317, 2.304, -1.979)
14:41:20.922 编辑中：蓝方能量机关  PosModel=(-0.317, 2.345, -1.979)
14:41:20.954 编辑中：蓝方能量机关  PosModel=(-0.317, 2.365, -1.979)
14:41:20.997 编辑中：蓝方能量机关  PosModel=(-0.317, 2.393, -1.979)
14:41:21.018 编辑中：蓝方能量机关  PosModel=(-0.317, 2.406, -1.979)
14:41:21.041 编辑中：蓝方能量机关  PosModel=(-0.317, 2.421, -1.979)
14:41:21.064 编辑中：蓝方能量机关  PosModel=(-0.317, 2.436, -1.979)
14:41:21.107 编辑中：蓝方能量机关  PosModel=(-0.317, 2.463, -1.979)
14:41:21.137 编辑中：蓝方能量机关  PosModel=(-0.317, 2.482, -1.979)
14:41:21.164 编辑中：蓝方能量机关  PosModel=(-0.317, 2.5, -1.979)
14:41:21.206 编辑中：蓝方能量机关  PosModel=(-0.317, 2.527, -1.979)
14:41:21.232 编辑中：蓝方能量机关  PosModel=(-0.317, 2.543, -1.979)
14:41:21.265 编辑中：蓝方能量机关  PosModel=(-0.317, 2.564, -1.979)
14:43:46.078 收到 F9，正在切换局内组合体编辑。
14:43:48.570 当前组合体：蓝方能量机关（ID 4）
14:43:48.572 F9 编辑已开启，当前组合体：蓝方能量机关
14:43:52.399 编辑中：蓝方能量机关  PosModel=(-0.317, 0.942, -1.979)
14:43:52.425 编辑中：蓝方能量机关  PosModel=(-0.317, 0.925, -1.979)
14:43:52.458 编辑中：蓝方能量机关  PosModel=(-0.317, 0.904, -1.979)
14:43:52.500 编辑中：蓝方能量机关  PosModel=(-0.317, 0.877, -1.979)
14:43:52.525 编辑中：蓝方能量机关  PosModel=(-0.317, 0.861, -1.979)
14:43:52.558 编辑中：蓝方能量机关  PosModel=(-0.317, 0.84, -1.979)
14:43:52.598 编辑中：蓝方能量机关  PosModel=(-0.317, 0.814, -1.979)
14:43:52.627 编辑中：蓝方能量机关  PosModel=(-0.317, 0.796, -1.979)
14:43:52.658 编辑中：蓝方能量机关  PosModel=(-0.317, 0.776, -1.979)
14:43:52.699 编辑中：蓝方能量机关  PosModel=(-0.317, 0.75, -1.979)
14:43:52.725 编辑中：蓝方能量机关  PosModel=(-0.317, 0.733, -1.979)
14:43:52.758 编辑中：蓝方能量机关  PosModel=(-0.317, 0.712, -1.979)
14:43:52.798 编辑中：蓝方能量机关  PosModel=(-0.317, 0.686, -1.979)
14:43:52.825 编辑中：蓝方能量机关  PosModel=(-0.317, 0.669, -1.979)
14:43:52.858 编辑中：蓝方能量机关  PosModel=(-0.317, 0.648, -1.979)
14:43:53.159 编辑中：蓝方能量机关  PosModel=(-0.317, 0.67, -1.979)
14:43:53.198 编辑中：蓝方能量机关  PosModel=(-0.317, 0.695, -1.979)
14:43:53.225 编辑中：蓝方能量机关  PosModel=(-0.317, 0.712, -1.979)
14:43:53.258 编辑中：蓝方能量机关  PosModel=(-0.317, 0.733, -1.979)
14:43:53.300 编辑中：蓝方能量机关  PosModel=(-0.317, 0.76, -1.979)
14:43:53.325 编辑中：蓝方能量机关  PosModel=(-0.317, 0.776, -1.979)
14:43:53.358 编辑中：蓝方能量机关  PosModel=(-0.317, 0.797, -1.979)
14:43:53.398 编辑中：蓝方能量机关  PosModel=(-0.317, 0.823, -1.979)
14:43:53.425 编辑中：蓝方能量机关  PosModel=(-0.317, 0.84, -1.979)
14:43:53.458 编辑中：蓝方能量机关  PosModel=(-0.317, 0.861, -1.979)
14:43:53.497 编辑中：蓝方能量机关  PosModel=(-0.317, 0.886, -1.979)
14:43:53.525 编辑中：蓝方能量机关  PosModel=(-0.317, 0.904, -1.979)
14:43:53.558 编辑中：蓝方能量机关  PosModel=(-0.317, 0.925, -1.979)
14:43:53.599 编辑中：蓝方能量机关  PosModel=(-0.317, 0.952, -1.979)
14:43:53.625 编辑中：蓝方能量机关  PosModel=(-0.317, 0.968, -1.979)
14:43:53.658 编辑中：蓝方能量机关  PosModel=(-0.317, 0.989, -1.979)
14:43:53.698 编辑中：蓝方能量机关  PosModel=(-0.317, 1.015, -1.979)
14:43:53.726 编辑中：蓝方能量机关  PosModel=(-0.317, 1.033, -1.979)
14:43:53.759 编辑中：蓝方能量机关  PosModel=(-0.317, 1.054, -1.979)
14:43:53.799 编辑中：蓝方能量机关  PosModel=(-0.317, 1.079, -1.979)
14:43:53.825 编辑中：蓝方能量机关  PosModel=(-0.317, 1.096, -1.979)
14:43:53.858 编辑中：蓝方能量机关  PosModel=(-0.317, 1.117, -1.979)
14:43:53.901 编辑中：蓝方能量机关  PosModel=(-0.317, 1.145, -1.979)
14:43:53.925 编辑中：蓝方能量机关  PosModel=(-0.317, 1.16, -1.979)
14:43:53.959 编辑中：蓝方能量机关  PosModel=(-0.317, 1.182, -1.979)
14:43:53.999 编辑中：蓝方能量机关  PosModel=(-0.317, 1.207, -1.979)
14:43:54.027 编辑中：蓝方能量机关  PosModel=(-0.317, 1.225, -1.979)
14:43:54.059 编辑中：蓝方能量机关  PosModel=(-0.317, 1.246, -1.979)
14:43:54.097 编辑中：蓝方能量机关  PosModel=(-0.317, 1.27, -1.979)
14:43:54.126 编辑中：蓝方能量机关  PosModel=(-0.317, 1.288, -1.979)
14:43:54.159 编辑中：蓝方能量机关  PosModel=(-0.317, 1.31, -1.979)
14:43:54.196 编辑中：蓝方能量机关  PosModel=(-0.317, 1.334, -1.979)
14:43:54.225 编辑中：蓝方能量机关  PosModel=(-0.317, 1.352, -1.979)
14:43:54.259 编辑中：蓝方能量机关  PosModel=(-0.317, 1.374, -1.979)
14:43:54.297 编辑中：蓝方能量机关  PosModel=(-0.317, 1.398, -1.979)
14:43:54.325 编辑中：蓝方能量机关  PosModel=(-0.317, 1.416, -1.979)
14:43:54.359 编辑中：蓝方能量机关  PosModel=(-0.317, 1.438, -1.979)
14:43:54.396 编辑中：蓝方能量机关  PosModel=(-0.317, 1.461, -1.979)
14:43:54.426 编辑中：蓝方能量机关  PosModel=(-0.317, 1.48, -1.979)
14:43:54.462 编辑中：蓝方能量机关  PosModel=(-0.317, 1.503, -1.979)
14:43:54.498 编辑中：蓝方能量机关  PosModel=(-0.317, 1.527, -1.979)
14:43:54.526 编辑中：蓝方能量机关  PosModel=(-0.317, 1.545, -1.979)
14:43:54.559 编辑中：蓝方能量机关  PosModel=(-0.317, 1.565, -1.979)
14:43:54.596 编辑中：蓝方能量机关  PosModel=(-0.317, 1.59, -1.979)
14:43:54.625 编辑中：蓝方能量机关  PosModel=(-0.317, 1.608, -1.979)
14:43:54.659 编辑中：蓝方能量机关  PosModel=(-0.317, 1.63, -1.979)
14:43:54.702 编辑中：蓝方能量机关  PosModel=(-0.317, 1.657, -1.979)
14:43:54.727 编辑中：蓝方能量机关  PosModel=(-0.317, 1.673, -1.979)
14:43:54.759 编辑中：蓝方能量机关  PosModel=(-0.317, 1.694, -1.979)
14:43:54.797 编辑中：蓝方能量机关  PosModel=(-0.317, 1.718, -1.979)
14:43:54.826 编辑中：蓝方能量机关  PosModel=(-0.317, 1.736, -1.979)
14:43:54.859 编辑中：蓝方能量机关  PosModel=(-0.317, 1.758, -1.979)
14:43:54.901 编辑中：蓝方能量机关  PosModel=(-0.317, 1.784, -1.979)
14:43:54.926 编辑中：蓝方能量机关  PosModel=(-0.317, 1.801, -1.979)
14:43:54.959 编辑中：蓝方能量机关  PosModel=(-0.317, 1.821, -1.979)
14:43:54.997 编辑中：蓝方能量机关  PosModel=(-0.317, 1.846, -1.979)
14:43:55.026 编辑中：蓝方能量机关  PosModel=(-0.317, 1.864, -1.979)
14:43:55.060 编辑中：蓝方能量机关  PosModel=(-0.317, 1.887, -1.979)
14:43:55.102 编辑中：蓝方能量机关  PosModel=(-0.317, 1.913, -1.979)
14:43:55.125 编辑中：蓝方能量机关  PosModel=(-0.317, 1.928, -1.979)
14:43:55.159 编辑中：蓝方能量机关  PosModel=(-0.317, 1.95, -1.979)
14:43:55.198 编辑中：蓝方能量机关  PosModel=(-0.317, 1.975, -1.979)
14:43:55.229 编辑中：蓝方能量机关  PosModel=(-0.317, 1.994, -1.979)
14:43:55.259 编辑中：蓝方能量机关  PosModel=(-0.317, 2.014, -1.979)
14:43:55.299 编辑中：蓝方能量机关  PosModel=(-0.317, 2.039, -1.979)
14:43:55.326 编辑中：蓝方能量机关  PosModel=(-0.317, 2.056, -1.979)
14:43:55.359 编辑中：蓝方能量机关  PosModel=(-0.317, 2.078, -1.979)
14:43:55.400 编辑中：蓝方能量机关  PosModel=(-0.317, 2.104, -1.979)
14:43:55.425 编辑中：蓝方能量机关  PosModel=(-0.317, 2.12, -1.979)
14:43:55.459 编辑中：蓝方能量机关  PosModel=(-0.317, 2.142, -1.979)
14:43:55.499 编辑中：蓝方能量机关  PosModel=(-0.317, 2.167, -1.979)
14:43:55.526 编辑中：蓝方能量机关  PosModel=(-0.317, 2.184, -1.979)
14:43:55.560 编辑中：蓝方能量机关  PosModel=(-0.317, 2.206, -1.979)
14:43:55.601 编辑中：蓝方能量机关  PosModel=(-0.317, 2.232, -1.979)
14:43:58.897 编辑中：蓝方能量机关  PosModel=(-0.317, 2.257, -1.979)
14:43:58.925 编辑中：蓝方能量机关  PosModel=(-0.317, 2.275, -1.979)
14:43:58.958 编辑中：蓝方能量机关  PosModel=(-0.317, 2.296, -1.979)
14:43:58.995 编辑中：蓝方能量机关  PosModel=(-0.317, 2.32, -1.979)
14:43:59.025 编辑中：蓝方能量机关  PosModel=(-0.317, 2.339, -1.979)
14:43:59.058 编辑中：蓝方能量机关  PosModel=(-0.317, 2.36, -1.979)
14:43:59.596 编辑中：蓝方能量机关  PosModel=(-0.317, 2.384, -1.979)
14:43:59.625 编辑中：蓝方能量机关  PosModel=(-0.317, 2.403, -1.979)
14:43:59.658 编辑中：蓝方能量机关  PosModel=(-0.317, 2.424, -1.979)
14:43:59.696 编辑中：蓝方能量机关  PosModel=(-0.317, 2.448, -1.979)
14:44:00.028 编辑中：蓝方能量机关  PosModel=(-0.317, 2.469, -1.979)
14:44:00.058 编辑中：蓝方能量机关  PosModel=(-0.317, 2.488, -1.979)
14:44:00.096 编辑中：蓝方能量机关  PosModel=(-0.317, 2.512, -1.979)
14:44:00.397 编辑中：蓝方能量机关  PosModel=(-0.317, 2.537, -1.979)
14:44:00.425 编辑中：蓝方能量机关  PosModel=(-0.317, 2.555, -1.979)
14:44:00.458 编辑中：蓝方能量机关  PosModel=(-0.317, 2.576, -1.979)
14:44:00.827 编辑中：蓝方能量机关  PosModel=(-0.317, 2.596, -1.979)
14:44:00.858 编辑中：蓝方能量机关  PosModel=(-0.317, 2.616, -1.979)
14:44:00.897 编辑中：蓝方能量机关  PosModel=(-0.317, 2.641, -1.979)
14:44:00.924 编辑中：蓝方能量机关  PosModel=(-0.317, 2.659, -1.979)
14:44:01.260 编辑中：蓝方能量机关  PosModel=(-0.317, 2.682, -1.979)
14:44:01.300 编辑中：蓝方能量机关  PosModel=(-0.317, 2.707, -1.979)
14:44:01.324 编辑中：蓝方能量机关  PosModel=(-0.317, 2.723, -1.979)
14:54:08.800 收到 F9，正在切换局内组合体编辑。
14:54:10.538 当前组合体：红方能量机关（ID 1）
14:54:10.539 F9 编辑已开启，当前组合体：红方能量机关
14:54:15.165 编辑中：红方能量机关  PosModel=(0.332, 0.94, -1.329)
14:54:15.191 编辑中：红方能量机关  PosModel=(0.332, 0.924, -1.329)
14:54:15.224 编辑中：红方能量机关  PosModel=(0.332, 0.902, -1.329)
14:54:15.266 编辑中：红方能量机关  PosModel=(0.332, 0.875, -1.329)
14:54:15.291 编辑中：红方能量机关  PosModel=(0.332, 0.86, -1.329)
14:54:15.324 编辑中：红方能量机关  PosModel=(0.332, 0.838, -1.329)
14:54:15.364 编辑中：红方能量机关  PosModel=(0.332, 0.813, -1.329)
14:54:15.391 编辑中：红方能量机关  PosModel=(0.332, 0.796, -1.329)
14:54:15.424 编辑中：红方能量机关  PosModel=(0.332, 0.774, -1.329)
14:54:15.465 编辑中：红方能量机关  PosModel=(0.332, 0.748, -1.329)
14:54:15.491 编辑中：红方能量机关  PosModel=(0.332, 0.732, -1.329)
14:54:15.525 编辑中：红方能量机关  PosModel=(0.332, 0.71, -1.329)
14:54:15.566 编辑中：红方能量机关  PosModel=(0.332, 0.683, -1.329)
14:54:15.591 编辑中：红方能量机关  PosModel=(0.332, 0.668, -1.329)
14:54:15.624 编辑中：红方能量机关  PosModel=(0.332, 0.646, -1.329)
14:54:15.665 编辑中：红方能量机关  PosModel=(0.332, 0.62, -1.329)
14:54:15.691 编辑中：红方能量机关  PosModel=(0.332, 0.603, -1.329)
14:54:15.727 编辑中：红方能量机关  PosModel=(0.332, 0.581, -1.329)
14:54:16.092 编辑中：红方能量机关  PosModel=(0.332, 0.561, -1.329)
14:54:16.124 编辑中：红方能量机关  PosModel=(0.332, 0.54, -1.329)
14:54:16.164 编辑中：红方能量机关  PosModel=(0.332, 0.515, -1.329)
14:54:16.191 编辑中：红方能量机关  PosModel=(0.332, 0.497, -1.329)
14:54:16.224 编辑中：红方能量机关  PosModel=(0.332, 0.476, -1.329)
14:54:16.262 编辑中：红方能量机关  PosModel=(0.332, 0.452, -1.329)
14:54:16.291 编辑中：红方能量机关  PosModel=(0.332, 0.434, -1.329)
14:54:16.324 编辑中：红方能量机关  PosModel=(0.332, 0.412, -1.329)
14:54:16.365 编辑中：红方能量机关  PosModel=(0.332, 0.386, -1.329)
14:54:16.391 编辑中：红方能量机关  PosModel=(0.332, 0.37, -1.329)
14:54:16.425 编辑中：红方能量机关  PosModel=(0.332, 0.348, -1.329)
14:54:16.465 编辑中：红方能量机关  PosModel=(0.332, 0.322, -1.329)
14:54:16.491 编辑中：红方能量机关  PosModel=(0.332, 0.306, -1.329)
14:54:16.524 编辑中：红方能量机关  PosModel=(0.332, 0.284, -1.329)
14:54:16.563 编辑中：红方能量机关  PosModel=(0.332, 0.259, -1.329)
14:54:16.591 编辑中：红方能量机关  PosModel=(0.332, 0.241, -1.329)
14:54:16.627 编辑中：红方能量机关  PosModel=(0.332, 0.218, -1.329)
14:54:17.093 编辑中：红方能量机关  PosModel=(0.332, 0.239, -1.329)
14:54:17.124 编辑中：红方能量机关  PosModel=(0.332, 0.259, -1.329)
14:54:17.162 编辑中：红方能量机关  PosModel=(0.332, 0.283, -1.329)
14:54:17.191 编辑中：红方能量机关  PosModel=(0.332, 0.302, -1.329)
14:54:17.224 编辑中：红方能量机关  PosModel=(0.332, 0.323, -1.329)
14:54:17.263 编辑中：红方能量机关  PosModel=(0.332, 0.347, -1.329)
14:54:17.291 编辑中：红方能量机关  PosModel=(0.332, 0.366, -1.329)
14:54:17.324 编辑中：红方能量机关  PosModel=(0.332, 0.387, -1.329)
14:54:17.362 编辑中：红方能量机关  PosModel=(0.332, 0.411, -1.329)
14:54:17.391 编辑中：红方能量机关  PosModel=(0.332, 0.43, -1.329)
14:54:17.424 编辑中：红方能量机关  PosModel=(0.332, 0.451, -1.329)
14:54:17.461 编辑中：红方能量机关  PosModel=(0.332, 0.474, -1.329)
14:54:17.492 编辑中：红方能量机关  PosModel=(0.332, 0.494, -1.329)
14:54:17.524 编辑中：红方能量机关  PosModel=(0.332, 0.515, -1.329)
14:54:17.563 编辑中：红方能量机关  PosModel=(0.332, 0.54, -1.329)
14:54:17.593 编辑中：红方能量机关  PosModel=(0.332, 0.559, -1.329)
14:54:17.625 编辑中：红方能量机关  PosModel=(0.332, 0.58, -1.329)
14:54:17.665 编辑中：红方能量机关  PosModel=(0.332, 0.605, -1.329)
14:54:17.691 编辑中：红方能量机关  PosModel=(0.332, 0.622, -1.329)
14:54:17.726 编辑中：红方能量机关  PosModel=(0.332, 0.644, -1.329)
14:54:17.764 编辑中：红方能量机关  PosModel=(0.332, 0.668, -1.329)
14:54:17.792 编辑中：红方能量机关  PosModel=(0.332, 0.687, -1.329)
14:54:17.825 编辑中：红方能量机关  PosModel=(0.332, 0.707, -1.329)
14:54:17.865 编辑中：红方能量机关  PosModel=(0.332, 0.733, -1.329)
14:54:17.892 编辑中：红方能量机关  PosModel=(0.332, 0.75, -1.329)
14:54:17.925 编辑中：红方能量机关  PosModel=(0.332, 0.771, -1.329)
14:54:17.966 编辑中：红方能量机关  PosModel=(0.332, 0.797, -1.329)
14:54:17.992 编辑中：红方能量机关  PosModel=(0.332, 0.814, -1.329)
14:54:18.026 编辑中：红方能量机关  PosModel=(0.332, 0.836, -1.329)
14:54:18.066 编辑中：红方能量机关  PosModel=(0.332, 0.862, -1.329)
14:54:18.092 编辑中：红方能量机关  PosModel=(0.332, 0.878, -1.329)
14:54:18.126 编辑中：红方能量机关  PosModel=(0.332, 0.9, -1.329)
14:54:18.165 编辑中：红方能量机关  PosModel=(0.332, 0.925, -1.329)
14:54:18.192 编辑中：红方能量机关  PosModel=(0.332, 0.942, -1.329)
14:54:18.225 编辑中：红方能量机关  PosModel=(0.332, 0.964, -1.329)
14:54:18.264 编辑中：红方能量机关  PosModel=(0.332, 0.988, -1.329)
14:54:18.292 编辑中：红方能量机关  PosModel=(0.332, 1.006, -1.329)
14:54:18.325 编辑中：红方能量机关  PosModel=(0.332, 1.027, -1.329)
14:54:18.366 编辑中：红方能量机关  PosModel=(0.332, 1.053, -1.329)
14:54:18.392 编辑中：红方能量机关  PosModel=(0.332, 1.07, -1.329)
14:54:18.425 编辑中：红方能量机关  PosModel=(0.332, 1.091, -1.329)
14:54:18.466 编辑中：红方能量机关  PosModel=(0.332, 1.118, -1.329)
14:54:18.492 编辑中：红方能量机关  PosModel=(0.332, 1.134, -1.329)
14:54:18.526 编辑中：红方能量机关  PosModel=(0.332, 1.156, -1.329)
14:54:18.567 编辑中：红方能量机关  PosModel=(0.332, 1.182, -1.329)
14:54:18.593 编辑中：红方能量机关  PosModel=(0.332, 1.199, -1.329)
14:54:18.627 编辑中：红方能量机关  PosModel=(0.332, 1.22, -1.329)
14:54:18.669 编辑中：红方能量机关  PosModel=(0.332, 1.248, -1.329)
14:54:18.694 编辑中：红方能量机关  PosModel=(0.332, 1.263, -1.329)
14:54:18.726 编辑中：红方能量机关  PosModel=(0.332, 1.284, -1.329)
14:54:20.062 编辑中：红方能量机关  PosModel=(0.332, 1.31, -1.329)
14:54:20.089 编辑中：红方能量机关  PosModel=(0.332, 1.327, -1.329)
14:54:20.122 编辑中：红方能量机关  PosModel=(0.332, 1.348, -1.329)
14:54:20.164 编辑中：红方能量机关  PosModel=(0.332, 1.374, -1.329)
14:54:20.189 编辑中：红方能量机关  PosModel=(0.332, 1.391, -1.329)
14:54:20.223 编辑中：红方能量机关  PosModel=(0.332, 1.412, -1.329)
14:54:20.261 编辑中：红方能量机关  PosModel=(0.332, 1.437, -1.329)
14:54:20.289 编辑中：红方能量机关  PosModel=(0.332, 1.455, -1.329)
14:54:20.322 编辑中：红方能量机关  PosModel=(0.332, 1.476, -1.329)
14:54:20.362 编辑中：红方能量机关  PosModel=(0.332, 1.501, -1.329)
14:54:20.389 编辑中：红方能量机关  PosModel=(0.332, 1.519, -1.329)
14:54:20.423 编辑中：红方能量机关  PosModel=(0.332, 1.54, -1.329)
14:54:20.465 编辑中：红方能量机关  PosModel=(0.332, 1.568, -1.329)
14:54:20.489 编辑中：红方能量机关  PosModel=(0.332, 1.583, -1.329)
14:54:20.522 编辑中：红方能量机关  PosModel=(0.332, 1.604, -1.329)
14:54:20.566 编辑中：红方能量机关  PosModel=(0.332, 1.632, -1.329)
14:54:20.596 编辑中：红方能量机关  PosModel=(0.332, 1.651, -1.329)
14:54:20.623 编辑中：红方能量机关  PosModel=(0.332, 1.668, -1.329)
14:54:20.663 编辑中：红方能量机关  PosModel=(0.332, 1.694, -1.329)
14:54:20.690 编辑中：红方能量机关  PosModel=(0.332, 1.711, -1.329)
14:54:20.724 编辑中：红方能量机关  PosModel=(0.332, 1.733, -1.329)
14:54:20.763 编辑中：红方能量机关  PosModel=(0.332, 1.758, -1.329)
14:54:20.790 编辑中：红方能量机关  PosModel=(0.332, 1.776, -1.329)
14:54:20.824 编辑中：红方能量机关  PosModel=(0.332, 1.797, -1.329)
14:54:20.865 编辑中：红方能量机关  PosModel=(0.332, 1.824, -1.329)
14:54:20.890 编辑中：红方能量机关  PosModel=(0.332, 1.839, -1.329)
14:54:20.926 编辑中：红方能量机关  PosModel=(0.332, 1.862, -1.329)
14:54:20.965 编辑中：红方能量机关  PosModel=(0.332, 1.887, -1.329)
14:54:20.990 编辑中：红方能量机关  PosModel=(0.332, 1.903, -1.329)
14:54:21.025 编辑中：红方能量机关  PosModel=(0.332, 1.926, -1.329)
14:54:21.067 编辑中：红方能量机关  PosModel=(0.332, 1.953, -1.329)
14:54:21.090 编辑中：红方能量机关  PosModel=(0.332, 1.967, -1.329)
14:54:21.124 编辑中：红方能量机关  PosModel=(0.332, 1.989, -1.329)
14:54:21.165 编辑中：红方能量机关  PosModel=(0.332, 2.015, -1.329)
14:54:21.191 编辑中：红方能量机关  PosModel=(0.332, 2.032, -1.329)
14:54:21.223 编辑中：红方能量机关  PosModel=(0.332, 2.052, -1.329)
14:54:21.260 编辑中：红方能量机关  PosModel=(0.332, 2.076, -1.329)
14:54:21.291 编辑中：红方能量机关  PosModel=(0.332, 2.096, -1.329)
14:54:21.324 编辑中：红方能量机关  PosModel=(0.332, 2.117, -1.329)
14:54:21.364 编辑中：红方能量机关  PosModel=(0.332, 2.143, -1.329)
14:54:21.389 编辑中：红方能量机关  PosModel=(0.332, 2.159, -1.329)
14:54:21.425 编辑中：红方能量机关  PosModel=(0.332, 2.182, -1.329)
14:54:21.467 编辑中：红方能量机关  PosModel=(0.332, 2.209, -1.329)
14:54:21.490 编辑中：红方能量机关  PosModel=(0.332, 2.223, -1.329)
14:54:21.524 编辑中：红方能量机关  PosModel=(0.332, 2.245, -1.329)
14:54:21.563 编辑中：红方能量机关  PosModel=(0.332, 2.27, -1.329)
14:54:21.591 编辑中：红方能量机关  PosModel=(0.332, 2.288, -1.329)
14:54:21.624 编辑中：红方能量机关  PosModel=(0.332, 2.309, -1.329)
14:54:21.664 编辑中：红方能量机关  PosModel=(0.332, 2.335, -1.329)
14:54:21.691 编辑中：红方能量机关  PosModel=(0.332, 2.352, -1.329)
14:54:21.723 编辑中：红方能量机关  PosModel=(0.332, 2.372, -1.329)
14:54:21.764 编辑中：红方能量机关  PosModel=(0.332, 2.399, -1.329)
14:54:21.791 编辑中：红方能量机关  PosModel=(0.332, 2.416, -1.329)
14:54:21.824 编辑中：红方能量机关  PosModel=(0.332, 2.437, -1.329)
14:54:21.864 编辑中：红方能量机关  PosModel=(0.332, 2.462, -1.329)
14:54:21.889 编辑中：红方能量机关  PosModel=(0.332, 2.479, -1.329)
14:54:21.925 编辑中：红方能量机关  PosModel=(0.332, 2.502, -1.329)
14:54:21.965 编辑中：红方能量机关  PosModel=(0.332, 2.527, -1.329)
14:54:21.990 编辑中：红方能量机关  PosModel=(0.332, 2.543, -1.329)
14:54:22.024 编辑中：红方能量机关  PosModel=(0.332, 2.565, -1.329)
14:54:22.064 编辑中：红方能量机关  PosModel=(0.332, 2.591, -1.329)
14:54:22.089 编辑中：红方能量机关  PosModel=(0.332, 2.607, -1.329)
14:54:22.126 编辑中：红方能量机关  PosModel=(0.332, 2.63, -1.329)
14:54:22.165 编辑中：红方能量机关  PosModel=(0.332, 2.655, -1.329)
14:54:22.190 编辑中：红方能量机关  PosModel=(0.332, 2.671, -1.329)
14:54:22.223 编辑中：红方能量机关  PosModel=(0.332, 2.693, -1.329)
14:54:22.266 编辑中：红方能量机关  PosModel=(0.332, 2.72, -1.329)
14:54:22.290 编辑中：红方能量机关  PosModel=(0.332, 2.736, -1.329)
14:54:22.323 编辑中：红方能量机关  PosModel=(0.332, 2.757, -1.329)
14:54:22.364 编辑中：红方能量机关  PosModel=(0.332, 2.782, -1.329)
14:54:22.390 编辑中：红方能量机关  PosModel=(0.332, 2.799, -1.329)
14:54:22.424 编辑中：红方能量机关  PosModel=(0.332, 2.821, -1.329)
14:54:22.465 编辑中：红方能量机关  PosModel=(0.332, 2.847, -1.329)
14:54:22.490 编辑中：红方能量机关  PosModel=(0.332, 2.863, -1.329)
14:54:22.523 编辑中：红方能量机关  PosModel=(0.332, 2.885, -1.329)
14:54:22.565 编辑中：红方能量机关  PosModel=(0.332, 2.911, -1.329)
14:54:22.591 编辑中：红方能量机关  PosModel=(0.332, 2.928, -1.329)
14:54:22.624 编辑中：红方能量机关  PosModel=(0.332, 2.949, -1.329)
14:54:22.670 编辑中：红方能量机关  PosModel=(0.332, 2.978, -1.329)
14:54:22.692 编辑中：红方能量机关  PosModel=(0.332, 2.992, -1.329)
14:54:22.723 编辑中：红方能量机关  PosModel=(0.332, 3.012, -1.329)
14:54:22.764 编辑中：红方能量机关  PosModel=(0.332, 3.039, -1.329)
14:54:22.790 编辑中：红方能量机关  PosModel=(0.332, 3.055, -1.329)
14:54:22.824 编辑中：红方能量机关  PosModel=(0.332, 3.077, -1.329)
14:54:22.864 编辑中：红方能量机关  PosModel=(0.332, 3.102, -1.329)
14:54:23.124 编辑中：红方能量机关  PosModel=(0.332, 3.124, -1.329)
14:54:23.162 编辑中：红方能量机关  PosModel=(0.332, 3.149, -1.329)
14:54:23.189 编辑中：红方能量机关  PosModel=(0.332, 3.166, -1.329)
14:54:23.222 编辑中：红方能量机关  PosModel=(0.332, 3.188, -1.329)
14:54:23.261 编辑中：红方能量机关  PosModel=(0.332, 3.213, -1.329)
14:54:23.289 编辑中：红方能量机关  PosModel=(0.332, 3.23, -1.329)
14:54:23.322 编辑中：红方能量机关  PosModel=(0.332, 3.252, -1.329)
14:54:23.362 编辑中：红方能量机关  PosModel=(0.332, 3.277, -1.329)
14:54:23.389 编辑中：红方能量机关  PosModel=(0.332, 3.294, -1.329)
14:54:23.423 编辑中：红方能量机关  PosModel=(0.332, 3.316, -1.329)
14:54:23.461 编辑中：红方能量机关  PosModel=(0.332, 3.34, -1.329)
14:54:23.489 编辑中：红方能量机关  PosModel=(0.332, 3.358, -1.329)
14:54:23.522 编辑中：红方能量机关  PosModel=(0.332, 3.379, -1.329)
14:54:23.564 编辑中：红方能量机关  PosModel=(0.332, 3.406, -1.329)
14:54:23.589 编辑中：红方能量机关  PosModel=(0.332, 3.422, -1.329)
14:54:23.622 编辑中：红方能量机关  PosModel=(0.332, 3.444, -1.329)
14:54:23.663 编辑中：红方能量机关  PosModel=(0.332, 3.47, -1.329)
14:54:23.690 编辑中：红方能量机关  PosModel=(0.332, 3.487, -1.329)
14:54:23.723 编辑中：红方能量机关  PosModel=(0.332, 3.508, -1.329)
14:54:23.764 编辑中：红方能量机关  PosModel=(0.332, 3.534, -1.329)
14:54:23.790 编辑中：红方能量机关  PosModel=(0.332, 3.551, -1.329)
14:54:23.824 编辑中：红方能量机关  PosModel=(0.332, 3.572, -1.329)
14:54:23.868 编辑中：红方能量机关  PosModel=(0.332, 3.6, -1.329)
14:54:23.889 编辑中：红方能量机关  PosModel=(0.332, 3.614, -1.329)
14:54:23.923 编辑中：红方能量机关  PosModel=(0.332, 3.636, -1.329)
14:54:23.964 编辑中：红方能量机关  PosModel=(0.332, 3.662, -1.329)
14:54:23.990 编辑中：红方能量机关  PosModel=(0.332, 3.679, -1.329)
14:54:24.024 编辑中：红方能量机关  PosModel=(0.332, 3.7, -1.329)
14:54:24.066 编辑中：红方能量机关  PosModel=(0.332, 3.727, -1.329)
14:54:24.091 编辑中：红方能量机关  PosModel=(0.332, 3.743, -1.329)
14:54:24.124 编辑中：红方能量机关  PosModel=(0.332, 3.764, -1.329)
14:54:24.164 编辑中：红方能量机关  PosModel=(0.332, 3.79, -1.329)
14:54:24.190 编辑中：红方能量机关  PosModel=(0.332, 3.807, -1.329)
14:54:24.223 编辑中：红方能量机关  PosModel=(0.332, 3.828, -1.329)
14:54:24.268 编辑中：红方能量机关  PosModel=(0.332, 3.857, -1.329)
14:54:24.293 编辑中：红方能量机关  PosModel=(0.332, 3.872, -1.329)
14:54:24.324 编辑中：红方能量机关  PosModel=(0.332, 3.892, -1.329)
14:54:24.363 编辑中：红方能量机关  PosModel=(0.332, 3.917, -1.329)
14:54:24.390 编辑中：红方能量机关  PosModel=(0.332, 3.935, -1.329)
14:54:24.424 编辑中：红方能量机关  PosModel=(0.332, 3.956, -1.329)
14:54:24.462 编辑中：红方能量机关  PosModel=(0.332, 3.98, -1.329)
14:54:24.491 编辑中：红方能量机关  PosModel=(0.332, 3.999, -1.329)
14:54:24.525 编辑中：红方能量机关  PosModel=(0.332, 4.021, -1.329)
14:54:24.565 编辑中：红方能量机关  PosModel=(0.332, 4.047, -1.329)
14:54:24.590 编辑中：红方能量机关  PosModel=(0.332, 4.063, -1.329)
14:54:24.624 编辑中：红方能量机关  PosModel=(0.332, 4.084, -1.329)
14:54:24.671 编辑中：红方能量机关  PosModel=(0.332, 4.114, -1.329)
14:54:24.693 编辑中：红方能量机关  PosModel=(0.332, 4.128, -1.329)
14:54:24.723 编辑中：红方能量机关  PosModel=(0.332, 4.148, -1.329)
14:54:24.764 编辑中：红方能量机关  PosModel=(0.332, 4.174, -1.329)
14:54:24.790 编辑中：红方能量机关  PosModel=(0.332, 4.191, -1.329)
14:54:24.824 编辑中：红方能量机关  PosModel=(0.332, 4.212, -1.329)
14:54:24.866 编辑中：红方能量机关  PosModel=(0.332, 4.239, -1.329)
14:54:24.890 编辑中：红方能量机关  PosModel=(0.332, 4.255, -1.329)
14:54:24.923 编辑中：红方能量机关  PosModel=(0.332, 4.276, -1.329)
14:54:24.964 编辑中：红方能量机关  PosModel=(0.332, 4.302, -1.329)
14:54:24.990 编辑中：红方能量机关  PosModel=(0.332, 4.319, -1.329)
14:54:25.024 编辑中：红方能量机关  PosModel=(0.332, 4.34, -1.329)
14:54:25.067 编辑中：红方能量机关  PosModel=(0.332, 4.368, -1.329)
14:54:25.092 编辑中：红方能量机关  PosModel=(0.332, 4.384, -1.329)
14:54:25.124 编辑中：红方能量机关  PosModel=(0.332, 4.404, -1.329)
14:54:25.164 编辑中：红方能量机关  PosModel=(0.332, 4.43, -1.329)
14:54:25.191 编辑中：红方能量机关  PosModel=(0.332, 4.447, -1.329)
14:54:25.223 编辑中：红方能量机关  PosModel=(0.332, 4.468, -1.329)
14:54:25.263 编辑中：红方能量机关  PosModel=(0.332, 4.493, -1.329)
14:54:25.291 编辑中：红方能量机关  PosModel=(0.332, 4.511, -1.329)
14:54:25.324 编辑中：红方能量机关  PosModel=(0.332, 4.532, -1.329)
14:54:25.370 编辑中：红方能量机关  PosModel=(0.332, 4.561, -1.329)
14:54:25.392 编辑中：红方能量机关  PosModel=(0.332, 4.576, -1.329)
14:54:25.424 编辑中：红方能量机关  PosModel=(0.332, 4.596, -1.329)
14:54:25.465 编辑中：红方能量机关  PosModel=(0.332, 4.623, -1.329)
14:54:25.490 编辑中：红方能量机关  PosModel=(0.332, 4.639, -1.329)
14:54:25.525 编辑中：红方能量机关  PosModel=(0.332, 4.661, -1.329)
14:54:25.565 编辑中：红方能量机关  PosModel=(0.332, 4.687, -1.329)
14:54:25.590 编辑中：红方能量机关  PosModel=(0.332, 4.703, -1.329)
14:54:25.625 编辑中：红方能量机关  PosModel=(0.332, 4.725, -1.329)
14:54:25.665 编辑中：红方能量机关  PosModel=(0.332, 4.751, -1.329)
14:54:25.692 编辑中：红方能量机关  PosModel=(0.332, 4.768, -1.329)
14:54:25.724 编辑中：红方能量机关  PosModel=(0.332, 4.788, -1.329)
14:54:25.764 编辑中：红方能量机关  PosModel=(0.332, 4.814, -1.329)
14:54:25.790 编辑中：红方能量机关  PosModel=(0.332, 4.831, -1.329)
14:54:25.824 编辑中：红方能量机关  PosModel=(0.332, 4.852, -1.329)
14:54:25.873 编辑中：红方能量机关  PosModel=(0.332, 4.883, -1.329)
14:54:25.894 编辑中：红方能量机关  PosModel=(0.332, 4.897, -1.329)
14:54:25.923 编辑中：红方能量机关  PosModel=(0.332, 4.916, -1.329)
