22:13:10.982 phase=Loading paused=True loading_started
22:13:10.986 phase=Loading paused=True loading_progress terrain_ready=True view_ready=False progress=1.000
22:13:11.120 phase=Loading paused=True view_ready
22:13:11.128 phase=Countdown paused=True countdown_started
22:13:14.130 phase=Live paused=False match_live
22:14:34.122 phase=Loading paused=True loading_started
22:14:34.125 phase=Loading paused=True loading_progress terrain_ready=True view_ready=False progress=1.000
22:14:34.155 phase=Loading paused=True view_ready
22:14:34.164 phase=Countdown paused=True countdown_started
22:14:37.166 phase=Live paused=False match_live
22:24:55.600 phase=Loading paused=True loading_started
22:24:55.604 phase=Loading paused=True loading_progress terrain_ready=False view_ready=False progress=0.180
22:24:55.710 phase=Loading paused=True view_ready
22:24:56.496 phase=Countdown paused=True countdown_started
22:24:59.511 phase=Live paused=False match_live
22:36:41.410 phase=Loading paused=True loading_started
22:36:41.421 phase=Loading paused=True loading_progress terrain_ready=False view_ready=False progress=0.000
22:36:41.510 phase=Loading paused=True view_ready
22:36:41.819 phase=Countdown paused=True countdown_started
22:36:44.826 phase=Live paused=False match_live
22:47:09.342 phase=Loading paused=True loading_started
22:47:09.351 phase=Loading paused=True loading_progress terrain_ready=False view_ready=False progress=0.000
22:47:09.449 phase=Loading paused=True view_ready
22:47:09.828 phase=Countdown paused=True countdown_started
22:47:12.835 phase=Live paused=False match_live
22:47:26.989 phase=Loading paused=True loading_started
22:47:26.990 phase=Loading paused=True loading_progress terrain_ready=True view_ready=False progress=1.000
22:47:27.010 phase=Loading paused=True view_ready
22:47:27.020 phase=Countdown paused=True countdown_started
22:47:30.024 phase=Live paused=False match_live
22:47:50.729 phase=Live paused=False match_restarted_live
22:48:16.391 phase=Live paused=False match_restarted_live
23:06:44.350 phase=Loading paused=True loading_started
23:06:44.354 phase=Loading paused=True loading_progress terrain_ready=False view_ready=False progress=0.180
23:06:44.498 phase=Loading paused=True view_ready
23:06:45.357 phase=Loading paused=True loading_progress terrain_ready=False view_ready=True progress=0.180
23:06:46.006 phase=Countdown paused=True countdown_started
23:06:49.008 phase=Live paused=False match_live
23:08:18.236 phase=Loading paused=True loading_started
23:08:18.240 phase=Loading paused=True loading_progress terrain_ready=True view_ready=False progress=1.000
23:08:18.392 phase=Loading paused=True view_ready
23:08:18.401 phase=Countdown paused=True countdown_started
23:08:21.407 phase=Live paused=False match_live
23:43:12.186 phase=Loading paused=True loading_started
23:43:12.190 phase=Loading paused=True loading_progress terrain_ready=False view_ready=False progress=0.180
23:43:15.216 phase=Loading paused=True view_ready
23:43:15.264 phase=Loading paused=True loading_progress terrain_ready=False view_ready=True progress=0.001
23:43:15.648 phase=Countdown paused=True countdown_started
23:43:18.664 phase=Live paused=False match_live
23:57:30.391 phase=Loading paused=True loading_started
23:57:30.396 phase=Loading paused=True loading_progress terrain_ready=True view_ready=False progress=1.000
23:57:33.645 phase=Loading paused=True view_ready
23:57:33.691 phase=Loading paused=True loading_progress terrain_ready=True view_ready=True progress=1.000
23:57:33.692 phase=Countdown paused=True countdown_started
23:57:36.706 phase=Live paused=False match_live
00:25:24.731 phase=Loading paused=True loading_started
00:25:24.737 phase=Loading paused=True loading_progress terrain_ready=False view_ready=False progress=0.180
00:25:27.742 phase=Loading paused=True view_ready
00:25:27.798 phase=Loading paused=True loading_progress terrain_ready=False view_ready=True progress=0.001
00:25:28.167 phase=Countdown paused=True countdown_started
00:25:31.170 phase=Live paused=False match_live
00:28:12.407 phase=Loading paused=True loading_started
00:28:12.410 phase=Loading paused=True loading_progress terrain_ready=True view_ready=False progress=1.000
00:28:12.493 phase=Loading paused=True view_ready
00:28:12.502 phase=Countdown paused=True countdown_started
00:28:15.508 phase=Live paused=False match_live
00:30:50.496 phase=Loading paused=True loading_started
00:30:50.501 phase=Loading paused=True loading_progress terrain_ready=False view_ready=False progress=0.180
00:30:54.720 phase=Loading paused=True view_ready
00:30:55.128 phase=Loading paused=True loading_progress terrain_ready=False view_ready=True progress=0.001
00:30:56.578 phase=Loading paused=True loading_progress terrain_ready=False view_ready=True progress=0.920
00:30:57.507 phase=Countdown paused=True countdown_started
00:31:00.608 phase=Live paused=False match_live
00:35:49.890 phase=Loading paused=True loading_started
00:35:49.898 phase=Loading paused=True loading_progress terrain_ready=False view_ready=False progress=0.000
00:35:53.692 phase=Loading paused=True view_ready
00:35:54.088 phase=Loading paused=True loading_progress terrain_ready=False view_ready=True progress=0.189
00:35:55.332 phase=Loading paused=True loading_progress terrain_ready=False view_ready=True progress=0.997
00:35:55.697 phase=Countdown paused=True countdown_started
00:35:58.992 phase=Live paused=False match_live
00:43:37.740 phase=Loading paused=True loading_started
00:43:37.745 phase=Loading paused=True loading_progress terrain_ready=False view_ready=False progress=0.180
00:43:43.407 phase=Loading paused=True view_ready
00:43:43.436 phase=Loading paused=True loading_progress terrain_ready=False view_ready=True progress=0.001
00:43:43.676 phase=Countdown paused=True countdown_started
00:43:46.683 phase=Live paused=False match_live
00:57:09.940 phase=Loading paused=True loading_started
00:57:09.948 phase=Loading paused=True loading_progress terrain_ready=False view_ready=False progress=0.000
00:57:15.743 phase=Loading paused=True view_ready
00:57:15.805 phase=Loading paused=True loading_progress terrain_ready=False view_ready=True progress=0.189
00:57:16.021 phase=Countdown paused=True countdown_started
00:57:19.031 phase=Live paused=False match_live
01:02:02.603 phase=Loading paused=True loading_started
01:02:02.608 phase=Loading paused=True loading_progress terrain_ready=False view_ready=False progress=0.180
01:02:08.471 phase=Loading paused=True view_ready
01:02:08.494 phase=Loading paused=True loading_progress terrain_ready=False view_ready=True progress=0.001
01:02:08.801 phase=Countdown paused=True countdown_started
01:02:11.827 phase=Live paused=False match_live
01:06:45.339 phase=Loading paused=True loading_started
01:06:45.348 phase=Loading paused=True loading_progress terrain_ready=False view_ready=False progress=0.000
01:06:52.497 phase=Loading paused=True view_ready
01:06:52.619 phase=Loading paused=True loading_progress terrain_ready=False view_ready=True progress=0.226
01:06:52.917 phase=Countdown paused=True countdown_started
01:06:55.919 phase=Live paused=False match_live
01:14:31.731 phase=Loading paused=True loading_started
01:14:31.738 phase=Loading paused=True loading_progress terrain_ready=True view_ready=False progress=1.000
01:14:38.779 phase=Loading paused=True view_ready
01:14:39.166 phase=Loading paused=True loading_progress terrain_ready=True view_ready=True progress=1.000
01:14:39.167 phase=Countdown paused=True countdown_started
01:14:42.230 phase=Live paused=False match_live
01:24:35.359 phase=Loading paused=True loading_started
01:24:39.885 phase=Loading paused=True loading_started
01:24:39.892 phase=Loading paused=True loading_progress terrain_ready=False view_ready=False progress=0.000
01:24:46.466 phase=Loading paused=True view_ready
01:24:46.530 phase=Loading paused=True loading_progress terrain_ready=False view_ready=True progress=0.189
01:24:46.789 phase=Countdown paused=True countdown_started
01:24:49.812 phase=Live paused=False match_live
01:47:08.071 phase=Loading paused=True loading_started
01:47:08.076 phase=Loading paused=True loading_progress terrain_ready=True view_ready=False progress=1.000
01:47:14.493 phase=Loading paused=True view_ready
01:47:14.514 phase=Loading paused=True loading_progress terrain_ready=True view_ready=True progress=1.000
01:47:14.514 phase=Countdown paused=True countdown_started
01:47:17.515 phase=Live paused=False match_live
01:51:55.800 phase=Loading paused=True loading_started
01:51:55.804 phase=Loading paused=True loading_progress terrain_ready=True view_ready=False progress=1.000
01:52:02.044 phase=Loading paused=True view_ready
01:52:02.058 phase=Loading paused=True loading_progress terrain_ready=True view_ready=True progress=1.000
01:52:02.058 phase=Countdown paused=True countdown_started
01:52:05.071 phase=Live paused=False match_live
01:53:58.782 phase=Loading paused=True loading_started
02:03:03.753 phase=Loading paused=True loading_started
02:06:46.529 phase=Loading paused=True loading_started
02:07:22.624 phase=Loading paused=True loading_started
02:07:29.708 phase=Loading paused=True view_ready
02:07:29.726 phase=Loading paused=True loading_progress terrain_ready=False view_ready=True progress=0.180
02:07:30.730 phase=Loading paused=True loading_progress terrain_ready=False view_ready=True progress=0.180
02:07:31.871 phase=Loading paused=True loading_progress terrain_ready=False view_ready=True progress=0.876
02:07:31.945 phase=Countdown paused=True countdown_started
02:07:34.949 phase=Live paused=False match_live
02:10:24.543 phase=Loading paused=True loading_started
02:10:24.546 phase=Loading paused=True loading_progress terrain_ready=True view_ready=False progress=1.000
02:10:25.012 phase=Loading paused=True view_ready
02:10:25.148 phase=Countdown paused=True countdown_started
02:10:28.166 phase=Live paused=False match_live
02:20:44.644 phase=Loading paused=True loading_started
02:20:44.652 phase=Loading paused=True loading_progress terrain_ready=True view_ready=False progress=1.000
02:45:43.619 phase=Loading paused=True loading_started
02:45:43.624 phase=Loading paused=True loading_progress terrain_ready=False view_ready=False progress=0.180
02:45:50.168 phase=Loading paused=True view_ready
02:45:50.203 phase=Loading paused=True loading_progress terrain_ready=False view_ready=True progress=0.136
02:45:50.582 phase=Countdown paused=True countdown_started
02:45:53.590 phase=Live paused=False match_live
03:17:31.566 phase=Loading paused=True loading_started
03:17:31.569 phase=Loading paused=True loading_progress terrain_ready=True view_ready=False progress=1.000
03:17:32.068 phase=Loading paused=True view_ready
03:17:32.177 phase=Countdown paused=True countdown_started
03:17:35.185 phase=Live paused=False match_live
03:17:46.350 phase=Loading paused=True loading_started
03:17:46.352 phase=Loading paused=True loading_progress terrain_ready=True view_ready=False progress=1.000
03:17:46.377 phase=Loading paused=True view_ready
03:17:46.389 phase=Countdown paused=True countdown_started
03:17:49.392 phase=Live paused=False match_live
03:19:18.085 phase=Loading paused=True loading_started
03:19:18.091 phase=Loading paused=True loading_progress terrain_ready=True view_ready=False progress=1.000
03:19:18.121 phase=Loading paused=True view_ready
03:19:18.135 phase=Countdown paused=True countdown_started
03:19:21.139 phase=Live paused=False match_live
03:19:33.189 phase=Loading paused=True loading_started
03:19:33.195 phase=Loading paused=True loading_progress terrain_ready=True view_ready=False progress=1.000
03:19:33.222 phase=Loading paused=True view_ready
03:19:33.236 phase=Countdown paused=True countdown_started
03:19:36.242 phase=Live paused=False match_live
03:23:04.041 phase=Loading paused=True loading_started
03:23:04.191 phase=Loading paused=True view_ready
03:23:04.200 phase=Loading paused=True loading_progress terrain_ready=True view_ready=True progress=1.000
03:23:04.201 phase=Countdown paused=True countdown_started
03:23:07.202 phase=Live paused=False match_live
03:52:17.269 phase=Loading paused=True loading_started
03:52:17.271 phase=Loading paused=True loading_progress terrain_ready=True view_ready=False progress=1.000
03:52:17.358 phase=Loading paused=True view_ready
03:52:17.466 phase=Countdown paused=True countdown_started
03:52:20.469 phase=Live paused=False match_live
04:12:51.528 phase=Loading paused=True loading_started
04:12:51.531 phase=Loading paused=True loading_progress terrain_ready=True view_ready=False progress=1.000
04:12:52.053 phase=Loading paused=True view_ready
04:12:52.160 phase=Countdown paused=True countdown_started
04:12:55.165 phase=Live paused=False match_live
04:19:45.683 phase=Loading paused=True loading_started
04:19:45.688 phase=Loading paused=True loading_progress terrain_ready=True view_ready=False progress=1.000
04:19:52.074 phase=Loading paused=True view_ready
04:19:52.088 phase=Loading paused=True loading_progress terrain_ready=True view_ready=True progress=1.000
04:19:52.088 phase=Countdown paused=True countdown_started
04:19:55.090 phase=Live paused=False match_live
04:51:52.648 phase=Loading paused=True loading_started
04:51:52.658 phase=Loading paused=True loading_progress terrain_ready=True view_ready=False progress=1.000
04:51:55.885 phase=Loading paused=True view_ready
04:51:55.900 phase=Loading paused=True loading_progress terrain_ready=True view_ready=True progress=1.000
04:51:55.900 phase=Countdown paused=True countdown_started
04:51:58.911 phase=Live paused=False match_live
05:13:10.438 phase=Loading paused=True loading_started
05:13:10.448 phase=Loading paused=True loading_progress terrain_ready=True view_ready=False progress=1.000
05:13:17.501 phase=Loading paused=True view_ready
05:13:17.652 phase=Loading paused=True loading_progress terrain_ready=True view_ready=True progress=1.000
05:13:17.652 phase=Countdown paused=True countdown_started
05:13:20.692 phase=Live paused=False match_live
05:26:46.638 phase=Loading paused=True loading_started
05:26:46.642 phase=Loading paused=True loading_progress terrain_ready=True view_ready=False progress=1.000
05:26:47.158 phase=Loading paused=True view_ready
05:26:47.381 phase=Countdown paused=True countdown_started
05:26:50.400 phase=Live paused=False match_live
05:32:44.617 phase=Loading paused=True loading_started
05:32:44.622 phase=Loading paused=True loading_progress terrain_ready=False view_ready=False progress=0.180
05:32:45.183 phase=Loading paused=True view_ready
05:32:45.656 phase=Loading paused=True loading_progress terrain_ready=False view_ready=True progress=0.180
05:32:46.784 phase=Loading paused=True loading_progress terrain_ready=False view_ready=True progress=0.776
05:32:47.377 phase=Countdown paused=True countdown_started
05:32:50.525 phase=Live paused=False match_live
05:47:15.168 phase=Loading paused=True loading_started
05:47:15.173 phase=Loading paused=True loading_progress terrain_ready=False view_ready=False progress=0.303
05:47:16.069 phase=Loading paused=True view_ready
05:47:16.287 phase=Loading paused=True loading_progress terrain_ready=False view_ready=True progress=0.303
05:47:17.296 phase=Loading paused=True loading_progress terrain_ready=False view_ready=True progress=0.263
05:47:18.303 phase=Loading paused=True loading_progress terrain_ready=False view_ready=True progress=1.000
05:47:18.500 phase=Countdown paused=True countdown_started
05:47:21.662 phase=Live paused=False match_live
11:50:37.658 phase=Loading paused=True loading_started
11:50:37.662 phase=Loading paused=True loading_progress terrain_ready=True view_ready=False progress=1.000
11:50:39.510 phase=Loading paused=True view_ready
11:50:39.514 phase=Loading paused=True loading_progress terrain_ready=True view_ready=True progress=1.000
11:50:39.514 phase=Countdown paused=True countdown_started
11:50:42.962 phase=Live paused=False match_live
12:05:33.467 phase=Loading paused=True loading_started
12:05:33.686 phase=Loading paused=True loading_progress terrain_ready=False view_ready=False progress=0.206
12:05:33.912 phase=Loading paused=True view_ready
12:06:12.092 phase=Loading paused=True loading_started
12:06:12.368 phase=Loading paused=True loading_progress terrain_ready=False view_ready=False progress=0.206
12:06:12.669 phase=Loading paused=True view_ready
12:06:13.385 phase=Loading paused=True loading_progress terrain_ready=False view_ready=True progress=0.206
12:06:14.386 phase=Loading paused=True loading_progress terrain_ready=False view_ready=True progress=0.206
12:06:15.389 phase=Loading paused=True loading_progress terrain_ready=False view_ready=True progress=0.206
12:06:16.719 phase=Loading paused=True loading_progress terrain_ready=False view_ready=True progress=0.303
12:06:17.793 phase=Loading paused=True loading_progress terrain_ready=False view_ready=True progress=0.303
12:06:18.836 phase=Loading paused=True loading_progress terrain_ready=False view_ready=True progress=0.303
12:06:19.889 phase=Loading paused=True loading_progress terrain_ready=False view_ready=True progress=0.303
12:12:41.490 phase=Loading paused=True loading_started
12:12:41.493 phase=Loading paused=True loading_progress terrain_ready=False view_ready=False progress=0.303
12:12:42.286 phase=Loading paused=True view_ready
12:12:42.600 phase=Loading paused=True loading_progress terrain_ready=False view_ready=True progress=0.780
12:12:43.181 phase=Countdown paused=True countdown_started
12:12:46.249 phase=Live paused=False match_live
12:18:58.869 phase=Loading paused=True loading_started
12:18:59.143 phase=Loading paused=True loading_progress terrain_ready=False view_ready=False progress=0.206
12:18:59.519 phase=Loading paused=True view_ready
12:19:00.143 phase=Loading paused=True loading_progress terrain_ready=False view_ready=True progress=0.206
12:19:01.153 phase=Loading paused=True loading_progress terrain_ready=False view_ready=True progress=0.206
12:19:02.157 phase=Loading paused=True loading_progress terrain_ready=False view_ready=True progress=0.206
12:19:03.252 phase=Loading paused=True loading_progress terrain_ready=False view_ready=True progress=0.206
12:19:04.718 phase=Loading paused=True loading_progress terrain_ready=False view_ready=True progress=0.303
12:19:05.798 phase=Loading paused=True loading_progress terrain_ready=False view_ready=True progress=0.303
12:19:06.809 phase=Loading paused=True loading_progress terrain_ready=False view_ready=True progress=0.303
12:19:07.960 phase=Loading paused=True loading_progress terrain_ready=False view_ready=True progress=0.303
12:19:09.117 phase=Loading paused=True loading_progress terrain_ready=False view_ready=True progress=0.780
12:19:09.755 phase=Countdown paused=True countdown_started
12:19:12.901 phase=Live paused=False match_live
12:20:59.872 phase=Loading paused=True loading_started
12:21:00.168 phase=Loading paused=True loading_progress terrain_ready=False view_ready=False progress=0.206
12:21:00.553 phase=Loading paused=True view_ready
12:21:01.172 phase=Loading paused=True loading_progress terrain_ready=False view_ready=True progress=0.206
12:21:02.189 phase=Loading paused=True loading_progress terrain_ready=False view_ready=True progress=0.206
12:21:03.383 phase=Loading paused=True loading_progress terrain_ready=False view_ready=True progress=0.206
12:21:04.384 phase=Loading paused=True loading_progress terrain_ready=False view_ready=True progress=0.206
12:21:05.531 phase=Loading paused=True loading_progress terrain_ready=False view_ready=True progress=0.206
12:21:07.123 phase=Loading paused=True loading_progress terrain_ready=False view_ready=True progress=0.303
12:21:08.278 phase=Loading paused=True loading_progress terrain_ready=False view_ready=True progress=0.303
12:21:09.366 phase=Loading paused=True loading_progress terrain_ready=False view_ready=True progress=0.303
12:21:10.498 phase=Loading paused=True loading_progress terrain_ready=False view_ready=True progress=0.303
12:21:11.861 phase=Loading paused=True loading_progress terrain_ready=False view_ready=True progress=0.780
12:21:12.528 phase=Countdown paused=True countdown_started
12:21:15.623 phase=Live paused=False match_live
12:21:49.231 phase=Loading paused=True loading_started
12:21:49.542 phase=Loading paused=True loading_progress terrain_ready=False view_ready=False progress=0.206
12:21:49.863 phase=Loading paused=True view_ready
12:21:50.545 phase=Loading paused=True loading_progress terrain_ready=False view_ready=True progress=0.206
12:21:51.549 phase=Loading paused=True loading_progress terrain_ready=False view_ready=True progress=0.206
12:21:52.552 phase=Loading paused=True loading_progress terrain_ready=False view_ready=True progress=0.206
12:21:53.692 phase=Loading paused=True loading_progress terrain_ready=False view_ready=True progress=0.303
12:21:54.873 phase=Loading paused=True loading_progress terrain_ready=False view_ready=True progress=0.303
12:21:55.984 phase=Loading paused=True loading_progress terrain_ready=False view_ready=True progress=0.303
12:21:57.207 phase=Loading paused=True loading_progress terrain_ready=False view_ready=True progress=0.303
12:21:58.397 phase=Loading paused=True loading_progress terrain_ready=False view_ready=True progress=0.303
12:21:59.524 phase=Loading paused=True loading_progress terrain_ready=True view_ready=True progress=1.000
12:21:59.525 phase=Countdown paused=True countdown_started
12:22:02.545 phase=Live paused=False match_live
12:24:17.135 phase=Loading paused=True loading_started
12:24:17.351 phase=Loading paused=True loading_progress terrain_ready=False view_ready=False progress=0.206
12:24:17.586 phase=Loading paused=True view_ready
12:24:18.352 phase=Loading paused=True loading_progress terrain_ready=False view_ready=True progress=0.206
12:24:19.358 phase=Loading paused=True loading_progress terrain_ready=False view_ready=True progress=0.206
12:24:20.362 phase=Loading paused=True loading_progress terrain_ready=False view_ready=True progress=0.206
12:24:21.833 phase=Loading paused=True loading_progress terrain_ready=False view_ready=True progress=0.303
12:24:22.946 phase=Loading paused=True loading_progress terrain_ready=False view_ready=True progress=0.303
12:24:24.075 phase=Loading paused=True loading_progress terrain_ready=False view_ready=True progress=0.303
12:24:25.161 phase=Loading paused=True loading_progress terrain_ready=False view_ready=True progress=0.303
12:24:26.310 phase=Loading paused=True loading_progress terrain_ready=False view_ready=True progress=0.316
12:24:27.234 phase=Countdown paused=True countdown_started
12:24:30.297 phase=Live paused=False match_live
12:26:16.096 phase=Loading paused=True loading_started
12:26:16.312 phase=Loading paused=True loading_progress terrain_ready=False view_ready=False progress=0.206
12:26:16.689 phase=Loading paused=True view_ready
12:26:17.318 phase=Loading paused=True loading_progress terrain_ready=False view_ready=True progress=0.206
12:26:18.323 phase=Loading paused=True loading_progress terrain_ready=False view_ready=True progress=0.206
12:26:19.350 phase=Loading paused=True loading_progress terrain_ready=False view_ready=True progress=0.206
12:26:20.730 phase=Loading paused=True loading_progress terrain_ready=False view_ready=True progress=0.303
12:26:21.834 phase=Loading paused=True loading_progress terrain_ready=False view_ready=True progress=0.303
12:26:22.946 phase=Loading paused=True loading_progress terrain_ready=False view_ready=True progress=0.303
12:26:24.014 phase=Loading paused=True loading_progress terrain_ready=False view_ready=True progress=0.303
12:27:56.868 phase=Loading paused=True loading_started
12:27:57.090 phase=Loading paused=True loading_progress terrain_ready=False view_ready=False progress=0.206
12:27:57.450 phase=Loading paused=True view_ready
12:27:58.098 phase=Loading paused=True loading_progress terrain_ready=False view_ready=True progress=0.206
12:27:59.128 phase=Loading paused=True loading_progress terrain_ready=False view_ready=True progress=0.206
12:28:00.128 phase=Loading paused=True loading_progress terrain_ready=False view_ready=True progress=0.206
12:28:01.365 phase=Loading paused=True loading_progress terrain_ready=False view_ready=True progress=0.303
12:28:02.374 phase=Loading paused=True loading_progress terrain_ready=False view_ready=True progress=0.303
12:28:03.376 phase=Loading paused=True loading_progress terrain_ready=False view_ready=True progress=0.303
12:28:04.385 phase=Loading paused=True loading_progress terrain_ready=False view_ready=True progress=0.303
12:28:05.386 phase=Loading paused=True loading_progress terrain_ready=False view_ready=True progress=0.303
12:29:14.766 phase=Loading paused=True loading_started
12:29:14.989 phase=Loading paused=True loading_progress terrain_ready=False view_ready=False progress=0.206
12:29:15.316 phase=Loading paused=True view_ready
12:29:15.993 phase=Loading paused=True loading_progress terrain_ready=False view_ready=True progress=0.206
12:29:16.994 phase=Loading paused=True loading_progress terrain_ready=False view_ready=True progress=0.206
12:29:17.996 phase=Loading paused=True loading_progress terrain_ready=False view_ready=True progress=0.206
12:29:19.136 phase=Loading paused=True loading_progress terrain_ready=False view_ready=True progress=0.303
12:29:20.142 phase=Loading paused=True loading_progress terrain_ready=False view_ready=True progress=0.303
12:29:21.145 phase=Loading paused=True loading_progress terrain_ready=False view_ready=True progress=0.303
12:29:22.152 phase=Loading paused=True loading_progress terrain_ready=False view_ready=True progress=0.303
12:29:23.162 phase=Loading paused=True loading_progress terrain_ready=False view_ready=True progress=0.303
12:29:23.920 phase=Countdown paused=True countdown_started
12:29:26.921 phase=Live paused=False match_live
12:36:10.374 phase=Loading paused=True loading_started
12:36:10.380 phase=Loading paused=True loading_progress terrain_ready=False view_ready=False progress=0.150
12:36:11.034 phase=Loading paused=True view_ready
12:36:11.255 phase=Countdown paused=True countdown_started
12:36:14.263 phase=Live paused=False match_live
13:07:49.046 phase=Loading paused=True loading_started
13:07:49.050 phase=Loading paused=True loading_progress terrain_ready=False view_ready=False progress=0.303
13:07:49.683 phase=Loading paused=True view_ready
13:07:50.043 phase=Countdown paused=True countdown_started
13:07:53.049 phase=Live paused=False match_live
13:10:28.968 phase=Loading paused=True loading_started
13:10:28.969 phase=Loading paused=True loading_progress terrain_ready=True view_ready=False progress=1.000
13:10:28.990 phase=Loading paused=True view_ready
13:10:28.992 phase=Countdown paused=True countdown_started
13:10:32.000 phase=Live paused=False match_live
13:11:20.030 phase=Live paused=False match_restarted_live
13:13:13.561 phase=Loading paused=True loading_started
13:13:13.568 phase=Loading paused=True loading_progress terrain_ready=False view_ready=False progress=0.150
13:13:14.210 phase=Loading paused=True view_ready
13:13:14.432 phase=Countdown paused=True countdown_started
13:13:17.440 phase=Live paused=False match_live
13:19:53.319 phase=Loading paused=True loading_started
13:19:53.326 phase=Loading paused=True loading_progress terrain_ready=False view_ready=False progress=0.150
13:19:53.938 phase=Loading paused=True view_ready
13:19:54.229 phase=Countdown paused=True countdown_started
13:19:57.237 phase=Live paused=False match_live
13:29:43.966 phase=Loading paused=True loading_started
13:29:43.978 phase=Loading paused=True loading_progress terrain_ready=False view_ready=False progress=0.855
13:29:44.599 phase=Loading paused=True view_ready
13:29:44.625 phase=Countdown paused=True countdown_started
13:29:47.628 phase=Live paused=False match_live
13:33:30.413 phase=Loading paused=True loading_started
13:33:30.420 phase=Loading paused=True loading_progress terrain_ready=False view_ready=False progress=0.150
13:33:31.038 phase=Loading paused=True view_ready
13:33:31.299 phase=Countdown paused=True countdown_started
13:33:34.301 phase=Live paused=False match_live
13:41:43.083 phase=Loading paused=True loading_started
13:41:43.087 phase=Loading paused=True loading_progress terrain_ready=False view_ready=False progress=0.303
13:41:43.710 phase=Loading paused=True view_ready
13:41:43.951 phase=Countdown paused=True countdown_started
13:41:46.951 phase=Live paused=False match_live
14:14:59.914 phase=Loading paused=True loading_started
14:14:59.938 phase=Loading paused=True loading_progress terrain_ready=False view_ready=False progress=0.150
14:15:01.399 phase=Loading paused=True view_ready
14:15:01.482 phase=Loading paused=True loading_progress terrain_ready=False view_ready=True progress=0.283
14:15:02.087 phase=Countdown paused=True countdown_started
14:15:05.124 phase=Live paused=False match_live
14:23:45.572 phase=Loading paused=True loading_started
14:23:45.584 phase=Loading paused=True loading_progress terrain_ready=True view_ready=False progress=1.000
14:23:47.191 phase=Loading paused=True view_ready
14:23:47.197 phase=Loading paused=True loading_progress terrain_ready=True view_ready=True progress=1.000
14:23:47.198 phase=Countdown paused=True countdown_started
14:23:50.231 phase=Live paused=False match_live
14:27:39.743 phase=Loading paused=True loading_started
14:27:39.753 phase=Loading paused=True loading_progress terrain_ready=False view_ready=False progress=0.303
14:27:41.310 phase=Loading paused=True view_ready
14:27:41.315 phase=Loading paused=True loading_progress terrain_ready=False view_ready=True progress=0.303
14:27:42.150 phase=Countdown paused=True countdown_started
14:27:45.158 phase=Live paused=False match_live
14:28:24.978 phase=Loading paused=True loading_started
14:28:24.980 phase=Loading paused=True loading_progress terrain_ready=True view_ready=False progress=1.000
14:28:25.035 phase=Loading paused=True view_ready
14:28:25.039 phase=Countdown paused=True countdown_started
14:28:28.064 phase=Live paused=False match_live
14:40:10.678 phase=Loading paused=True loading_started
14:40:10.695 phase=Loading paused=True loading_progress terrain_ready=False view_ready=False progress=0.150
14:40:12.210 phase=Loading paused=True view_ready
14:40:12.258 phase=Loading paused=True loading_progress terrain_ready=False view_ready=True progress=0.283
14:40:12.773 phase=Countdown paused=True countdown_started
14:40:15.777 phase=Live paused=False match_live
14:43:07.000 phase=Loading paused=True loading_started
14:43:07.018 phase=Loading paused=True loading_progress terrain_ready=True view_ready=False progress=1.000
14:43:08.425 phase=Loading paused=True view_ready
14:43:08.429 phase=Loading paused=True loading_progress terrain_ready=True view_ready=True progress=1.000
14:43:08.430 phase=Countdown paused=True countdown_started
14:43:11.460 phase=Live paused=False match_live
14:53:57.955 phase=Loading paused=True loading_started
14:53:57.965 phase=Loading paused=True loading_progress terrain_ready=False view_ready=False progress=0.303
14:53:59.530 phase=Loading paused=True view_ready
14:53:59.539 phase=Loading paused=True loading_progress terrain_ready=False view_ready=True progress=0.303
14:54:00.663 phase=Loading paused=True loading_progress terrain_ready=False view_ready=True progress=0.890
14:54:00.843 phase=Countdown paused=True countdown_started
14:54:03.874 phase=Live paused=False match_live
15:08:31.191 phase=Loading paused=True loading_started
15:08:31.201 phase=Loading paused=True loading_progress terrain_ready=True view_ready=False progress=1.000
15:08:32.734 phase=Loading paused=True view_ready
15:08:32.743 phase=Loading paused=True loading_progress terrain_ready=True view_ready=True progress=1.000
15:08:32.744 phase=Countdown paused=True countdown_started
15:08:35.766 phase=Live paused=False match_live
15:15:34.733 phase=Loading paused=True loading_started
15:15:34.751 phase=Loading paused=True loading_progress terrain_ready=False view_ready=False progress=0.150
15:15:36.276 phase=Loading paused=True view_ready
15:15:36.374 phase=Loading paused=True loading_progress terrain_ready=False view_ready=True progress=0.283
15:15:36.896 phase=Countdown paused=True countdown_started
15:15:39.943 phase=Live paused=False match_live
15:24:16.603 phase=Loading paused=True loading_started
15:24:16.623 phase=Loading paused=True loading_progress terrain_ready=False view_ready=False progress=0.150
15:24:18.271 phase=Loading paused=True view_ready
15:24:18.428 phase=Loading paused=True loading_progress terrain_ready=False view_ready=True progress=0.283
15:24:19.009 phase=Countdown paused=True countdown_started
15:24:22.010 phase=Live paused=False match_live
15:25:34.342 phase=Loading paused=True loading_started
15:25:34.345 phase=Loading paused=True loading_progress terrain_ready=True view_ready=False progress=1.000
15:25:34.400 phase=Loading paused=True view_ready
15:25:34.455 phase=Countdown paused=True countdown_started
15:25:37.493 phase=Live paused=False match_live
15:35:54.910 phase=Loading paused=True loading_started
15:35:54.919 phase=Loading paused=True loading_progress terrain_ready=True view_ready=False progress=1.000
15:35:56.545 phase=Loading paused=True view_ready
15:35:56.551 phase=Loading paused=True loading_progress terrain_ready=True view_ready=True progress=1.000
15:35:56.552 phase=Countdown paused=True countdown_started
15:35:59.562 phase=Live paused=False match_live
16:31:29.669 phase=Loading paused=True loading_started
16:31:29.673 phase=Loading paused=True loading_progress terrain_ready=True view_ready=False progress=1.000
16:31:30.401 phase=Loading paused=True view_ready
16:31:30.404 phase=Countdown paused=True countdown_started
16:31:33.407 phase=Live paused=False match_live
16:44:15.481 phase=Loading paused=True loading_started
16:44:15.489 phase=Loading paused=True loading_progress terrain_ready=True view_ready=False progress=1.000
16:44:16.338 phase=Loading paused=True view_ready
16:44:16.344 phase=Countdown paused=True countdown_started
16:44:19.345 phase=Live paused=False match_live
16:47:11.210 phase=Loading paused=True loading_started
16:47:11.211 phase=Loading paused=True loading_progress terrain_ready=True view_ready=False progress=1.000
16:47:11.235 phase=Loading paused=True view_ready
16:47:11.237 phase=Countdown paused=True countdown_started
16:47:14.243 phase=Live paused=False match_live
16:51:00.878 phase=Loading paused=True loading_started_async_reset
16:51:00.882 phase=Loading paused=True async_reset_ready
16:51:00.884 phase=Loading paused=True loading_progress terrain_ready=True view_ready=False world_ready=True progress=1.000
16:51:01.673 phase=Loading paused=True view_ready
16:51:01.676 phase=Countdown paused=True countdown_started
16:51:04.692 phase=Live paused=False match_live
16:51:26.444 phase=Loading paused=True loading_started_async_reset
16:51:26.444 phase=Loading paused=True async_reset_ready
16:51:26.445 phase=Loading paused=True loading_progress terrain_ready=True view_ready=False world_ready=True progress=1.000
16:51:26.471 phase=Loading paused=True view_ready
16:51:26.471 phase=Countdown paused=True countdown_started
16:51:29.480 phase=Live paused=False match_live
17:01:36.075 phase=Loading paused=True loading_started_async_reset
17:01:36.079 phase=Loading paused=True async_reset_ready
17:01:36.081 phase=Loading paused=True loading_progress terrain_ready=False view_ready=False world_ready=True progress=0.707
17:01:36.873 phase=Loading paused=True view_ready
17:01:37.084 phase=Loading paused=True loading_progress terrain_ready=False view_ready=True world_ready=True progress=0.707
17:01:38.094 phase=Loading paused=True loading_progress terrain_ready=False view_ready=True world_ready=True progress=0.707
17:01:38.504 phase=Countdown paused=True countdown_started
17:01:41.506 phase=Live paused=False match_live
17:10:29.995 phase=Loading paused=True loading_started_async_reset
17:10:29.999 phase=Loading paused=True async_reset_ready
17:10:30.001 phase=Loading paused=True loading_progress terrain_ready=True view_ready=False world_ready=True progress=1.000
17:10:30.692 phase=Loading paused=True view_ready
17:10:30.694 phase=Countdown paused=True countdown_started
17:10:33.702 phase=Live paused=False match_live
17:12:13.522 phase=Loading paused=True loading_started_async_reset
17:12:13.550 phase=Loading paused=True view_ready
17:12:13.551 phase=Loading paused=True async_reset_ready
17:12:13.552 phase=Loading paused=True loading_progress terrain_ready=True view_ready=True world_ready=True progress=1.000
17:12:13.553 phase=Countdown paused=True countdown_started
17:12:14.486 phase=Loading paused=True loading_started_async_reset
17:12:14.487 phase=Loading paused=True async_reset_ready
17:12:14.488 phase=Loading paused=True loading_progress terrain_ready=True view_ready=False world_ready=True progress=1.000
17:12:14.513 phase=Loading paused=True view_ready
17:12:14.514 phase=Countdown paused=True countdown_started
17:12:17.516 phase=Live paused=False match_live
17:15:06.235 phase=Loading paused=True loading_started_async_reset
17:15:06.236 phase=Loading paused=True async_reset_ready
17:15:06.237 phase=Loading paused=True loading_progress terrain_ready=True view_ready=False world_ready=True progress=1.000
17:15:06.263 phase=Loading paused=True view_ready
17:15:06.264 phase=Countdown paused=True countdown_started
17:15:09.272 phase=Live paused=False match_live
17:29:09.347 phase=Loading paused=True loading_started_async_reset
17:29:09.354 phase=Loading paused=True async_reset_ready
17:29:09.357 phase=Loading paused=True loading_progress terrain_ready=True view_ready=False world_ready=True progress=1.000
17:29:10.232 phase=Loading paused=True view_ready
17:29:10.234 phase=Countdown paused=True countdown_started
17:29:13.260 phase=Live paused=False match_live
17:53:44.068 phase=Loading paused=True loading_started_async_reset
17:53:44.071 phase=Loading paused=True async_reset_ready
17:53:44.074 phase=Loading paused=True loading_progress terrain_ready=True view_ready=False world_ready=True progress=1.000
17:53:44.833 phase=Loading paused=True view_ready
17:53:44.834 phase=Countdown paused=True countdown_started
17:53:47.845 phase=Live paused=False match_live
17:56:08.638 phase=Live paused=False match_restarted_live
18:04:41.654 phase=Loading paused=True loading_started_async_reset
18:04:41.656 phase=Loading paused=True async_reset_ready
18:04:41.659 phase=Loading paused=True loading_progress terrain_ready=False view_ready=False world_ready=True progress=0.707
18:04:42.463 phase=Loading paused=True view_ready
18:04:42.660 phase=Loading paused=True loading_progress terrain_ready=False view_ready=True world_ready=True progress=0.707
18:04:43.582 phase=Countdown paused=True countdown_started
18:04:46.586 phase=Live paused=False match_live
18:25:58.331 phase=Loading paused=True loading_started_async_reset
18:25:58.335 phase=Loading paused=True async_reset_ready
18:25:58.337 phase=Loading paused=True loading_progress terrain_ready=False view_ready=False world_ready=True progress=0.707
18:25:59.129 phase=Loading paused=True view_ready
18:25:59.339 phase=Loading paused=True loading_progress terrain_ready=False view_ready=True world_ready=True progress=0.707
18:26:00.351 phase=Loading paused=True loading_progress terrain_ready=False view_ready=True world_ready=True progress=0.707
18:26:01.359 phase=Loading paused=True loading_progress terrain_ready=False view_ready=True world_ready=True progress=0.707
18:26:02.439 phase=Loading paused=True loading_progress terrain_ready=False view_ready=True world_ready=True progress=0.956
18:26:02.576 phase=Countdown paused=True countdown_started
18:26:05.584 phase=Live paused=False match_live
20:24:42.018 phase=Loading paused=True loading_started_async_reset
20:24:42.022 phase=Loading paused=True async_reset_ready
20:24:42.024 phase=Loading paused=True loading_progress terrain_ready=True view_ready=False world_ready=True progress=1.000
20:24:43.421 phase=Loading paused=True view_ready
20:24:43.423 phase=Loading paused=True loading_progress terrain_ready=True view_ready=True world_ready=True progress=1.000
20:24:43.424 phase=Countdown paused=True countdown_started
20:24:46.637 phase=Live paused=False match_live
20:35:21.150 phase=Loading paused=True loading_started_async_reset
20:35:21.154 phase=Loading paused=True async_reset_ready
20:35:21.156 phase=Loading paused=True loading_progress terrain_ready=True view_ready=False world_ready=True progress=1.000
20:35:22.437 phase=Loading paused=True view_ready
20:35:22.438 phase=Loading paused=True loading_progress terrain_ready=True view_ready=True world_ready=True progress=1.000
20:35:22.439 phase=Countdown paused=True countdown_started
20:35:25.443 phase=Live paused=False match_live
20:36:33.015 phase=Loading paused=True loading_started_async_reset
20:36:33.016 phase=Loading paused=True async_reset_ready
20:36:33.017 phase=Loading paused=True loading_progress terrain_ready=True view_ready=False world_ready=True progress=1.000
20:36:33.054 phase=Loading paused=True view_ready
20:36:33.055 phase=Countdown paused=True countdown_started
20:36:36.061 phase=Live paused=False match_live
20:36:37.039 phase=Loading paused=True loading_started_async_reset
20:36:37.040 phase=Loading paused=True async_reset_ready
20:36:37.040 phase=Loading paused=True loading_progress terrain_ready=True view_ready=False world_ready=True progress=1.000
20:36:37.078 phase=Loading paused=True view_ready
20:36:37.078 phase=Countdown paused=True countdown_started
20:36:40.083 phase=Live paused=False match_live
20:52:50.156 phase=Loading paused=True loading_started_async_reset
20:52:50.159 phase=Loading paused=True async_reset_ready
20:52:50.162 phase=Loading paused=True loading_progress terrain_ready=False view_ready=False world_ready=True progress=0.707
20:52:51.425 phase=Loading paused=True view_ready
20:52:51.427 phase=Loading paused=True loading_progress terrain_ready=False view_ready=True world_ready=True progress=0.707
20:52:52.441 phase=Loading paused=True loading_progress terrain_ready=False view_ready=True world_ready=True progress=0.707
20:52:53.077 phase=Countdown paused=True countdown_started
20:52:56.094 phase=Live paused=False match_live
20:53:27.004 phase=Live paused=False match_restarted_live
21:05:20.725 phase=Loading paused=True loading_started_async_reset
21:05:20.727 phase=Loading paused=True async_reset_ready
21:05:20.729 phase=Loading paused=True loading_progress terrain_ready=True view_ready=False world_ready=True progress=1.000
21:05:21.928 phase=Loading paused=True view_ready
21:05:21.930 phase=Loading paused=True loading_progress terrain_ready=True view_ready=True world_ready=True progress=1.000
21:05:21.931 phase=Countdown paused=True countdown_started
21:05:24.945 phase=Live paused=False match_live
21:06:15.073 phase=Live paused=False match_restarted_live
21:19:12.474 phase=Loading paused=True loading_started_async_reset
21:19:12.480 phase=Loading paused=True async_reset_ready
21:19:12.483 phase=Loading paused=True loading_progress terrain_ready=False view_ready=False world_ready=True progress=0.707
21:19:14.474 phase=Loading paused=True view_ready
21:19:14.481 phase=Loading paused=True loading_progress terrain_ready=False view_ready=True world_ready=True progress=0.643
21:19:15.584 phase=Loading paused=True loading_progress terrain_ready=False view_ready=True world_ready=True progress=0.733
21:19:16.807 phase=Loading paused=True loading_progress terrain_ready=False view_ready=True world_ready=True progress=0.976
21:19:17.958 phase=Loading paused=True loading_progress terrain_ready=True view_ready=True world_ready=True progress=1.000
21:19:17.958 phase=Countdown paused=True countdown_started
21:19:21.113 phase=Live paused=False match_live
21:51:34.996 phase=Loading paused=True loading_started_async_reset
21:51:34.999 phase=Loading paused=True async_reset_ready
21:51:35.002 phase=Loading paused=True loading_progress terrain_ready=False view_ready=False world_ready=True progress=0.707
21:51:36.898 phase=Loading paused=True view_ready
21:51:36.903 phase=Loading paused=True loading_progress terrain_ready=False view_ready=True world_ready=True progress=0.643
21:51:38.411 phase=Loading paused=True loading_progress terrain_ready=False view_ready=True world_ready=True progress=0.733
21:51:40.123 phase=Loading paused=True loading_progress terrain_ready=False view_ready=True world_ready=True progress=0.976
21:51:41.613 phase=Loading paused=True loading_progress terrain_ready=True view_ready=True world_ready=True progress=1.000
21:51:41.613 phase=Countdown paused=True countdown_started
21:51:45.044 phase=Live paused=False match_live
21:54:51.904 phase=Loading paused=True loading_started_async_reset
21:54:51.907 phase=Loading paused=True async_reset_ready
21:54:51.909 phase=Loading paused=True loading_progress terrain_ready=False view_ready=False world_ready=True progress=0.707
21:54:53.573 phase=Loading paused=True view_ready
21:54:53.576 phase=Loading paused=True loading_progress terrain_ready=False view_ready=True world_ready=True progress=0.707
21:54:54.947 phase=Loading paused=True loading_progress terrain_ready=False view_ready=True world_ready=True progress=0.643
21:54:56.431 phase=Loading paused=True loading_progress terrain_ready=False view_ready=True world_ready=True progress=0.956
21:54:57.820 phase=Loading paused=True loading_progress terrain_ready=True view_ready=True world_ready=True progress=1.000
21:54:57.821 phase=Countdown paused=True countdown_started
21:55:00.967 phase=Live paused=False match_live
22:02:44.374 phase=Loading paused=True loading_started_async_reset
22:02:44.397 phase=Loading paused=True async_reset_ready
22:02:44.400 phase=Loading paused=True loading_progress terrain_ready=False view_ready=False world_ready=True progress=0.700
22:02:46.200 phase=Loading paused=True view_ready
22:02:46.294 phase=Loading paused=True loading_progress terrain_ready=False view_ready=True world_ready=True progress=0.844
22:02:46.468 phase=Countdown paused=True countdown_started
22:02:49.475 phase=Live paused=False match_live
22:09:59.842 phase=Loading paused=True loading_started_async_reset
22:09:59.870 phase=Loading paused=True view_ready
22:09:59.870 phase=Loading paused=True async_reset_ready
22:09:59.871 phase=Loading paused=True loading_progress terrain_ready=True view_ready=True world_ready=True progress=1.000
22:09:59.871 phase=Countdown paused=True countdown_started
22:10:02.871 phase=Live paused=False match_live
22:10:16.392 phase=Loading paused=True loading_started_async_reset
22:10:16.393 phase=Loading paused=True async_reset_ready
22:10:16.393 phase=Loading paused=True loading_progress terrain_ready=True view_ready=False world_ready=True progress=1.000
22:10:16.419 phase=Loading paused=True view_ready
22:10:16.420 phase=Countdown paused=True countdown_started
22:10:16.535 phase=Loading paused=True loading_started_async_reset
22:10:16.535 phase=Loading paused=True async_reset_ready
22:10:16.536 phase=Loading paused=True loading_progress terrain_ready=True view_ready=False world_ready=True progress=1.000
22:10:16.561 phase=Loading paused=True view_ready
22:10:16.562 phase=Countdown paused=True countdown_started
22:10:19.562 phase=Live paused=False match_live
22:11:41.024 phase=Loading paused=True loading_started_async_reset
22:11:41.024 phase=Loading paused=True async_reset_ready
22:11:41.025 phase=Loading paused=True loading_progress terrain_ready=True view_ready=False world_ready=True progress=1.000
22:11:41.054 phase=Loading paused=True view_ready
22:11:41.055 phase=Countdown paused=True countdown_started
22:11:44.056 phase=Live paused=False match_live
