22:13:14.173 entity=red_robot_1 role=hero team=red branch=direct total=19.62ms nav=1.80ms aim=0.16ms block=
22:13:14.525 entity=red_robot_7 role=sentry team=red branch=reuse_drive total=6.96ms nav=0.00ms aim=0.00ms block=
22:13:14.885 entity=blue_robot_7 role=sentry team=blue branch=reuse_drive total=4.26ms nav=0.00ms aim=0.00ms block=
22:13:15.235 entity=blue_robot_7 role=sentry team=blue branch=reuse_drive total=5.51ms nav=0.00ms aim=0.00ms block=
22:13:15.620 entity=red_robot_1 role=hero team=red branch=reuse_drive total=4.96ms nav=0.00ms aim=0.00ms block=
22:13:15.988 entity=red_robot_4 role=infantry team=red branch=reuse_drive total=8.78ms nav=0.00ms aim=0.00ms block=
22:13:16.370 entity=red_robot_4 role=infantry team=red branch=reuse_drive total=5.40ms nav=0.00ms aim=0.00ms block=
22:13:16.724 entity=red_robot_7 role=sentry team=red branch=reuse_drive total=5.76ms nav=0.00ms aim=0.00ms block=
22:13:17.105 entity=red_robot_4 role=infantry team=red branch=reuse_drive total=4.68ms nav=0.00ms aim=0.00ms block=
22:13:17.469 entity=red_robot_7 role=sentry team=red branch=reuse_drive total=4.51ms nav=0.00ms aim=0.00ms block=
22:13:17.843 entity=red_robot_4 role=infantry team=red branch=reuse_drive total=5.72ms nav=0.00ms aim=0.00ms block=
22:13:18.198 entity=red_robot_4 role=infantry team=red branch=reuse_drive total=10.01ms nav=0.00ms aim=0.00ms block=
22:13:18.552 entity=red_robot_7 role=sentry team=red branch=reuse_drive total=5.43ms nav=0.00ms aim=0.00ms block=
22:13:18.904 entity=red_robot_4 role=infantry team=red branch=reuse_drive total=5.25ms nav=0.00ms aim=0.00ms block=
22:13:19.262 entity=red_robot_4 role=infantry team=red branch=reuse_drive total=8.26ms nav=0.00ms aim=0.00ms block=
22:13:19.612 entity=red_robot_4 role=infantry team=red branch=reuse_drive total=5.38ms nav=0.00ms aim=0.00ms block=
22:13:20.008 entity=red_robot_1 role=hero team=red branch=reuse_drive total=8.14ms nav=0.00ms aim=0.00ms block=
22:13:20.374 entity=red_robot_7 role=sentry team=red branch=reuse_drive total=4.45ms nav=0.00ms aim=0.00ms block=
22:13:20.735 entity=red_robot_1 role=hero team=red branch=reuse_drive total=7.75ms nav=0.00ms aim=0.00ms block=
22:13:21.127 entity=red_robot_1 role=hero team=red branch=reuse_drive total=7.60ms nav=0.00ms aim=0.00ms block=
22:13:21.482 entity=blue_robot_4 role=infantry team=blue branch=reuse_drive total=4.36ms nav=0.00ms aim=0.00ms block=
22:13:21.836 entity=blue_robot_4 role=infantry team=blue branch=reuse_drive total=9.36ms nav=0.00ms aim=0.01ms block=
22:13:22.188 entity=blue_robot_7 role=sentry team=blue branch=reuse_drive total=4.25ms nav=0.00ms aim=0.00ms block=
22:13:22.539 entity=blue_robot_4 role=infantry team=blue branch=reuse_drive total=10.45ms nav=0.00ms aim=0.00ms block=
22:13:22.910 entity=blue_robot_4 role=infantry team=blue branch=reuse_drive total=5.30ms nav=0.00ms aim=0.00ms block=
22:13:23.260 entity=blue_robot_1 role=hero team=blue branch=reuse_drive total=4.37ms nav=0.00ms aim=0.00ms block=
22:13:23.622 entity=blue_robot_4 role=infantry team=blue branch=reuse_drive total=6.21ms nav=0.00ms aim=0.00ms block=
22:13:23.990 entity=blue_robot_4 role=infantry team=blue branch=reuse_drive total=7.61ms nav=0.00ms aim=0.00ms block=
22:13:24.342 entity=blue_robot_1 role=hero team=blue branch=reuse_drive total=4.38ms nav=0.00ms aim=0.00ms block=
22:13:24.694 entity=blue_robot_1 role=hero team=blue branch=reuse_drive total=4.01ms nav=0.00ms aim=0.00ms block=
22:13:25.050 entity=blue_robot_7 role=sentry team=blue branch=reuse_drive total=5.37ms nav=0.00ms aim=0.00ms block=
22:13:25.406 entity=blue_robot_7 role=sentry team=blue branch=reuse_drive total=4.87ms nav=0.00ms aim=0.00ms block=
22:13:25.762 entity=blue_robot_4 role=infantry team=blue branch=reuse_drive total=11.07ms nav=0.00ms aim=0.00ms block=
22:13:26.134 entity=blue_robot_4 role=infantry team=blue branch=reuse_drive total=5.80ms nav=0.00ms aim=0.00ms block=
22:13:26.490 entity=blue_robot_1 role=hero team=blue branch=reuse_drive total=4.16ms nav=0.00ms aim=0.00ms block=
22:13:26.847 entity=blue_robot_1 role=hero team=blue branch=reuse_drive total=4.24ms nav=0.00ms aim=0.00ms block=
22:13:27.214 entity=blue_robot_4 role=infantry team=blue branch=reuse_drive total=8.16ms nav=0.00ms aim=0.00ms block=
22:13:27.573 entity=blue_robot_7 role=sentry team=blue branch=reuse_drive total=11.69ms nav=0.00ms aim=0.00ms block=
22:13:27.939 entity=blue_robot_1 role=hero team=blue branch=reuse_drive total=4.67ms nav=0.00ms aim=0.00ms block=
22:13:28.301 entity=blue_robot_4 role=infantry team=blue branch=reuse_drive total=8.13ms nav=0.00ms aim=0.00ms block=
22:13:28.651 entity=blue_robot_7 role=sentry team=blue branch=reuse_drive total=4.02ms nav=0.00ms aim=0.00ms block=
22:13:29.005 entity=blue_robot_7 role=sentry team=blue branch=reuse_drive total=8.00ms nav=0.00ms aim=0.00ms block=
22:13:29.362 entity=blue_robot_7 role=sentry team=blue branch=reuse_drive total=7.43ms nav=0.00ms aim=0.00ms block=
22:13:29.713 entity=blue_robot_4 role=infantry team=blue branch=reuse_drive total=6.72ms nav=0.00ms aim=0.00ms block=
22:13:30.071 entity=blue_robot_7 role=sentry team=blue branch=reuse_drive total=9.91ms nav=0.00ms aim=0.00ms block=
22:13:30.440 entity=blue_robot_4 role=infantry team=blue branch=reuse_drive total=4.38ms nav=0.00ms aim=0.00ms block=
22:13:30.803 entity=blue_robot_4 role=infantry team=blue branch=reuse_drive total=5.77ms nav=0.00ms aim=0.00ms block=
22:13:31.160 entity=blue_robot_1 role=hero team=blue branch=reuse_drive total=4.40ms nav=0.00ms aim=0.00ms block=
22:14:37.195 entity=red_robot_1 role=hero team=red branch=direct total=7.97ms nav=0.01ms aim=0.00ms block=
22:14:48.684 entity=blue_robot_4 role=infantry team=blue branch=fallback_direct total=7.53ms nav=0.01ms aim=0.00ms block=
22:14:51.208 entity=blue_robot_7 role=sentry team=blue branch=hold_range total=16.63ms nav=0.01ms aim=0.00ms block=
22:14:56.102 entity=blue_robot_4 role=infantry team=blue branch=fallback_direct total=16.98ms nav=0.01ms aim=0.00ms block=
22:14:59.581 entity=blue_robot_4 role=infantry team=blue branch=fallback_direct total=7.42ms nav=0.01ms aim=0.00ms block=
22:15:06.214 entity=blue_robot_4 role=infantry team=blue branch=fallback_direct total=8.35ms nav=0.02ms aim=0.00ms block=
22:24:59.566 entity=red_robot_1 role=hero team=red branch=direct total=26.07ms nav=1.99ms aim=0.13ms block=
22:25:00.779 entity=red_robot_1 role=hero team=red branch=fallback_direct total=4.49ms nav=3.22ms aim=0.00ms block=
22:25:10.645 entity=blue_robot_4 role=infantry team=blue branch=fallback_direct total=7.53ms nav=0.01ms aim=0.00ms block=
22:25:18.306 entity=blue_robot_4 role=infantry team=blue branch=fallback_direct total=18.21ms nav=0.01ms aim=0.00ms block=
22:25:21.865 entity=blue_robot_4 role=infantry team=blue branch=fallback_direct total=7.57ms nav=0.01ms aim=0.00ms block=
22:25:31.295 entity=blue_robot_4 role=infantry team=blue branch=fallback_direct total=8.31ms nav=0.02ms aim=0.00ms block=
22:36:44.873 entity=red_robot_1 role=hero team=red branch=direct total=23.41ms nav=1.80ms aim=0.14ms block=
22:36:46.128 entity=red_robot_1 role=hero team=red branch=fallback_direct total=4.59ms nav=3.30ms aim=0.00ms block=
22:37:44.707 entity=red_robot_2 role=engineer team=red branch=direct total=4.02ms nav=0.01ms aim=0.00ms block=
22:37:57.787 entity=red_robot_7 role=sentry team=red branch=fallback_direct total=4.08ms nav=0.02ms aim=0.00ms block=
22:38:03.713 entity=blue_robot_4 role=infantry team=blue branch=fallback_direct total=7.67ms nav=0.02ms aim=0.00ms block=
22:38:06.792 entity=blue_robot_4 role=infantry team=blue branch=fallback_direct total=7.74ms nav=0.02ms aim=0.00ms block=
22:38:13.024 entity=blue_robot_4 role=infantry team=blue branch=fallback_direct total=10.36ms nav=0.02ms aim=0.00ms block=
22:38:16.149 entity=blue_robot_4 role=infantry team=blue branch=fallback_direct total=7.42ms nav=0.02ms aim=0.00ms block=
22:38:18.225 entity=red_robot_1 role=hero team=red branch=fallback_direct total=9.82ms nav=0.03ms aim=0.00ms block=
22:38:22.421 entity=blue_robot_4 role=infantry team=blue branch=fallback_direct total=7.53ms nav=0.02ms aim=0.00ms block=
22:38:25.548 entity=blue_robot_4 role=infantry team=blue branch=fallback_direct total=7.56ms nav=0.02ms aim=0.00ms block=
22:38:31.752 entity=blue_robot_4 role=infantry team=blue branch=fallback_direct total=7.57ms nav=0.02ms aim=0.00ms block=
22:38:34.963 entity=blue_robot_4 role=infantry team=blue branch=fallback_direct total=7.42ms nav=0.02ms aim=0.00ms block=
22:38:41.160 entity=blue_robot_4 role=infantry team=blue branch=fallback_direct total=7.54ms nav=0.02ms aim=0.01ms block=
22:47:12.886 entity=red_robot_1 role=hero team=red branch=direct total=26.26ms nav=1.82ms aim=0.14ms block=
22:47:14.109 entity=red_robot_1 role=hero team=red branch=fallback_direct total=4.47ms nav=3.22ms aim=0.00ms block=
22:47:15.854 entity=blue_robot_4 role=infantry team=blue branch=fallback_direct total=12.43ms nav=0.03ms aim=0.00ms block=
03:19:21.175 entity=red_robot_1 role=hero team=red branch=direct total=15.87ms nav=1.59ms aim=0.12ms block=
03:19:22.229 entity=red_robot_1 role=hero team=red branch=fallback_direct total=4.44ms nav=3.22ms aim=0.00ms block=
16:47:14.271 entity=red_robot_1 role=hero team=red branch=direct total=6.07ms nav=1.52ms aim=0.32ms block=
16:47:15.392 entity=red_robot_1 role=hero team=red branch=direct total=81.69ms nav=0.00ms aim=0.00ms block=
16:47:16.461 entity=blue_robot_1 role=hero team=blue branch=fallback_direct total=9.27ms nav=0.02ms aim=0.00ms block=
16:47:18.529 entity=red_robot_2 role=engineer team=red branch=fallback_direct total=5.59ms nav=0.07ms aim=0.00ms block=
16:47:19.599 entity=blue_robot_4 role=infantry team=blue branch=fallback_direct total=9.36ms nav=0.01ms aim=0.00ms block=
16:47:22.969 entity=red_robot_2 role=engineer team=red branch=fallback_direct total=5.75ms nav=0.04ms aim=0.00ms block=
16:47:24.034 entity=blue_robot_2 role=engineer team=blue branch=fallback_direct total=12.48ms nav=0.03ms aim=0.00ms block=
16:47:26.084 entity=red_robot_2 role=engineer team=red branch=fallback_direct total=5.78ms nav=0.03ms aim=0.00ms block=
16:47:27.144 entity=blue_robot_2 role=engineer team=blue branch=fallback_direct total=6.58ms nav=0.03ms aim=0.00ms block=
16:47:29.220 entity=red_robot_2 role=engineer team=red branch=fallback_direct total=5.53ms nav=0.01ms aim=0.00ms block=
16:47:30.295 entity=blue_robot_4 role=infantry team=blue branch=fallback_direct total=9.06ms nav=0.01ms aim=0.00ms block=
16:47:31.927 entity=red_robot_1 role=hero team=red branch=reuse_drive total=4.34ms nav=0.00ms aim=4.33ms block=
16:47:32.400 entity=red_robot_2 role=engineer team=red branch=fallback_direct total=6.26ms nav=0.04ms aim=0.00ms block=
16:47:32.905 entity=red_robot_1 role=hero team=red branch=reuse_drive total=5.03ms nav=0.00ms aim=5.02ms block=
16:47:33.476 entity=blue_robot_1 role=hero team=blue branch=fallback_direct total=17.98ms nav=0.03ms aim=0.00ms block=
16:47:33.898 entity=red_robot_1 role=hero team=red branch=reuse_drive total=8.59ms nav=0.00ms aim=8.58ms block=
16:47:34.504 entity=red_robot_1 role=hero team=red branch=reuse_drive total=5.46ms nav=0.00ms aim=5.45ms block=
16:47:35.564 entity=red_robot_2 role=engineer team=red branch=fallback_direct total=5.61ms nav=0.03ms aim=0.00ms block=
16:47:36.724 entity=blue_robot_4 role=infantry team=blue branch=fallback_direct total=9.46ms nav=0.01ms aim=0.00ms block=
16:47:38.939 entity=red_robot_4 role=infantry team=red branch=fallback_direct total=25.36ms nav=0.01ms aim=0.00ms block=
16:47:40.052 entity=blue_robot_1 role=hero team=blue branch=fallback_direct total=32.15ms nav=0.02ms aim=0.00ms block=
16:47:42.289 entity=red_robot_4 role=infantry team=red branch=fallback_direct total=9.96ms nav=0.02ms aim=0.00ms block=
16:47:43.383 entity=blue_robot_1 role=hero team=blue branch=fallback_direct total=21.62ms nav=0.03ms aim=0.00ms block=
16:47:45.542 entity=red_robot_4 role=infantry team=red branch=fallback_direct total=9.43ms nav=0.02ms aim=0.00ms block=
16:47:46.584 entity=blue_robot_4 role=infantry team=blue branch=fallback_direct total=9.53ms nav=0.01ms aim=0.00ms block=
16:47:48.807 entity=red_robot_4 role=infantry team=red branch=fallback_direct total=24.26ms nav=0.02ms aim=0.00ms block=
16:47:49.891 entity=blue_robot_1 role=hero team=blue branch=fallback_direct total=29.87ms nav=0.02ms aim=0.00ms block=
16:47:52.060 entity=red_robot_4 role=infantry team=red branch=fallback_direct total=9.78ms nav=0.02ms aim=0.00ms block=
16:47:53.137 entity=blue_robot_1 role=hero team=blue branch=fallback_direct total=10.82ms nav=0.01ms aim=0.00ms block=
16:47:55.258 entity=red_robot_2 role=engineer team=red branch=fallback_direct total=5.67ms nav=0.03ms aim=0.00ms block=
16:47:56.340 entity=blue_robot_4 role=infantry team=blue branch=fallback_direct total=9.07ms nav=0.01ms aim=0.00ms block=
16:47:58.372 entity=red_robot_2 role=engineer team=red branch=fallback_direct total=5.41ms nav=0.02ms aim=0.00ms block=
16:47:59.481 entity=blue_robot_3 role=infantry team=blue branch=direct total=55.74ms nav=0.00ms aim=0.00ms block=
16:48:01.613 entity=red_robot_2 role=engineer team=red branch=fallback_direct total=7.64ms nav=0.03ms aim=0.01ms block=
16:48:02.682 entity=blue_robot_3 role=infantry team=blue branch=direct total=42.55ms nav=0.00ms aim=0.00ms block=
16:48:04.084 entity=blue_robot_1 role=hero team=blue branch=reuse_drive total=4.04ms nav=0.00ms aim=0.82ms block=
16:48:04.813 entity=red_robot_2 role=engineer team=red branch=fallback_direct total=5.46ms nav=0.02ms aim=0.00ms block=
16:48:05.690 entity=blue_robot_1 role=hero team=blue branch=reuse_drive total=5.61ms nav=0.00ms aim=0.00ms block=
16:48:06.214 entity=blue_robot_1 role=hero team=blue branch=reuse_drive total=4.04ms nav=0.00ms aim=0.00ms block=
16:48:07.511 entity=blue_robot_1 role=hero team=blue branch=reuse_drive total=4.05ms nav=0.00ms aim=0.00ms block=
16:48:07.917 entity=red_robot_2 role=engineer team=red branch=fallback_direct total=5.40ms nav=0.02ms aim=0.00ms block=
16:48:08.322 entity=blue_robot_1 role=hero team=blue branch=reuse_drive total=4.65ms nav=0.00ms aim=0.00ms block=
16:48:08.872 entity=blue_robot_1 role=hero team=blue branch=reuse_drive total=4.08ms nav=0.00ms aim=0.00ms block=
16:48:11.043 entity=red_robot_2 role=engineer team=red branch=fallback_direct total=5.60ms nav=0.02ms aim=0.00ms block=
16:48:12.143 entity=blue_robot_4 role=infantry team=blue branch=fallback_direct total=22.20ms nav=0.02ms aim=0.00ms block=
16:48:12.599 entity=blue_robot_1 role=hero team=blue branch=reuse_drive total=4.08ms nav=0.00ms aim=0.00ms block=
16:48:13.912 entity=blue_robot_1 role=hero team=blue branch=reuse_drive total=4.37ms nav=0.00ms aim=0.00ms block=
16:48:14.452 entity=red_robot_1 role=hero team=red branch=fallback_direct total=5.48ms nav=0.02ms aim=0.00ms block=
16:48:15.302 entity=blue_robot_1 role=hero team=blue branch=reuse_drive total=4.00ms nav=0.00ms aim=0.00ms block=
16:48:16.448 entity=blue_robot_1 role=hero team=blue branch=reuse_drive total=4.39ms nav=0.00ms aim=0.00ms block=
16:48:17.588 entity=red_robot_2 role=engineer team=red branch=fallback_direct total=5.55ms nav=0.02ms aim=0.00ms block=
16:48:18.684 entity=blue_robot_4 role=infantry team=blue branch=fallback_direct total=10.12ms nav=0.02ms aim=0.00ms block=
16:51:04.747 entity=red_robot_1 role=hero team=red branch=direct total=23.19ms nav=1.60ms aim=0.13ms block=
16:51:05.987 entity=red_robot_1 role=hero team=red branch=direct total=84.69ms nav=0.00ms aim=0.00ms block=
16:51:07.062 entity=blue_robot_1 role=hero team=blue branch=fallback_direct total=10.21ms nav=0.03ms aim=0.00ms block=
16:51:09.156 entity=red_robot_2 role=engineer team=red branch=fallback_direct total=5.40ms nav=0.03ms aim=0.00ms block=
16:51:10.221 entity=blue_robot_4 role=infantry team=blue branch=fallback_direct total=9.26ms nav=0.02ms aim=0.00ms block=
22:10:19.605 entity=red_robot_1 role=hero team=red branch=direct total=8.38ms nav=1.99ms aim=0.13ms block=
22:10:20.708 entity=red_robot_1 role=hero team=red branch=direct total=41.53ms nav=0.00ms aim=0.00ms block=
22:10:21.912 entity=blue_robot_1 role=hero team=blue branch=fallback_direct total=8.52ms nav=0.02ms aim=0.00ms block=
22:10:24.297 entity=red_robot_1 role=hero team=red branch=reuse_drive total=4.90ms nav=0.00ms aim=0.00ms block=
22:10:24.947 entity=red_robot_2 role=engineer team=red branch=fallback_direct total=5.52ms nav=0.03ms aim=0.00ms block=
22:10:26.471 entity=blue_robot_4 role=infantry team=blue branch=fallback_direct total=14.80ms nav=0.03ms aim=0.00ms block=
22:10:29.481 entity=red_robot_2 role=engineer team=red branch=fallback_direct total=5.64ms nav=0.03ms aim=0.00ms block=
22:10:31.002 entity=blue_robot_1 role=hero team=blue branch=fallback_direct total=16.28ms nav=0.04ms aim=0.00ms block=
22:10:31.917 entity=red_robot_3 role=infantry team=red branch=reuse_drive total=4.72ms nav=0.00ms aim=0.00ms block=
22:10:34.015 entity=red_robot_2 role=engineer team=red branch=fallback_direct total=5.67ms nav=0.02ms aim=0.00ms block=
22:10:35.542 entity=blue_robot_1 role=hero team=blue branch=fallback_direct total=10.81ms nav=0.02ms aim=0.00ms block=
22:10:38.569 entity=red_robot_2 role=engineer team=red branch=fallback_direct total=5.59ms nav=0.02ms aim=0.00ms block=
22:10:40.107 entity=blue_robot_4 role=infantry team=blue branch=fallback_direct total=11.46ms nav=0.02ms aim=0.00ms block=
22:10:43.137 entity=red_robot_2 role=engineer team=red branch=fallback_direct total=7.90ms nav=0.02ms aim=0.00ms block=
22:10:44.687 entity=blue_robot_4 role=infantry team=blue branch=fallback_direct total=24.63ms nav=0.02ms aim=0.00ms block=
22:10:47.689 entity=red_robot_2 role=engineer team=red branch=fallback_direct total=5.61ms nav=0.01ms aim=0.00ms block=
22:10:49.217 entity=blue_robot_4 role=infantry team=blue branch=fallback_direct total=7.84ms nav=0.02ms aim=0.00ms block=
22:10:52.231 entity=red_robot_2 role=engineer team=red branch=fallback_direct total=5.47ms nav=0.01ms aim=0.00ms block=
22:10:53.746 entity=blue_robot_2 role=engineer team=blue branch=fallback_direct total=7.06ms nav=0.02ms aim=0.00ms block=
22:10:56.770 entity=red_robot_2 role=engineer team=red branch=fallback_direct total=5.51ms nav=0.02ms aim=0.00ms block=
22:10:58.288 entity=blue_robot_2 role=engineer team=blue branch=fallback_direct total=8.69ms nav=0.02ms aim=0.00ms block=
22:11:00.284 entity=red_robot_1 role=hero team=red branch=reuse_drive total=8.78ms nav=0.00ms aim=8.76ms block=
22:11:00.736 entity=red_robot_1 role=hero team=red branch=reuse_drive total=8.59ms nav=0.00ms aim=8.58ms block=
22:11:01.198 entity=red_robot_1 role=hero team=red branch=reuse_drive total=13.66ms nav=0.00ms aim=13.65ms block=
22:11:02.580 entity=blue_robot_1 role=hero team=blue branch=reuse_drive total=5.21ms nav=0.00ms aim=0.00ms block=
22:11:04.146 entity=blue_robot_1 role=hero team=blue branch=reuse_drive total=12.67ms nav=0.00ms aim=12.67ms block=
22:11:04.616 entity=blue_robot_1 role=hero team=blue branch=reuse_drive total=19.11ms nav=0.00ms aim=19.10ms block=
22:11:05.082 entity=blue_robot_1 role=hero team=blue branch=reuse_drive total=9.19ms nav=0.00ms aim=9.19ms block=
22:11:05.547 entity=blue_robot_1 role=hero team=blue branch=reuse_drive total=17.97ms nav=0.00ms aim=17.93ms block=
22:11:05.997 entity=blue_robot_1 role=hero team=blue branch=reuse_drive total=8.81ms nav=0.00ms aim=8.80ms block=
22:11:06.469 entity=blue_robot_1 role=hero team=blue branch=reuse_drive total=19.95ms nav=0.00ms aim=16.81ms block=
22:11:06.911 entity=blue_robot_1 role=hero team=blue branch=reuse_drive total=9.11ms nav=0.00ms aim=9.11ms block=
22:11:07.440 entity=blue_robot_1 role=hero team=blue branch=reuse_drive total=7.60ms nav=0.00ms aim=7.59ms block=
22:11:08.258 entity=blue_robot_1 role=hero team=blue branch=reuse_drive total=9.32ms nav=0.00ms aim=9.31ms block=
22:11:08.670 entity=blue_robot_1 role=hero team=blue branch=reuse_drive total=8.31ms nav=0.00ms aim=8.31ms block=
22:11:09.072 entity=blue_robot_1 role=hero team=blue branch=reuse_drive total=7.31ms nav=0.00ms aim=7.31ms block=
22:11:09.487 entity=blue_robot_1 role=hero team=blue branch=reuse_drive total=9.00ms nav=0.00ms aim=9.00ms block=
22:11:09.892 entity=blue_robot_1 role=hero team=blue branch=reuse_drive total=8.26ms nav=0.00ms aim=8.25ms block=
22:11:10.349 entity=blue_robot_1 role=hero team=blue branch=reuse_drive total=7.13ms nav=0.00ms aim=7.13ms block=
22:11:10.819 entity=blue_robot_1 role=hero team=blue branch=reuse_drive total=19.77ms nav=0.00ms aim=19.77ms block=
22:11:11.262 entity=blue_robot_1 role=hero team=blue branch=reuse_drive total=6.62ms nav=0.00ms aim=6.61ms block=
22:11:11.813 entity=blue_robot_1 role=hero team=blue branch=reuse_drive total=7.07ms nav=0.00ms aim=7.07ms block=
22:11:12.231 entity=blue_robot_1 role=hero team=blue branch=reuse_drive total=6.56ms nav=0.00ms aim=6.56ms block=
22:11:12.655 entity=blue_robot_1 role=hero team=blue branch=reuse_drive total=19.64ms nav=0.00ms aim=19.63ms block=
22:11:14.455 entity=red_robot_1 role=hero team=red branch=direct total=38.70ms nav=0.01ms aim=0.00ms block=
22:11:16.023 entity=blue_robot_1 role=hero team=blue branch=fallback_direct total=8.86ms nav=0.02ms aim=0.00ms block=
22:11:18.399 entity=red_robot_2 role=engineer team=red branch=reuse_drive total=4.84ms nav=0.00ms aim=0.00ms block=
22:11:19.051 entity=red_robot_2 role=engineer team=red branch=fallback_direct total=5.35ms nav=0.02ms aim=0.00ms block=
22:11:20.573 entity=blue_robot_4 role=infantry team=blue branch=fallback_direct total=9.14ms nav=0.01ms aim=0.00ms block=
22:11:23.587 entity=red_robot_2 role=engineer team=red branch=fallback_direct total=5.47ms nav=0.01ms aim=0.00ms block=
22:11:25.113 entity=blue_robot_1 role=hero team=blue branch=fallback_direct total=14.98ms nav=0.02ms aim=0.00ms block=
22:11:28.222 entity=red_robot_2 role=engineer team=red branch=fallback_direct total=5.58ms nav=0.01ms aim=0.00ms block=
22:11:29.742 entity=blue_robot_1 role=hero team=blue branch=fallback_direct total=10.77ms nav=0.02ms aim=0.00ms block=
22:11:45.206 entity=red_robot_1 role=hero team=red branch=direct total=30.60ms nav=0.00ms aim=0.00ms block=
22:11:46.226 entity=blue_robot_1 role=hero team=blue branch=fallback_direct total=8.12ms nav=0.01ms aim=0.00ms block=
22:11:48.264 entity=red_robot_2 role=engineer team=red branch=fallback_direct total=5.60ms nav=0.03ms aim=0.00ms block=
22:11:49.302 entity=blue_robot_4 role=infantry team=blue branch=fallback_direct total=12.83ms nav=0.02ms aim=0.00ms block=
22:11:51.308 entity=red_robot_2 role=engineer team=red branch=fallback_direct total=5.36ms nav=0.01ms aim=0.00ms block=
22:11:52.351 entity=blue_robot_1 role=hero team=blue branch=fallback_direct total=14.91ms nav=0.02ms aim=0.00ms block=
22:11:53.913 entity=red_robot_1 role=hero team=red branch=reuse_drive total=5.58ms nav=0.00ms aim=5.57ms block=
22:11:54.404 entity=red_robot_2 role=engineer team=red branch=fallback_direct total=5.59ms nav=0.02ms aim=0.00ms block=
22:11:54.860 entity=red_robot_1 role=hero team=red branch=reuse_drive total=5.36ms nav=0.00ms aim=5.35ms block=
22:11:55.457 entity=blue_robot_1 role=hero team=blue branch=fallback_direct total=10.01ms nav=0.02ms aim=0.00ms block=
22:11:55.820 entity=red_robot_1 role=hero team=red branch=reuse_drive total=4.89ms nav=0.00ms aim=4.88ms block=
22:11:56.435 entity=red_robot_1 role=hero team=red branch=reuse_drive total=4.29ms nav=0.00ms aim=4.24ms block=
22:11:57.515 entity=red_robot_2 role=engineer team=red branch=fallback_direct total=5.42ms nav=0.01ms aim=0.00ms block=
22:11:58.583 entity=blue_robot_1 role=hero team=blue branch=fallback_direct total=36.35ms nav=0.02ms aim=0.00ms block=
22:12:00.625 entity=red_robot_2 role=engineer team=red branch=fallback_direct total=5.75ms nav=0.03ms aim=0.00ms block=
22:12:01.732 entity=blue_robot_1 role=hero team=blue branch=fallback_direct total=6.88ms nav=0.01ms aim=0.00ms block=
22:12:03.797 entity=red_robot_2 role=engineer team=red branch=fallback_direct total=5.52ms nav=0.03ms aim=0.00ms block=
22:12:04.865 entity=blue_robot_4 role=infantry team=blue branch=fallback_direct total=7.55ms nav=0.01ms aim=0.00ms block=
22:12:06.893 entity=red_robot_2 role=engineer team=red branch=fallback_direct total=5.46ms nav=0.02ms aim=0.00ms block=
22:12:07.941 entity=blue_robot_2 role=engineer team=blue branch=fallback_direct total=23.26ms nav=0.01ms aim=0.00ms block=
22:12:09.967 entity=red_robot_2 role=engineer team=red branch=fallback_direct total=5.41ms nav=0.02ms aim=0.00ms block=
22:12:11.004 entity=blue_robot_2 role=engineer team=blue branch=fallback_direct total=8.61ms nav=0.01ms aim=0.00ms block=
22:12:11.921 entity=red_robot_2 role=engineer team=red branch=reuse_drive total=4.17ms nav=0.00ms aim=0.00ms block=
22:12:12.342 entity=red_robot_1 role=hero team=red branch=reuse_drive total=6.08ms nav=0.00ms aim=6.06ms block=
22:12:13.277 entity=red_robot_2 role=engineer team=red branch=fallback_direct total=5.46ms nav=0.02ms aim=0.00ms block=
22:12:13.888 entity=red_robot_1 role=hero team=red branch=reuse_drive total=6.57ms nav=0.00ms aim=3.15ms block=
22:12:14.364 entity=blue_robot_3 role=infantry team=blue branch=direct total=56.31ms nav=0.00ms aim=0.00ms block=
22:12:15.757 entity=red_robot_1 role=hero team=red branch=fallback_direct total=5.48ms nav=0.03ms aim=0.00ms block=
22:12:16.462 entity=red_robot_2 role=engineer team=red branch=fallback_direct total=5.52ms nav=0.03ms aim=0.00ms block=
22:12:17.506 entity=blue_robot_2 role=engineer team=blue branch=fallback_direct total=29.99ms nav=0.02ms aim=0.00ms block=
22:12:18.870 entity=red_robot_1 role=hero team=red branch=fallback_direct total=5.84ms nav=0.03ms aim=0.00ms block=
22:12:19.565 entity=red_robot_2 role=engineer team=red branch=fallback_direct total=5.41ms nav=0.03ms aim=0.00ms block=
22:12:20.620 entity=blue_robot_3 role=infantry team=blue branch=direct total=40.45ms nav=0.00ms aim=0.00ms block=
22:12:21.982 entity=red_robot_1 role=hero team=red branch=fallback_direct total=5.21ms nav=0.02ms aim=0.00ms block=
22:12:22.695 entity=red_robot_2 role=engineer team=red branch=fallback_direct total=5.34ms nav=0.02ms aim=0.00ms block=
22:12:23.755 entity=blue_robot_3 role=infantry team=blue branch=direct total=34.34ms nav=0.00ms aim=0.00ms block=
22:12:25.135 entity=red_robot_1 role=hero team=red branch=fallback_direct total=5.59ms nav=0.02ms aim=0.00ms block=
22:12:25.841 entity=red_robot_2 role=engineer team=red branch=fallback_direct total=5.32ms nav=0.02ms aim=0.00ms block=
22:12:26.878 entity=blue_robot_4 role=infantry team=blue branch=fallback_direct total=10.92ms nav=0.01ms aim=0.00ms block=
22:12:28.221 entity=red_robot_1 role=hero team=red branch=fallback_direct total=5.89ms nav=0.03ms aim=0.00ms block=
22:12:28.922 entity=red_robot_2 role=engineer team=red branch=fallback_direct total=5.56ms nav=0.02ms aim=0.10ms block=
22:12:29.954 entity=blue_robot_2 role=engineer team=blue branch=fallback_direct total=4.20ms nav=0.01ms aim=0.00ms block=
22:12:31.309 entity=red_robot_1 role=hero team=red branch=fallback_direct total=5.47ms nav=0.02ms aim=0.00ms block=
22:12:32.038 entity=red_robot_2 role=engineer team=red branch=fallback_direct total=5.50ms nav=0.02ms aim=0.00ms block=
22:12:32.732 entity=red_robot_1 role=hero team=red branch=reuse_drive total=7.70ms nav=0.00ms aim=7.68ms block=
22:12:33.114 entity=blue_robot_3 role=infantry team=blue branch=direct total=60.30ms nav=0.00ms aim=0.01ms block=
22:12:33.479 entity=red_robot_1 role=hero team=red branch=reuse_drive total=6.59ms nav=0.00ms aim=6.58ms block=
22:12:34.093 entity=red_robot_1 role=hero team=red branch=reuse_drive total=5.79ms nav=0.00ms aim=5.75ms block=
22:12:34.529 entity=red_robot_1 role=hero team=red branch=fallback_direct total=5.50ms nav=0.03ms aim=0.00ms block=
22:12:35.035 entity=red_robot_1 role=hero team=red branch=reuse_drive total=5.52ms nav=0.00ms aim=5.51ms block=
22:12:35.685 entity=red_robot_1 role=hero team=red branch=reuse_drive total=5.29ms nav=0.00ms aim=5.28ms block=
22:12:36.343 entity=red_robot_1 role=hero team=red branch=reuse_drive total=5.66ms nav=0.00ms aim=5.65ms block=
22:12:36.765 entity=red_robot_1 role=hero team=red branch=fallback_direct total=5.42ms nav=0.01ms aim=5.40ms block=
22:12:37.435 entity=red_robot_1 role=hero team=red branch=reuse_drive total=5.38ms nav=0.00ms aim=5.38ms block=
22:12:37.871 entity=red_robot_1 role=hero team=red branch=fallback_direct total=5.51ms nav=0.02ms aim=0.00ms block=
22:12:38.388 entity=red_robot_1 role=hero team=red branch=reuse_drive total=5.70ms nav=0.00ms aim=5.69ms block=
22:12:39.000 entity=red_robot_1 role=hero team=red branch=reuse_drive total=5.16ms nav=0.00ms aim=5.15ms block=
22:12:39.654 entity=blue_robot_3 role=infantry team=blue branch=direct total=52.21ms nav=0.00ms aim=0.00ms block=
22:12:40.049 entity=red_robot_1 role=hero team=red branch=reuse_drive total=5.05ms nav=0.00ms aim=5.04ms block=
22:12:40.694 entity=red_robot_1 role=hero team=red branch=reuse_drive total=5.00ms nav=0.00ms aim=4.99ms block=
22:12:41.112 entity=red_robot_1 role=hero team=red branch=fallback_direct total=5.16ms nav=0.02ms aim=0.00ms block=
22:12:41.669 entity=red_robot_1 role=hero team=red branch=reuse_drive total=4.78ms nav=0.00ms aim=4.77ms block=
22:12:42.024 entity=red_robot_1 role=hero team=red branch=reuse_drive total=4.94ms nav=0.00ms aim=4.94ms block=
22:12:42.670 entity=red_robot_1 role=hero team=red branch=reuse_drive total=4.92ms nav=0.00ms aim=4.91ms block=
22:12:43.020 entity=blue_robot_3 role=infantry team=blue branch=direct total=55.94ms nav=0.00ms aim=0.00ms block=
22:12:43.447 entity=red_robot_1 role=hero team=red branch=reuse_drive total=4.74ms nav=0.00ms aim=4.73ms block=
22:12:44.070 entity=red_robot_1 role=hero team=red branch=reuse_drive total=4.87ms nav=0.00ms aim=4.86ms block=
22:12:44.451 entity=red_robot_1 role=hero team=red branch=fallback_direct total=5.61ms nav=0.02ms aim=0.00ms block=
22:12:45.027 entity=red_robot_1 role=hero team=red branch=reuse_drive total=4.98ms nav=0.00ms aim=4.97ms block=
22:12:45.687 entity=red_robot_1 role=hero team=red branch=reuse_drive total=5.34ms nav=0.00ms aim=5.33ms block=
22:12:46.269 entity=blue_robot_3 role=infantry team=blue branch=direct total=27.64ms nav=0.00ms aim=0.00ms block=
22:12:46.655 entity=red_robot_1 role=hero team=red branch=reuse_drive total=4.91ms nav=0.00ms aim=4.90ms block=
22:12:47.267 entity=red_robot_1 role=hero team=red branch=reuse_drive total=4.81ms nav=0.00ms aim=4.80ms block=
22:12:47.652 entity=red_robot_1 role=hero team=red branch=fallback_direct total=5.33ms nav=0.02ms aim=0.00ms block=
22:12:48.296 entity=red_robot_1 role=hero team=red branch=reuse_drive total=5.03ms nav=0.00ms aim=5.02ms block=
22:12:48.662 entity=red_robot_1 role=hero team=red branch=reuse_drive total=5.37ms nav=0.00ms aim=5.37ms block=
22:12:49.270 entity=red_robot_1 role=hero team=red branch=reuse_drive total=5.78ms nav=0.00ms aim=5.77ms block=
22:12:49.624 entity=blue_robot_4 role=infantry team=blue branch=direct total=55.45ms nav=0.00ms aim=0.00ms block=
22:12:50.031 entity=red_robot_1 role=hero team=red branch=reuse_drive total=5.31ms nav=0.00ms aim=5.27ms block=
22:12:50.683 entity=red_robot_1 role=hero team=red branch=reuse_drive total=5.09ms nav=0.00ms aim=5.08ms block=
22:12:51.036 entity=red_robot_1 role=hero team=red branch=reuse_drive total=5.13ms nav=0.00ms aim=5.12ms block=
22:12:51.740 entity=red_robot_1 role=hero team=red branch=reuse_drive total=5.11ms nav=0.00ms aim=5.10ms block=
22:12:52.099 entity=red_robot_1 role=hero team=red branch=reuse_drive total=5.29ms nav=0.00ms aim=5.28ms block=
22:12:52.460 entity=red_robot_1 role=hero team=red branch=reuse_drive total=5.26ms nav=0.00ms aim=5.26ms block=
22:12:53.076 entity=blue_robot_3 role=infantry team=blue branch=direct total=33.38ms nav=0.00ms aim=0.00ms block=
22:12:53.522 entity=red_robot_1 role=hero team=red branch=reuse_drive total=5.41ms nav=0.00ms aim=5.40ms block=
22:12:54.153 entity=red_robot_1 role=hero team=red branch=reuse_drive total=5.54ms nav=0.00ms aim=5.53ms block=
22:12:55.200 entity=red_robot_2 role=engineer team=red branch=fallback_direct total=5.38ms nav=0.03ms aim=0.00ms block=
22:12:56.259 entity=blue_robot_3 role=infantry team=blue branch=direct total=27.59ms nav=0.00ms aim=0.00ms block=
22:12:57.642 entity=red_robot_1 role=hero team=red branch=fallback_direct total=8.74ms nav=0.03ms aim=3.13ms block=
22:12:58.361 entity=red_robot_2 role=engineer team=red branch=fallback_direct total=5.24ms nav=0.02ms aim=0.00ms block=
22:12:59.402 entity=blue_robot_2 role=engineer team=blue branch=fallback_direct total=6.74ms nav=0.02ms aim=0.00ms block=
22:13:00.822 entity=red_robot_1 role=hero team=red branch=fallback_direct total=5.24ms nav=0.02ms aim=0.00ms block=
22:13:01.531 entity=red_robot_2 role=engineer team=red branch=fallback_direct total=5.27ms nav=0.02ms aim=0.00ms block=
22:13:02.560 entity=blue_robot_2 role=engineer team=blue branch=fallback_direct total=8.64ms nav=0.02ms aim=0.00ms block=
22:13:04.004 entity=red_robot_1 role=hero team=red branch=fallback_direct total=5.48ms nav=0.02ms aim=0.00ms block=
22:13:04.708 entity=red_robot_2 role=engineer team=red branch=fallback_direct total=5.43ms nav=0.02ms aim=0.00ms block=
22:13:05.776 entity=blue_robot_3 role=infantry team=blue branch=direct total=26.99ms nav=0.00ms aim=0.00ms block=
22:13:07.139 entity=red_robot_1 role=hero team=red branch=fallback_direct total=5.33ms nav=0.02ms aim=0.00ms block=
22:13:07.859 entity=red_robot_4 role=infantry team=red branch=fallback_direct total=20.12ms nav=0.02ms aim=0.00ms block=
22:13:08.911 entity=blue_robot_2 role=engineer team=blue branch=fallback_direct total=29.97ms nav=0.02ms aim=0.00ms block=
22:13:10.355 entity=red_robot_1 role=hero team=red branch=fallback_direct total=5.47ms nav=0.02ms aim=0.00ms block=
22:13:11.093 entity=red_robot_4 role=infantry team=red branch=fallback_direct total=32.01ms nav=0.03ms aim=0.00ms block=
22:13:12.149 entity=blue_robot_3 role=infantry team=blue branch=direct total=56.75ms nav=0.00ms aim=0.00ms block=
05:37:22.144 entity=blue_robot_7 role=sentry team=blue branch=tactical_nav total=20.81ms nav=9.17ms aim=0.00ms block=
05:39:21.720 entity=blue_robot_7 role=sentry team=blue branch=tactical_nav total=22.01ms nav=10.01ms aim=0.00ms block=
