22:18:24.928 item team=red name=红方基地顶部交互组件 components=9098 body_triangles=18001 pivot=(11.591,-0.323,-1.644)
22:18:24.933 unit team=red plate=base_top_slide light=False components=19 center=(11.591,-0.323,-1.644) normal=(1,0,0) size=(0.126,0.054)
22:18:24.934 unit team=red plate=base_top_slide light=True components=20 center=(11.591,-0.333,-1.644) normal=(-0.053,-0.999,-0) size=(0.131,0.066)
22:18:24.935 item team=blue name=蓝方基地顶部交互组件 components=9188 body_triangles=18326 pivot=(-11.593,-0.325,-1.644)
22:18:24.935 unit team=blue plate=base_top_slide light=False components=20 center=(-11.592,-0.324,-1.644) normal=(0.462,0.887,0) size=(0.126,0.057)
22:18:24.935 unit team=blue plate=base_top_slide light=True components=19 center=(-11.593,-0.33,-1.644) normal=(-0.136,-0.991,0) size=(0.131,0.055)
22:18:24.936 load_ok annotation=try.json terrain=RMUC2026_MAP.terraincache.lz4 items=2 units=4 body_triangles=36327 unit_triangles=2503
22:28:40.807 item team=red name=红方基地顶部交互组件 components=9098 body_triangles=18001 pivot=(11.591,-0.323,-1.644)
22:28:40.809 unit team=red plate=base_top_slide light=False components=19 center=(11.591,-0.323,-1.644) normal=(1,0,0) size=(0.126,0.054)
22:28:40.811 unit team=red plate=base_top_slide light=True components=20 center=(11.591,-0.333,-1.644) normal=(-0.053,-0.999,-0) size=(0.131,0.066)
22:28:40.815 item team=blue name=蓝方基地顶部交互组件 components=9188 body_triangles=18326 pivot=(-11.593,-0.325,-1.644)
22:28:40.816 unit team=blue plate=base_top_slide light=False components=20 center=(-11.592,-0.324,-1.644) normal=(0.462,0.887,0) size=(0.126,0.057)
22:28:40.817 unit team=blue plate=base_top_slide light=True components=19 center=(-11.593,-0.33,-1.644) normal=(-0.136,-0.991,0) size=(0.131,0.055)
22:28:40.818 load_ok annotation=try.json terrain=RMUC2026_MAP.terraincache.lz4 items=2 units=4 body_triangles=36327 unit_triangles=2503
22:57:12.370 item team=red name=红方基地顶部交互组件 components=9098 body_triangles=18001 pivot=(11.591,-0.323,-1.644)
22:57:12.372 unit team=red plate=base_top_slide light=False components=19 center=(11.591,-0.323,-1.644) normal=(1,0,0) size=(0.126,0.054)
22:57:12.372 unit team=red plate=base_top_slide light=True components=20 center=(11.591,-0.333,-1.644) normal=(-0.053,-0.999,-0) size=(0.131,0.066)
22:57:12.373 item team=blue name=蓝方基地顶部交互组件 components=9188 body_triangles=18326 pivot=(-11.593,-0.325,-1.644)
22:57:12.379 unit team=blue plate=base_top_slide light=False components=20 center=(-11.592,-0.324,-1.644) normal=(0.462,0.887,0) size=(0.126,0.057)
22:57:12.380 unit team=blue plate=base_top_slide light=True components=19 center=(-11.593,-0.33,-1.644) normal=(-0.136,-0.991,0) size=(0.131,0.055)
22:57:12.381 load_ok annotation=try.json terrain=RMUC2026_MAP.terraincache.lz4 items=2 units=4 body_triangles=36327 unit_triangles=2503
23:09:43.499 item team=red name=红方基地顶部交互组件 components=9098 body_triangles=18001 pivot=(11.591,-0.323,-1.644)
23:09:43.500 unit team=red plate=base_top_slide light=False components=19 center=(11.591,-0.323,-1.644) normal=(1,0,0) size=(0.126,0.054)
23:09:43.501 unit team=red plate=base_top_slide light=True components=20 center=(11.591,-0.333,-1.644) normal=(-0.053,-0.999,-0) size=(0.131,0.066)
23:09:43.501 item team=blue name=蓝方基地顶部交互组件 components=9188 body_triangles=18326 pivot=(-11.593,-0.325,-1.644)
23:09:43.502 unit team=blue plate=base_top_slide light=False components=20 center=(-11.592,-0.324,-1.644) normal=(0.462,0.887,0) size=(0.126,0.057)
23:09:43.502 unit team=blue plate=base_top_slide light=True components=19 center=(-11.593,-0.33,-1.644) normal=(-0.136,-0.991,0) size=(0.131,0.055)
23:09:43.503 load_ok annotation=try.json terrain=RMUC2026_MAP.terraincache.lz4 items=2 units=4 body_triangles=36327 unit_triangles=2503
23:20:23.276 item team=red name=红方基地顶部交互组件 components=9098 body_triangles=18001 pivot=(11.591,-0.323,-1.644)
23:20:23.279 unit team=red plate=base_top_slide light=False components=19 center=(11.591,-0.323,-1.644) normal=(1,0,0) size=(0.126,0.054)
23:20:23.280 unit team=red plate=base_top_slide light=True components=20 center=(11.591,-0.333,-1.644) normal=(-0.053,-0.999,-0) size=(0.131,0.066)
23:20:23.281 item team=blue name=蓝方基地顶部交互组件 components=9188 body_triangles=18326 pivot=(-11.593,-0.325,-1.644)
23:20:23.281 unit team=blue plate=base_top_slide light=False components=20 center=(-11.592,-0.324,-1.644) normal=(0.462,0.887,0) size=(0.126,0.057)
23:20:23.282 unit team=blue plate=base_top_slide light=True components=19 center=(-11.593,-0.33,-1.644) normal=(-0.136,-0.991,0) size=(0.131,0.055)
23:20:23.283 load_ok annotation=try.json terrain=RMUC2026_MAP.terraincache.lz4 items=2 units=4 body_triangles=36327 unit_triangles=2503
23:27:16.026 item team=red name=红方基地顶部交互组件 components=9098 body_triangles=18001 pivot=(11.591,-0.323,-1.644)
23:27:16.028 unit team=red plate=base_top_slide light=False components=19 center=(11.591,-0.323,-1.644) normal=(1,0,0) size=(0.126,0.054)
23:27:16.028 unit team=red plate=base_top_slide light=True components=20 center=(11.591,-0.333,-1.644) normal=(-0.053,-0.999,-0) size=(0.131,0.066)
23:27:16.041 item team=blue name=蓝方基地顶部交互组件 components=9188 body_triangles=18326 pivot=(-11.593,-0.325,-1.644)
23:27:16.042 unit team=blue plate=base_top_slide light=False components=20 center=(-11.592,-0.324,-1.644) normal=(0.462,0.887,0) size=(0.126,0.057)
23:27:16.042 unit team=blue plate=base_top_slide light=True components=19 center=(-11.593,-0.33,-1.644) normal=(-0.136,-0.991,0) size=(0.131,0.055)
23:27:16.043 load_ok annotation=try.json terrain=RMUC2026_MAP.terraincache.lz4 items=2 units=4 body_triangles=36327 unit_triangles=2503
23:29:52.573 item team=red name=红方基地顶部交互组件 components=9098 body_triangles=217761 pivot=(11.591,-0.323,-1.644)
23:29:52.581 unit team=red plate=base_top_slide light=False components=19 center=(11.591,-0.323,-1.644) normal=(1,0,0) size=(0.126,0.054)
23:29:52.582 unit team=red plate=base_top_slide light=True components=20 center=(11.591,-0.333,-1.644) normal=(-0.053,-0.999,-0) size=(0.131,0.066)
23:29:52.582 item team=blue name=蓝方基地顶部交互组件 components=9188 body_triangles=221545 pivot=(-11.593,-0.325,-1.644)
23:29:52.583 unit team=blue plate=base_top_slide light=False components=20 center=(-11.592,-0.324,-1.644) normal=(0.462,0.887,0) size=(0.126,0.057)
23:29:52.583 unit team=blue plate=base_top_slide light=True components=19 center=(-11.593,-0.33,-1.644) normal=(-0.136,-0.991,0) size=(0.131,0.055)
23:29:52.584 load_ok annotation=try.json terrain=RMUC2026_MAP.terraincache.lz4 items=2 units=4 body_triangles=439306 unit_triangles=2503
23:38:25.588 item team=red name=红方基地顶部交互组件 components=9098 body_triangles=217761 pivot=(11.591,-0.323,-1.644)
23:38:25.592 unit team=red plate=base_top_slide light=False components=19 center=(11.591,-0.323,-1.644) normal=(1,0,0) size=(0.126,0.054)
23:38:25.593 unit team=red plate=base_top_slide light=True components=20 center=(11.591,-0.333,-1.644) normal=(-0.053,-0.999,-0) size=(0.131,0.066)
23:38:25.593 item team=blue name=蓝方基地顶部交互组件 components=9188 body_triangles=221545 pivot=(-11.593,-0.325,-1.644)
23:38:25.594 unit team=blue plate=base_top_slide light=False components=20 center=(-11.592,-0.324,-1.644) normal=(0.462,0.887,0) size=(0.126,0.057)
23:38:25.594 unit team=blue plate=base_top_slide light=True components=19 center=(-11.593,-0.33,-1.644) normal=(-0.136,-0.991,0) size=(0.131,0.055)
23:38:25.595 load_ok annotation=try.json terrain=RMUC2026_MAP.terraincache.lz4 items=2 units=4 body_triangles=439306 unit_triangles=2503
23:45:58.888 item team=red name=红方基地顶部交互组件 components=9098 body_triangles=217761 pivot=(11.591,-0.323,-1.644)
23:45:58.889 unit team=red plate=base_top_slide light=False components=19 center=(11.591,-0.323,-1.644) normal=(1,0,0) size=(0.126,0.054)
23:45:58.890 unit team=red plate=base_top_slide light=True components=20 center=(11.591,-0.333,-1.644) normal=(-0.053,-0.999,-0) size=(0.131,0.066)
23:45:58.891 item team=blue name=蓝方基地顶部交互组件 components=9188 body_triangles=221545 pivot=(-11.593,-0.325,-1.644)
23:45:58.891 unit team=blue plate=base_top_slide light=False components=20 center=(-11.592,-0.324,-1.644) normal=(0.462,0.887,0) size=(0.126,0.057)
23:45:58.892 unit team=blue plate=base_top_slide light=True components=19 center=(-11.593,-0.33,-1.644) normal=(-0.136,-0.991,0) size=(0.131,0.055)
23:45:58.893 load_ok annotation=try.json terrain=RMUC2026_MAP.terraincache.lz4 items=2 units=4 body_triangles=439306 unit_triangles=2503
23:53:18.810 item team=red name=红方基地顶部交互组件 components=9098 body_triangles=217761 pivot=(11.591,-0.323,-1.644)
23:53:18.811 unit team=red plate=base_top_slide light=False components=19 center=(11.591,-0.323,-1.644) normal=(1,0,0) size=(0.126,0.054)
23:53:18.812 unit team=red plate=base_top_slide light=True components=20 center=(11.591,-0.333,-1.644) normal=(-0.053,-0.999,-0) size=(0.131,0.066)
23:53:18.812 item team=blue name=蓝方基地顶部交互组件 components=9188 body_triangles=221545 pivot=(-11.593,-0.325,-1.644)
23:53:18.812 unit team=blue plate=base_top_slide light=False components=20 center=(-11.592,-0.324,-1.644) normal=(0.462,0.887,0) size=(0.126,0.057)
23:53:18.813 unit team=blue plate=base_top_slide light=True components=19 center=(-11.593,-0.33,-1.644) normal=(-0.136,-0.991,0) size=(0.131,0.055)
23:53:18.813 load_ok annotation=try.json terrain=RMUC2026_MAP.terraincache.lz4 items=2 units=4 body_triangles=439306 unit_triangles=2503
00:13:24.078 item team=red name=红方基地顶部交互组件 components=9098 body_triangles=217761 pivot=(11.591,-0.323,-1.644)
00:13:24.079 unit team=red plate=base_top_slide light=False components=19 center=(11.591,-0.323,-1.644) normal=(1,0,0) size=(0.126,0.054)
00:13:24.080 unit team=red plate=base_top_slide light=True components=20 center=(11.591,-0.333,-1.644) normal=(-0.053,-0.999,-0) size=(0.131,0.066)
00:13:24.080 item team=blue name=蓝方基地顶部交互组件 components=9188 body_triangles=221545 pivot=(-11.593,-0.325,-1.644)
00:13:24.081 unit team=blue plate=base_top_slide light=False components=20 center=(-11.592,-0.324,-1.644) normal=(0.462,0.887,0) size=(0.126,0.057)
00:13:24.082 unit team=blue plate=base_top_slide light=True components=19 center=(-11.593,-0.33,-1.644) normal=(-0.136,-0.991,0) size=(0.131,0.055)
00:13:24.082 load_ok annotation=try.json terrain=RMUC2026_MAP.terraincache.lz4 items=2 units=4 body_triangles=439306 unit_triangles=2503
00:26:52.321 item team=red name=红方基地顶部交互组件 components=9098 body_triangles=217761 pivot=(11.591,-0.323,-1.644)
00:26:52.322 unit team=red plate=base_top_slide light=False components=19 center=(11.591,-0.323,-1.644) normal=(1,0,0) size=(0.126,0.054)
00:26:52.323 unit team=red plate=base_top_slide light=True components=20 center=(11.591,-0.333,-1.644) normal=(-0.053,-0.999,-0) size=(0.131,0.066)
00:26:52.324 item team=blue name=蓝方基地顶部交互组件 components=9188 body_triangles=221545 pivot=(-11.593,-0.325,-1.644)
00:26:52.325 unit team=blue plate=base_top_slide light=False components=20 center=(-11.592,-0.324,-1.644) normal=(0.462,0.887,0) size=(0.126,0.057)
00:26:52.326 unit team=blue plate=base_top_slide light=True components=19 center=(-11.593,-0.33,-1.644) normal=(-0.136,-0.991,0) size=(0.131,0.055)
00:26:52.326 load_ok annotation=try.json terrain=RMUC2026_MAP.terraincache.lz4 items=2 units=4 body_triangles=439306 unit_triangles=2503
00:52:27.505 load_fail runtime reference load failed annotation=try.json error=The process cannot access the file 'E:\Artinx\260111new\Simulator\maps\rmuc26map\RMUC2026_MAP.terraincache.lz4.tmp' because it is being used by another process.
00:52:43.290 item team=red name=红方基地顶部交互组件 components=9098 body_triangles=217761 pivot=(11.591,-0.323,-1.644)
00:52:43.291 unit team=red plate=base_top_slide light=False components=19 center=(11.591,-0.323,-1.644) normal=(1,0,0) size=(0.126,0.054)
00:52:43.291 unit team=red plate=base_top_slide light=True components=20 center=(11.591,-0.333,-1.644) normal=(-0.053,-0.999,-0) size=(0.131,0.066)
00:52:43.292 item team=blue name=蓝方基地顶部交互组件 components=9188 body_triangles=221545 pivot=(-11.593,-0.325,-1.644)
00:52:43.292 unit team=blue plate=base_top_slide light=False components=20 center=(-11.592,-0.324,-1.644) normal=(0.462,0.887,0) size=(0.126,0.057)
00:52:43.293 unit team=blue plate=base_top_slide light=True components=19 center=(-11.593,-0.33,-1.644) normal=(-0.136,-0.991,0) size=(0.131,0.055)
00:52:43.293 load_ok annotation=try.json terrain=RMUC2026_MAP.terraincache.lz4 items=2 units=4 body_triangles=439306 unit_triangles=2503
00:59:59.522 item team=red name=红方基地顶部交互组件 components=9098 body_triangles=217761 pivot=(11.591,-0.323,-1.644)
00:59:59.524 unit team=red plate=base_top_slide light=False components=19 center=(11.591,-0.323,-1.644) normal=(1,0,0) size=(0.126,0.054)
00:59:59.525 unit team=red plate=base_top_slide light=True components=20 center=(11.591,-0.333,-1.644) normal=(-0.053,-0.999,-0) size=(0.131,0.066)
00:59:59.526 item team=blue name=蓝方基地顶部交互组件 components=9188 body_triangles=221545 pivot=(-11.593,-0.325,-1.644)
00:59:59.526 unit team=blue plate=base_top_slide light=False components=20 center=(-11.592,-0.324,-1.644) normal=(0.462,0.887,0) size=(0.126,0.057)
00:59:59.527 unit team=blue plate=base_top_slide light=True components=19 center=(-11.593,-0.33,-1.644) normal=(-0.136,-0.991,0) size=(0.131,0.055)
00:59:59.527 load_ok annotation=try.json terrain=RMUC2026_MAP.terraincache.lz4 items=2 units=4 body_triangles=439306 unit_triangles=2503
01:02:31.058 item team=red name=红方基地顶部交互组件 components=9098 body_triangles=217761 pivot=(11.591,-0.323,-1.644)
01:02:31.059 unit team=red plate=base_top_slide light=False components=19 center=(11.591,-0.323,-1.644) normal=(1,0,0) size=(0.126,0.054)
01:02:31.059 unit team=red plate=base_top_slide light=True components=20 center=(11.591,-0.333,-1.644) normal=(-0.053,-0.999,-0) size=(0.131,0.066)
01:02:31.060 item team=blue name=蓝方基地顶部交互组件 components=9188 body_triangles=221545 pivot=(-11.593,-0.325,-1.644)
01:02:31.061 unit team=blue plate=base_top_slide light=False components=20 center=(-11.592,-0.324,-1.644) normal=(0.462,0.887,0) size=(0.126,0.057)
01:02:31.061 unit team=blue plate=base_top_slide light=True components=19 center=(-11.593,-0.33,-1.644) normal=(-0.136,-0.991,0) size=(0.131,0.055)
01:02:31.062 load_ok annotation=try.json terrain=RMUC2026_MAP.terraincache.lz4 items=2 units=4 body_triangles=439306 unit_triangles=2503
01:12:56.031 item team=red name=红方基地顶部交互组件 components=9098 body_triangles=217761 pivot=(11.591,-0.323,-1.644)
01:12:56.038 unit team=red plate=base_top_slide light=False components=19 center=(11.591,-0.323,-1.644) normal=(1,0,0) size=(0.126,0.054)
01:12:56.039 unit team=red plate=base_top_slide light=True components=20 center=(11.591,-0.333,-1.644) normal=(-0.053,-0.999,-0) size=(0.131,0.066)
01:12:56.039 item team=blue name=蓝方基地顶部交互组件 components=9188 body_triangles=221545 pivot=(-11.593,-0.325,-1.644)
01:12:56.040 unit team=blue plate=base_top_slide light=False components=20 center=(-11.592,-0.324,-1.644) normal=(0.462,0.887,0) size=(0.126,0.057)
01:12:56.040 unit team=blue plate=base_top_slide light=True components=19 center=(-11.593,-0.33,-1.644) normal=(-0.136,-0.991,0) size=(0.131,0.055)
01:12:56.041 load_ok annotation=try.json terrain=RMUC2026_MAP.terraincache.lz4 items=2 units=4 body_triangles=439306 unit_triangles=2503
01:39:36.058 item team=red name=红方基地顶部交互组件 components=9098 body_triangles=217761 pivot=(11.591,-0.323,-1.644)
01:39:36.064 unit team=red plate=base_top_slide light=False components=19 center=(11.591,-0.323,-1.644) normal=(1,0,0) size=(0.126,0.054)
01:39:36.065 unit team=red plate=base_top_slide light=True components=20 center=(11.591,-0.333,-1.644) normal=(-0.053,-0.999,-0) size=(0.131,0.066)
01:39:36.065 item team=blue name=蓝方基地顶部交互组件 components=9188 body_triangles=221545 pivot=(-11.593,-0.325,-1.644)
01:39:36.066 unit team=blue plate=base_top_slide light=False components=20 center=(-11.592,-0.324,-1.644) normal=(0.462,0.887,0) size=(0.126,0.057)
01:39:36.066 unit team=blue plate=base_top_slide light=True components=19 center=(-11.593,-0.33,-1.644) normal=(-0.136,-0.991,0) size=(0.131,0.055)
01:39:36.067 load_ok annotation=try.json terrain=RMUC2026_MAP.terraincache.lz4 items=2 units=4 body_triangles=439306 unit_triangles=2503
02:22:00.463 item team=red name=红方基地顶部交互组件 components=9098 body_triangles=217761 pivot=(11.591,-0.323,-1.644)
02:22:00.464 unit team=red plate=base_top_slide light=False components=19 center=(11.591,-0.323,-1.644) normal=(1,0,0) size=(0.126,0.054)
02:22:00.465 unit team=red plate=base_top_slide light=True components=20 center=(11.591,-0.333,-1.644) normal=(-0.053,-0.999,-0) size=(0.131,0.066)
02:22:00.466 item team=blue name=蓝方基地顶部交互组件 components=9188 body_triangles=221545 pivot=(-11.593,-0.325,-1.644)
02:22:00.467 unit team=blue plate=base_top_slide light=False components=20 center=(-11.592,-0.324,-1.644) normal=(0.462,0.887,0) size=(0.126,0.057)
02:22:00.467 unit team=blue plate=base_top_slide light=True components=19 center=(-11.593,-0.33,-1.644) normal=(-0.136,-0.991,0) size=(0.131,0.055)
02:22:00.468 load_ok annotation=try.json terrain=RMUC2026_MAP.terraincache.lz4 items=2 units=4 body_triangles=439306 unit_triangles=2503
02:53:21.940 item team=red name=红方基地顶部交互组件 components=9098 body_triangles=217761 pivot=(11.591,-0.323,-1.644)
02:53:21.969 unit team=red plate=base_top_slide light=False components=19 center=(11.591,-0.323,-1.644) normal=(1,0,0) size=(0.126,0.054)
02:53:21.970 unit team=red plate=base_top_slide light=True components=20 center=(11.591,-0.333,-1.644) normal=(-0.053,-0.999,-0) size=(0.131,0.066)
02:53:21.971 item team=blue name=蓝方基地顶部交互组件 components=9188 body_triangles=221545 pivot=(-11.593,-0.325,-1.644)
02:53:21.972 unit team=blue plate=base_top_slide light=False components=20 center=(-11.592,-0.324,-1.644) normal=(0.462,0.887,0) size=(0.126,0.057)
02:53:21.972 unit team=blue plate=base_top_slide light=True components=19 center=(-11.593,-0.33,-1.644) normal=(-0.136,-0.991,0) size=(0.131,0.055)
02:53:21.973 load_ok annotation=try.json terrain=RMUC2026_MAP.terraincache.lz4 items=2 units=4 body_triangles=439306 unit_triangles=2503
03:26:32.377 item team=red name=红方基地顶部交互组件 components=9098 body_triangles=217761 pivot=(11.591,-0.323,-1.644)
03:26:32.403 unit team=red plate=base_top_slide light=False components=19 center=(11.591,-0.323,-1.644) normal=(1,0,0) size=(0.126,0.054)
03:26:32.404 unit team=red plate=base_top_slide light=True components=20 center=(11.591,-0.333,-1.644) normal=(-0.053,-0.999,-0) size=(0.131,0.066)
03:26:32.405 item team=blue name=蓝方基地顶部交互组件 components=9188 body_triangles=221545 pivot=(-11.593,-0.325,-1.644)
03:26:32.406 unit team=blue plate=base_top_slide light=False components=20 center=(-11.592,-0.324,-1.644) normal=(0.462,0.887,0) size=(0.126,0.057)
03:26:32.407 unit team=blue plate=base_top_slide light=True components=19 center=(-11.593,-0.33,-1.644) normal=(-0.136,-0.991,0) size=(0.131,0.055)
03:26:32.408 load_ok annotation=try.json terrain=RMUC2026_MAP.terraincache.lz4 items=2 units=4 body_triangles=439306 unit_triangles=2503
03:41:52.002 item team=red name=红方基地顶部交互组件 components=9098 body_triangles=217761 pivot=(11.591,-0.323,-1.644)
03:41:52.022 unit team=red plate=base_top_slide light=False components=19 center=(11.591,-0.323,-1.644) normal=(1,0,0) size=(0.126,0.054)
03:41:52.022 unit team=red plate=base_top_slide light=True components=20 center=(11.591,-0.333,-1.644) normal=(-0.053,-0.999,-0) size=(0.131,0.066)
03:41:52.024 item team=blue name=蓝方基地顶部交互组件 components=9188 body_triangles=221545 pivot=(-11.593,-0.325,-1.644)
03:41:52.025 unit team=blue plate=base_top_slide light=False components=20 center=(-11.592,-0.324,-1.644) normal=(0.462,0.887,0) size=(0.126,0.057)
03:41:52.026 unit team=blue plate=base_top_slide light=True components=19 center=(-11.593,-0.33,-1.644) normal=(-0.136,-0.991,0) size=(0.131,0.055)
03:41:52.027 load_ok annotation=try.json terrain=RMUC2026_MAP.terraincache.lz4 items=2 units=4 body_triangles=439306 unit_triangles=2503
03:56:07.595 item team=red name=红方基地顶部交互组件 components=9098 body_triangles=217761 pivot=(11.591,-0.323,-1.644)
03:56:07.622 unit team=red plate=base_top_slide light=False components=19 center=(11.591,-0.323,-1.644) normal=(1,0,0) size=(0.126,0.054)
03:56:07.623 unit team=red plate=base_top_slide light=True components=20 center=(11.591,-0.333,-1.644) normal=(-0.053,-0.999,-0) size=(0.131,0.066)
03:56:07.624 item team=blue name=蓝方基地顶部交互组件 components=9188 body_triangles=221545 pivot=(-11.593,-0.325,-1.644)
03:56:07.627 unit team=blue plate=base_top_slide light=False components=20 center=(-11.592,-0.324,-1.644) normal=(0.462,0.887,0) size=(0.126,0.057)
03:56:07.628 unit team=blue plate=base_top_slide light=True components=19 center=(-11.593,-0.33,-1.644) normal=(-0.136,-0.991,0) size=(0.131,0.055)
03:56:07.629 load_ok annotation=try.json terrain=RMUC2026_MAP.terraincache.lz4 items=2 units=4 body_triangles=439306 unit_triangles=2503
18:50:04.457 item team=red name=红方基地顶部交互组件 components=9098 body_triangles=217761 pivot=(11.591,-0.323,-1.644)
18:50:04.459 unit team=red plate=base_top_slide light=False components=19 center=(11.591,-0.323,-1.644) normal=(1,0,0) size=(0.126,0.054)
18:50:04.460 unit team=red plate=base_top_slide light=True components=20 center=(11.591,-0.333,-1.644) normal=(-0.053,-0.999,-0) size=(0.131,0.066)
18:50:04.460 item team=blue name=蓝方基地顶部交互组件 components=9188 body_triangles=221545 pivot=(-11.593,-0.325,-1.644)
18:50:04.461 unit team=blue plate=base_top_slide light=False components=20 center=(-11.592,-0.324,-1.644) normal=(0.462,0.887,0) size=(0.126,0.057)
18:50:04.461 unit team=blue plate=base_top_slide light=True components=19 center=(-11.593,-0.33,-1.644) normal=(-0.136,-0.991,0) size=(0.131,0.055)
18:50:04.462 load_ok annotation=try.json terrain=RMUC2026_MAP.terraincache.lz4 items=2 units=4 body_triangles=439306 unit_triangles=2503
19:32:04.639 item team=red name=红方基地顶部交互组件 components=9098 body_triangles=217761 pivot=(11.591,-0.323,-1.644)
19:32:04.649 unit team=red plate=base_top_slide light=False components=19 center=(11.591,-0.323,-1.644) normal=(1,0,0) size=(0.126,0.054)
19:32:04.649 unit team=red plate=base_top_slide light=True components=20 center=(11.591,-0.333,-1.644) normal=(-0.053,-0.999,-0) size=(0.131,0.066)
19:32:04.652 item team=blue name=蓝方基地顶部交互组件 components=9188 body_triangles=221545 pivot=(-11.593,-0.325,-1.644)
19:32:04.652 unit team=blue plate=base_top_slide light=False components=20 center=(-11.592,-0.324,-1.644) normal=(0.462,0.887,0) size=(0.126,0.057)
19:32:04.653 unit team=blue plate=base_top_slide light=True components=19 center=(-11.593,-0.33,-1.644) normal=(-0.136,-0.991,0) size=(0.131,0.055)
19:32:04.654 load_ok annotation=try.json terrain=RMUC2026_MAP.terraincache.lz4 items=2 units=4 body_triangles=439306 unit_triangles=2503
19:33:28.469 item team=red name=红方基地顶部交互组件 components=9098 body_triangles=217761 pivot=(11.591,-0.323,-1.644)
19:33:28.474 unit team=red plate=base_top_slide light=False components=19 center=(11.591,-0.323,-1.644) normal=(1,0,0) size=(0.126,0.054)
19:33:28.475 unit team=red plate=base_top_slide light=True components=20 center=(11.591,-0.333,-1.644) normal=(-0.053,-0.999,-0) size=(0.131,0.066)
19:33:28.475 item team=blue name=蓝方基地顶部交互组件 components=9188 body_triangles=221545 pivot=(-11.593,-0.325,-1.644)
19:33:28.476 unit team=blue plate=base_top_slide light=False components=20 center=(-11.592,-0.324,-1.644) normal=(0.462,0.887,0) size=(0.126,0.057)
19:33:28.476 unit team=blue plate=base_top_slide light=True components=19 center=(-11.593,-0.33,-1.644) normal=(-0.136,-0.991,0) size=(0.131,0.055)
19:33:28.477 load_ok annotation=try.json terrain=RMUC2026_MAP.terraincache.lz4 items=2 units=4 body_triangles=439306 unit_triangles=2503
19:59:06.548 item team=red name=红方基地顶部交互组件 components=9098 body_triangles=217761 pivot=(11.591,-0.323,-1.644)
19:59:06.555 unit team=red plate=base_top_slide light=False components=19 center=(11.591,-0.323,-1.644) normal=(1,0,0) size=(0.126,0.054)
19:59:06.556 unit team=red plate=base_top_slide light=True components=20 center=(11.591,-0.333,-1.644) normal=(-0.053,-0.999,-0) size=(0.131,0.066)
19:59:06.557 item team=blue name=蓝方基地顶部交互组件 components=9188 body_triangles=221545 pivot=(-11.593,-0.325,-1.644)
19:59:06.558 unit team=blue plate=base_top_slide light=False components=20 center=(-11.592,-0.324,-1.644) normal=(0.462,0.887,0) size=(0.126,0.057)
19:59:06.559 unit team=blue plate=base_top_slide light=True components=19 center=(-11.593,-0.33,-1.644) normal=(-0.136,-0.991,0) size=(0.131,0.055)
19:59:06.560 load_ok annotation=try.json terrain=RMUC2026_MAP.terraincache.lz4 items=2 units=4 body_triangles=439306 unit_triangles=2503
20:29:19.249 item team=red name=红方基地顶部交互组件 components=9098 body_triangles=217761 pivot=(11.591,-0.323,-1.644)
20:29:19.255 unit team=red plate=base_top_slide light=False components=19 center=(11.591,-0.323,-1.644) normal=(1,0,0) size=(0.126,0.054)
20:29:19.256 unit team=red plate=base_top_slide light=True components=20 center=(11.591,-0.333,-1.644) normal=(-0.053,-0.999,-0) size=(0.131,0.066)
20:29:19.257 item team=blue name=蓝方基地顶部交互组件 components=9188 body_triangles=221545 pivot=(-11.593,-0.325,-1.644)
20:29:19.257 unit team=blue plate=base_top_slide light=False components=20 center=(-11.592,-0.324,-1.644) normal=(0.462,0.887,0) size=(0.126,0.057)
20:29:19.258 unit team=blue plate=base_top_slide light=True components=19 center=(-11.593,-0.33,-1.644) normal=(-0.136,-0.991,0) size=(0.131,0.055)
20:29:19.259 load_ok annotation=try.json terrain=RMUC2026_MAP.terraincache.lz4 items=2 units=4 body_triangles=439306 unit_triangles=2503
20:44:28.210 item team=red name=红方基地顶部交互组件 components=9098 body_triangles=217761 pivot=(11.591,-0.323,-1.644)
20:44:28.212 unit team=red plate=base_top_slide light=False components=19 center=(11.591,-0.323,-1.644) normal=(1,0,0) size=(0.126,0.054)
20:44:28.213 unit team=red plate=base_top_slide light=True components=20 center=(11.591,-0.333,-1.644) normal=(-0.053,-0.999,-0) size=(0.131,0.066)
20:44:28.214 item team=blue name=蓝方基地顶部交互组件 components=9188 body_triangles=221545 pivot=(-11.593,-0.325,-1.644)
20:44:28.216 unit team=blue plate=base_top_slide light=False components=20 center=(-11.592,-0.324,-1.644) normal=(0.462,0.887,0) size=(0.126,0.057)
20:44:28.217 unit team=blue plate=base_top_slide light=True components=19 center=(-11.593,-0.33,-1.644) normal=(-0.136,-0.991,0) size=(0.131,0.055)
20:44:28.218 load_ok annotation=try.json terrain=RMUC2026_MAP.terraincache.lz4 items=2 units=4 body_triangles=439306 unit_triangles=2503
22:25:16.743 item team=red name=红方基地顶部交互组件 components=9098 body_triangles=217761 pivot=(11.591,-0.323,-1.644)
22:25:16.750 unit team=red plate=base_top_slide light=False components=19 center=(11.591,-0.323,-1.644) normal=(1,0,0) size=(0.126,0.054)
22:25:16.759 unit team=red plate=base_top_slide light=True components=20 center=(11.591,-0.333,-1.644) normal=(-0.053,-0.999,-0) size=(0.131,0.066)
22:25:16.760 item team=blue name=蓝方基地顶部交互组件 components=9188 body_triangles=221545 pivot=(-11.593,-0.325,-1.644)
22:25:16.761 unit team=blue plate=base_top_slide light=False components=20 center=(-11.592,-0.324,-1.644) normal=(0.462,0.887,0) size=(0.126,0.057)
22:25:16.761 unit team=blue plate=base_top_slide light=True components=19 center=(-11.593,-0.33,-1.644) normal=(-0.136,-0.991,0) size=(0.131,0.055)
22:25:16.762 load_ok annotation=try.json terrain=RMUC2026_MAP.terraincache.lz4 items=2 units=4 body_triangles=439306 unit_triangles=2503
22:52:57.939 item team=red name=红方基地顶部交互组件 components=9098 body_triangles=217761 pivot=(11.591,-0.323,-1.644)
22:52:57.940 unit team=red plate=base_top_slide light=False components=19 center=(11.591,-0.323,-1.644) normal=(1,0,0) size=(0.126,0.054)
22:52:57.940 unit team=red plate=base_top_slide light=True components=20 center=(11.591,-0.333,-1.644) normal=(-0.053,-0.999,-0) size=(0.131,0.066)
22:52:57.940 item team=blue name=蓝方基地顶部交互组件 components=9188 body_triangles=221545 pivot=(-11.593,-0.325,-1.644)
22:52:57.941 unit team=blue plate=base_top_slide light=False components=20 center=(-11.592,-0.324,-1.644) normal=(0.462,0.887,0) size=(0.126,0.057)
22:52:57.941 unit team=blue plate=base_top_slide light=True components=19 center=(-11.593,-0.33,-1.644) normal=(-0.136,-0.991,0) size=(0.131,0.055)
22:52:57.942 load_ok annotation=try.json terrain=RMUC2026_MAP.terraincache.lz4 items=2 units=4 body_triangles=439306 unit_triangles=2503
23:22:08.571 item team=red name=红方基地顶部交互组件 components=9098 body_triangles=217761 pivot=(11.591,-0.323,-1.644)
23:22:08.572 unit team=red plate=base_top_slide light=False components=19 center=(11.591,-0.323,-1.644) normal=(1,0,0) size=(0.126,0.054)
23:22:08.573 unit team=red plate=base_top_slide light=True components=20 center=(11.591,-0.333,-1.644) normal=(-0.053,-0.999,-0) size=(0.131,0.066)
23:22:08.574 item team=blue name=蓝方基地顶部交互组件 components=9188 body_triangles=221545 pivot=(-11.593,-0.325,-1.644)
23:22:08.574 unit team=blue plate=base_top_slide light=False components=20 center=(-11.592,-0.324,-1.644) normal=(0.462,0.887,0) size=(0.126,0.057)
23:22:08.575 unit team=blue plate=base_top_slide light=True components=19 center=(-11.593,-0.33,-1.644) normal=(-0.136,-0.991,0) size=(0.131,0.055)
23:22:08.575 load_ok annotation=try.json terrain=RMUC2026_MAP.terraincache.lz4 items=2 units=4 body_triangles=439306 unit_triangles=2503
23:34:32.691 item team=red name=红方基地顶部交互组件 components=9098 body_triangles=217761 pivot=(11.591,-0.323,-1.644)
23:34:32.706 unit team=red plate=base_top_slide light=False components=19 center=(11.591,-0.323,-1.644) normal=(1,0,0) size=(0.126,0.054)
23:34:32.707 unit team=red plate=base_top_slide light=True components=20 center=(11.591,-0.333,-1.644) normal=(-0.053,-0.999,-0) size=(0.131,0.066)
23:34:32.707 item team=blue name=蓝方基地顶部交互组件 components=9188 body_triangles=221545 pivot=(-11.593,-0.325,-1.644)
23:34:32.707 unit team=blue plate=base_top_slide light=False components=20 center=(-11.592,-0.324,-1.644) normal=(0.462,0.887,0) size=(0.126,0.057)
23:34:32.708 unit team=blue plate=base_top_slide light=True components=19 center=(-11.593,-0.33,-1.644) normal=(-0.136,-0.991,0) size=(0.131,0.055)
23:34:32.708 load_ok annotation=try.json terrain=RMUC2026_MAP.terraincache.lz4 items=2 units=4 body_triangles=439306 unit_triangles=2503
00:32:54.822 item team=red name=红方基地顶部交互组件 components=9098 body_triangles=217761 pivot=(11.591,-0.323,-1.644)
00:32:54.828 unit team=red plate=base_top_slide light=False components=19 center=(11.591,-0.323,-1.644) normal=(1,0,0) size=(0.126,0.054)
00:32:54.829 unit team=red plate=base_top_slide light=True components=20 center=(11.591,-0.333,-1.644) normal=(-0.053,-0.999,-0) size=(0.131,0.066)
00:32:54.829 item team=blue name=蓝方基地顶部交互组件 components=9188 body_triangles=221545 pivot=(-11.593,-0.325,-1.644)
00:32:54.835 unit team=blue plate=base_top_slide light=False components=20 center=(-11.592,-0.324,-1.644) normal=(0.462,0.887,0) size=(0.126,0.057)
00:32:54.835 unit team=blue plate=base_top_slide light=True components=19 center=(-11.593,-0.33,-1.644) normal=(-0.136,-0.991,0) size=(0.131,0.055)
00:32:54.836 load_ok annotation=try.json terrain=RMUC2026_MAP.terraincache.lz4 items=2 units=4 body_triangles=439306 unit_triangles=2503
00:53:33.962 item team=red name=红方基地顶部交互组件 components=9098 body_triangles=217761 pivot=(11.591,-0.323,-1.644)
00:53:33.978 unit team=red plate=base_top_slide light=False components=19 center=(11.591,-0.323,-1.644) normal=(1,0,0) size=(0.126,0.054)
00:53:33.979 unit team=red plate=base_top_slide light=True components=20 center=(11.591,-0.333,-1.644) normal=(-0.053,-0.999,-0) size=(0.131,0.066)
00:53:33.979 item team=blue name=蓝方基地顶部交互组件 components=9188 body_triangles=221545 pivot=(-11.593,-0.325,-1.644)
00:53:33.980 unit team=blue plate=base_top_slide light=False components=20 center=(-11.592,-0.324,-1.644) normal=(0.462,0.887,0) size=(0.126,0.057)
00:53:33.980 unit team=blue plate=base_top_slide light=True components=19 center=(-11.593,-0.33,-1.644) normal=(-0.136,-0.991,0) size=(0.131,0.055)
00:53:33.981 load_ok annotation=try.json terrain=RMUC2026_MAP.terraincache.lz4 items=2 units=4 body_triangles=439306 unit_triangles=2503
00:57:43.581 item team=red name=红方基地顶部交互组件 components=9098 body_triangles=217761 pivot=(11.591,-0.323,-1.644)
00:57:43.607 unit team=red plate=base_top_slide light=False components=19 center=(11.591,-0.323,-1.644) normal=(1,0,0) size=(0.126,0.054)
00:57:43.608 unit team=red plate=base_top_slide light=True components=20 center=(11.591,-0.333,-1.644) normal=(-0.053,-0.999,-0) size=(0.131,0.066)
00:57:43.608 item team=blue name=蓝方基地顶部交互组件 components=9188 body_triangles=221545 pivot=(-11.593,-0.325,-1.644)
00:57:43.609 unit team=blue plate=base_top_slide light=False components=20 center=(-11.592,-0.324,-1.644) normal=(0.462,0.887,0) size=(0.126,0.057)
00:57:43.609 unit team=blue plate=base_top_slide light=True components=19 center=(-11.593,-0.33,-1.644) normal=(-0.136,-0.991,0) size=(0.131,0.055)
00:57:43.610 load_ok annotation=try.json terrain=RMUC2026_MAP.terraincache.lz4 items=2 units=4 body_triangles=439306 unit_triangles=2503
00:57:53.792 load_fail annotation missing for preset=map.json path=
01:20:16.945 item team=red name=红方基地顶部交互组件 components=9098 body_triangles=217761 pivot=(11.591,-0.323,-1.644)
01:20:16.958 unit team=red plate=base_top_slide light=False components=19 center=(11.591,-0.323,-1.644) normal=(1,0,0) size=(0.126,0.054)
01:20:16.967 unit team=red plate=base_top_slide light=True components=20 center=(11.591,-0.333,-1.644) normal=(-0.053,-0.999,-0) size=(0.131,0.066)
01:20:16.968 item team=blue name=蓝方基地顶部交互组件 components=9188 body_triangles=221545 pivot=(-11.593,-0.325,-1.644)
01:20:16.969 unit team=blue plate=base_top_slide light=False components=20 center=(-11.592,-0.324,-1.644) normal=(0.462,0.887,0) size=(0.126,0.057)
01:20:16.969 unit team=blue plate=base_top_slide light=True components=19 center=(-11.593,-0.33,-1.644) normal=(-0.136,-0.991,0) size=(0.131,0.055)
01:20:16.972 load_ok annotation=try.json terrain=RMUC2026_MAP.terraincache.lz4 items=2 units=4 body_triangles=439306 unit_triangles=2503
01:35:24.965 item team=red name=红方基地顶部交互组件 components=9098 body_triangles=217761 pivot=(11.591,-0.323,-1.644)
01:35:24.966 unit team=red plate=base_top_slide light=False components=19 center=(11.591,-0.323,-1.644) normal=(1,0,0) size=(0.126,0.054)
01:35:24.967 unit team=red plate=base_top_slide light=True components=20 center=(11.591,-0.333,-1.644) normal=(-0.053,-0.999,-0) size=(0.131,0.066)
01:35:24.968 item team=blue name=蓝方基地顶部交互组件 components=9188 body_triangles=221545 pivot=(-11.593,-0.325,-1.644)
01:35:24.968 unit team=blue plate=base_top_slide light=False components=20 center=(-11.592,-0.324,-1.644) normal=(0.462,0.887,0) size=(0.126,0.057)
01:35:24.969 unit team=blue plate=base_top_slide light=True components=19 center=(-11.593,-0.33,-1.644) normal=(-0.136,-0.991,0) size=(0.131,0.055)
01:35:24.969 load_ok annotation=try.json terrain=RMUC2026_MAP.terraincache.lz4 items=2 units=4 body_triangles=439306 unit_triangles=2503
01:44:10.282 item team=red name=红方基地顶部交互组件 components=9098 body_triangles=217761 pivot=(11.591,-0.323,-1.644)
01:44:10.283 unit team=red plate=base_top_slide light=False components=19 center=(11.591,-0.323,-1.644) normal=(1,0,0) size=(0.126,0.054)
01:44:10.284 unit team=red plate=base_top_slide light=True components=20 center=(11.591,-0.333,-1.644) normal=(-0.053,-0.999,-0) size=(0.131,0.066)
01:44:10.285 item team=blue name=蓝方基地顶部交互组件 components=9188 body_triangles=221545 pivot=(-11.593,-0.325,-1.644)
01:44:10.285 unit team=blue plate=base_top_slide light=False components=20 center=(-11.592,-0.324,-1.644) normal=(0.462,0.887,0) size=(0.126,0.057)
01:44:10.286 unit team=blue plate=base_top_slide light=True components=19 center=(-11.593,-0.33,-1.644) normal=(-0.136,-0.991,0) size=(0.131,0.055)
01:44:10.286 load_ok annotation=try.json terrain=RMUC2026_MAP.terraincache.lz4 items=2 units=4 body_triangles=439306 unit_triangles=2503
02:24:33.899 item team=red name=红方基地顶部交互组件 components=9098 body_triangles=217761 pivot=(11.591,-0.323,-1.644)
02:24:33.910 unit team=red plate=base_top_slide light=False components=19 center=(11.591,-0.323,-1.644) normal=(1,0,0) size=(0.126,0.054)
02:24:33.911 unit team=red plate=base_top_slide light=True components=20 center=(11.591,-0.333,-1.644) normal=(-0.053,-0.999,-0) size=(0.131,0.066)
02:24:33.920 item team=blue name=蓝方基地顶部交互组件 components=9188 body_triangles=221545 pivot=(-11.593,-0.325,-1.644)
02:24:33.921 unit team=blue plate=base_top_slide light=False components=20 center=(-11.592,-0.324,-1.644) normal=(0.462,0.887,0) size=(0.126,0.057)
02:24:33.922 unit team=blue plate=base_top_slide light=True components=19 center=(-11.593,-0.33,-1.644) normal=(-0.136,-0.991,0) size=(0.131,0.055)
02:24:33.923 load_ok annotation=try.json terrain=RMUC2026_MAP.terraincache.lz4 items=2 units=4 body_triangles=439306 unit_triangles=2503
02:52:49.343 item team=red name=红方基地顶部交互组件 components=9098 body_triangles=217761 pivot=(11.591,-0.323,-1.644)
02:52:49.384 unit team=red plate=base_top_slide light=False components=19 center=(11.591,-0.323,-1.644) normal=(1,0,0) size=(0.126,0.054)
02:52:49.385 unit team=red plate=base_top_slide light=True components=20 center=(11.591,-0.333,-1.644) normal=(-0.053,-0.999,-0) size=(0.131,0.066)
02:52:49.386 item team=blue name=蓝方基地顶部交互组件 components=9188 body_triangles=221545 pivot=(-11.593,-0.325,-1.644)
02:52:49.387 unit team=blue plate=base_top_slide light=False components=20 center=(-11.592,-0.324,-1.644) normal=(0.462,0.887,0) size=(0.126,0.057)
02:52:49.393 unit team=blue plate=base_top_slide light=True components=19 center=(-11.593,-0.33,-1.644) normal=(-0.136,-0.991,0) size=(0.131,0.055)
02:52:49.394 load_ok annotation=try.json terrain=RMUC2026_MAP.terraincache.lz4 items=2 units=4 body_triangles=439306 unit_triangles=2503
02:53:24.380 load_fail annotation missing for preset=map.json path=
02:53:54.374 load_fail annotation missing for preset=map.json path=
02:54:10.282 item team=red name=红方基地顶部交互组件 components=9098 body_triangles=217761 pivot=(11.591,-0.323,-1.644)
02:54:10.283 unit team=red plate=base_top_slide light=False components=19 center=(11.591,-0.323,-1.644) normal=(1,0,0) size=(0.126,0.054)
02:54:10.284 unit team=red plate=base_top_slide light=True components=20 center=(11.591,-0.333,-1.644) normal=(-0.053,-0.999,-0) size=(0.131,0.066)
02:54:10.285 item team=blue name=蓝方基地顶部交互组件 components=9188 body_triangles=221545 pivot=(-11.593,-0.325,-1.644)
02:54:10.286 unit team=blue plate=base_top_slide light=False components=20 center=(-11.592,-0.324,-1.644) normal=(0.462,0.887,0) size=(0.126,0.057)
02:54:10.287 unit team=blue plate=base_top_slide light=True components=19 center=(-11.593,-0.33,-1.644) normal=(-0.136,-0.991,0) size=(0.131,0.055)
02:54:10.288 load_ok annotation=try.json terrain=RMUC2026_MAP.terraincache.lz4 items=2 units=4 body_triangles=439306 unit_triangles=2503
03:06:12.615 item team=red name=红方基地顶部交互组件 components=9098 body_triangles=217761 pivot=(11.591,-0.323,-1.644)
03:06:12.654 unit team=red plate=base_top_slide light=False components=19 center=(11.591,-0.323,-1.644) normal=(1,0,0) size=(0.126,0.054)
03:06:12.655 unit team=red plate=base_top_slide light=True components=20 center=(11.591,-0.333,-1.644) normal=(-0.053,-0.999,-0) size=(0.131,0.066)
03:06:12.656 item team=blue name=蓝方基地顶部交互组件 components=9188 body_triangles=221545 pivot=(-11.593,-0.325,-1.644)
03:06:12.657 unit team=blue plate=base_top_slide light=False components=20 center=(-11.592,-0.324,-1.644) normal=(0.462,0.887,0) size=(0.126,0.057)
03:06:12.664 unit team=blue plate=base_top_slide light=True components=19 center=(-11.593,-0.33,-1.644) normal=(-0.136,-0.991,0) size=(0.131,0.055)
03:06:12.665 load_ok annotation=try.json terrain=RMUC2026_MAP.terraincache.lz4 items=2 units=4 body_triangles=439306 unit_triangles=2503
03:44:36.502 item team=red name=红方基地顶部交互组件 components=9098 body_triangles=217761 pivot=(11.591,-0.323,-1.644)
03:44:36.532 unit team=red plate=base_top_slide light=False components=19 center=(11.591,-0.323,-1.644) normal=(1,0,0) size=(0.126,0.054)
03:44:36.533 unit team=red plate=base_top_slide light=True components=20 center=(11.591,-0.333,-1.644) normal=(-0.053,-0.999,-0) size=(0.131,0.066)
03:44:36.534 item team=blue name=蓝方基地顶部交互组件 components=9188 body_triangles=221545 pivot=(-11.593,-0.325,-1.644)
03:44:36.535 unit team=blue plate=base_top_slide light=False components=20 center=(-11.592,-0.324,-1.644) normal=(0.462,0.887,0) size=(0.126,0.057)
03:44:36.535 unit team=blue plate=base_top_slide light=True components=19 center=(-11.593,-0.33,-1.644) normal=(-0.136,-0.991,0) size=(0.131,0.055)
03:44:36.536 load_ok annotation=try.json terrain=RMUC2026_MAP.terraincache.lz4 items=2 units=4 body_triangles=439306 unit_triangles=2503
03:59:35.861 item team=red name=红方基地顶部交互组件 components=9098 body_triangles=217761 pivot=(11.591,-0.323,-1.644)
03:59:35.879 unit team=red plate=base_top_slide light=False components=19 center=(11.591,-0.323,-1.644) normal=(1,0,0) size=(0.126,0.054)
03:59:35.880 unit team=red plate=base_top_slide light=True components=20 center=(11.591,-0.333,-1.644) normal=(-0.053,-0.999,-0) size=(0.131,0.066)
03:59:35.881 item team=blue name=蓝方基地顶部交互组件 components=9188 body_triangles=221545 pivot=(-11.593,-0.325,-1.644)
03:59:35.881 unit team=blue plate=base_top_slide light=False components=20 center=(-11.592,-0.324,-1.644) normal=(0.462,0.887,0) size=(0.126,0.057)
03:59:35.882 unit team=blue plate=base_top_slide light=True components=19 center=(-11.593,-0.33,-1.644) normal=(-0.136,-0.991,0) size=(0.131,0.055)
03:59:35.882 load_ok annotation=try.json terrain=RMUC2026_MAP.terraincache.lz4 items=2 units=4 body_triangles=439306 unit_triangles=2503
04:09:08.059 item team=red name=红方基地顶部交互组件 components=9098 body_triangles=217761 pivot=(11.591,-0.323,-1.644)
04:09:08.091 unit team=red plate=base_top_slide light=False components=19 center=(11.591,-0.323,-1.644) normal=(1,0,0) size=(0.126,0.054)
04:09:08.093 unit team=red plate=base_top_slide light=True components=20 center=(11.591,-0.333,-1.644) normal=(-0.053,-0.999,-0) size=(0.131,0.066)
04:09:08.093 item team=blue name=蓝方基地顶部交互组件 components=9188 body_triangles=221545 pivot=(-11.593,-0.325,-1.644)
04:09:08.094 unit team=blue plate=base_top_slide light=False components=20 center=(-11.592,-0.324,-1.644) normal=(0.462,0.887,0) size=(0.126,0.057)
04:09:08.095 unit team=blue plate=base_top_slide light=True components=19 center=(-11.593,-0.33,-1.644) normal=(-0.136,-0.991,0) size=(0.131,0.055)
04:09:08.096 load_ok annotation=try.json terrain=RMUC2026_MAP.terraincache.lz4 items=2 units=4 body_triangles=439306 unit_triangles=2503
05:08:07.360 item team=red name=红方基地顶部交互组件 components=9098 body_triangles=217761 pivot=(11.591,-0.323,-1.644)
05:08:07.362 unit team=red plate=base_top_slide light=False components=19 center=(11.591,-0.323,-1.644) normal=(1,0,0) size=(0.126,0.054)
05:08:07.363 unit team=red plate=base_top_slide light=True components=20 center=(11.591,-0.333,-1.644) normal=(-0.053,-0.999,-0) size=(0.131,0.066)
05:08:07.363 item team=blue name=蓝方基地顶部交互组件 components=9188 body_triangles=221545 pivot=(-11.593,-0.325,-1.644)
05:08:07.364 unit team=blue plate=base_top_slide light=False components=20 center=(-11.592,-0.324,-1.644) normal=(0.462,0.887,0) size=(0.126,0.057)
05:08:07.364 unit team=blue plate=base_top_slide light=True components=19 center=(-11.593,-0.33,-1.644) normal=(-0.136,-0.991,0) size=(0.131,0.055)
05:08:07.365 load_ok annotation=try.json terrain=RMUC2026_MAP.terraincache.lz4 items=2 units=4 body_triangles=439306 unit_triangles=2503
05:21:40.635 item team=red name=红方基地顶部交互组件 components=9098 body_triangles=217761 pivot=(11.591,-0.323,-1.644)
05:21:40.641 unit team=red plate=base_top_slide light=False components=19 center=(11.591,-0.323,-1.644) normal=(1,0,0) size=(0.126,0.054)
05:21:40.642 unit team=red plate=base_top_slide light=True components=20 center=(11.591,-0.333,-1.644) normal=(-0.053,-0.999,-0) size=(0.131,0.066)
05:21:40.642 item team=blue name=蓝方基地顶部交互组件 components=9188 body_triangles=221545 pivot=(-11.593,-0.325,-1.644)
05:21:40.643 unit team=blue plate=base_top_slide light=False components=20 center=(-11.592,-0.324,-1.644) normal=(0.462,0.887,0) size=(0.126,0.057)
05:21:40.644 unit team=blue plate=base_top_slide light=True components=19 center=(-11.593,-0.33,-1.644) normal=(-0.136,-0.991,0) size=(0.131,0.055)
05:21:40.644 load_ok annotation=try.json terrain=RMUC2026_MAP.terraincache.lz4 items=2 units=4 body_triangles=439306 unit_triangles=2503
05:23:43.482 item team=red name=红方基地顶部交互组件 components=9098 body_triangles=217761 pivot=(11.591,-0.323,-1.644)
05:23:43.483 unit team=red plate=base_top_slide light=False components=19 center=(11.591,-0.323,-1.644) normal=(1,0,0) size=(0.126,0.054)
05:23:43.484 unit team=red plate=base_top_slide light=True components=20 center=(11.591,-0.333,-1.644) normal=(-0.053,-0.999,-0) size=(0.131,0.066)
05:23:43.484 item team=blue name=蓝方基地顶部交互组件 components=9188 body_triangles=221545 pivot=(-11.593,-0.325,-1.644)
05:23:43.485 unit team=blue plate=base_top_slide light=False components=20 center=(-11.592,-0.324,-1.644) normal=(0.462,0.887,0) size=(0.126,0.057)
05:23:43.486 unit team=blue plate=base_top_slide light=True components=19 center=(-11.593,-0.33,-1.644) normal=(-0.136,-0.991,0) size=(0.131,0.055)
05:23:43.487 load_ok annotation=try.json terrain=RMUC2026_MAP.terraincache.lz4 items=2 units=4 body_triangles=439306 unit_triangles=2503
05:39:50.710 item team=red name=红方基地顶部交互组件 components=9098 body_triangles=217761 pivot=(11.591,-0.323,-1.644)
05:39:50.775 unit team=red plate=base_top_slide light=False components=19 center=(11.591,-0.323,-1.644) normal=(1,0,0) size=(0.126,0.054)
05:39:50.776 unit team=red plate=base_top_slide light=True components=20 center=(11.591,-0.333,-1.644) normal=(-0.053,-0.999,-0) size=(0.131,0.066)
05:39:50.777 item team=blue name=蓝方基地顶部交互组件 components=9188 body_triangles=221545 pivot=(-11.593,-0.325,-1.644)
05:39:50.778 unit team=blue plate=base_top_slide light=False components=20 center=(-11.592,-0.324,-1.644) normal=(0.462,0.887,0) size=(0.126,0.057)
05:39:50.778 unit team=blue plate=base_top_slide light=True components=19 center=(-11.593,-0.33,-1.644) normal=(-0.136,-0.991,0) size=(0.131,0.055)
05:39:50.779 load_ok annotation=try.json terrain=RMUC2026_MAP.terraincache.lz4 items=2 units=4 body_triangles=439306 unit_triangles=2503
05:51:57.270 item team=red name=红方基地顶部交互组件 components=9098 body_triangles=217761 pivot=(11.591,-0.323,-1.644)
05:51:57.293 unit team=red plate=base_top_slide light=False components=19 center=(11.591,-0.323,-1.644) normal=(1,0,0) size=(0.126,0.054)
05:51:57.294 unit team=red plate=base_top_slide light=True components=20 center=(11.591,-0.333,-1.644) normal=(-0.053,-0.999,-0) size=(0.131,0.066)
05:51:57.295 item team=blue name=蓝方基地顶部交互组件 components=9188 body_triangles=221545 pivot=(-11.593,-0.325,-1.644)
05:51:57.296 unit team=blue plate=base_top_slide light=False components=20 center=(-11.592,-0.324,-1.644) normal=(0.462,0.887,0) size=(0.126,0.057)
05:51:57.296 unit team=blue plate=base_top_slide light=True components=19 center=(-11.593,-0.33,-1.644) normal=(-0.136,-0.991,0) size=(0.131,0.055)
05:51:57.297 load_ok annotation=try.json terrain=RMUC2026_MAP.terraincache.lz4 items=2 units=4 body_triangles=439306 unit_triangles=2503
05:56:39.118 item team=red name=红方基地顶部交互组件 components=9098 body_triangles=217761 pivot=(11.591,-0.323,-1.644)
05:56:39.123 unit team=red plate=base_top_slide light=False components=19 center=(11.591,-0.323,-1.644) normal=(1,0,0) size=(0.126,0.054)
05:56:39.123 unit team=red plate=base_top_slide light=True components=20 center=(11.591,-0.333,-1.644) normal=(-0.053,-0.999,-0) size=(0.131,0.066)
05:56:39.124 item team=blue name=蓝方基地顶部交互组件 components=9188 body_triangles=221545 pivot=(-11.593,-0.325,-1.644)
05:56:39.124 unit team=blue plate=base_top_slide light=False components=20 center=(-11.592,-0.324,-1.644) normal=(0.462,0.887,0) size=(0.126,0.057)
05:56:39.125 unit team=blue plate=base_top_slide light=True components=19 center=(-11.593,-0.33,-1.644) normal=(-0.136,-0.991,0) size=(0.131,0.055)
05:56:39.126 load_ok annotation=try.json terrain=RMUC2026_MAP.terraincache.lz4 items=2 units=4 body_triangles=439306 unit_triangles=2503
06:45:34.673 item team=red name=红方基地顶部交互组件 components=9098 body_triangles=217761 pivot=(11.591,-0.323,-1.644)
06:45:34.691 unit team=red plate=base_top_slide light=False components=19 center=(11.591,-0.323,-1.644) normal=(1,0,0) size=(0.126,0.054)
06:45:34.691 unit team=red plate=base_top_slide light=True components=20 center=(11.591,-0.333,-1.644) normal=(-0.053,-0.999,-0) size=(0.131,0.066)
06:45:34.692 item team=blue name=蓝方基地顶部交互组件 components=9188 body_triangles=221545 pivot=(-11.593,-0.325,-1.644)
06:45:34.693 unit team=blue plate=base_top_slide light=False components=20 center=(-11.592,-0.324,-1.644) normal=(0.462,0.887,0) size=(0.126,0.057)
06:45:34.693 unit team=blue plate=base_top_slide light=True components=19 center=(-11.593,-0.33,-1.644) normal=(-0.136,-0.991,0) size=(0.131,0.055)
06:45:34.694 load_ok annotation=try.json terrain=RMUC2026_MAP.terraincache.lz4 items=2 units=4 body_triangles=439306 unit_triangles=2503
06:54:26.805 item team=red name=红方基地顶部交互组件 components=9098 body_triangles=217761 pivot=(11.591,-0.323,-1.644)
06:54:26.836 unit team=red plate=base_top_slide light=False components=19 center=(11.591,-0.323,-1.644) normal=(1,0,0) size=(0.126,0.054)
06:54:26.838 unit team=red plate=base_top_slide light=True components=20 center=(11.591,-0.333,-1.644) normal=(-0.053,-0.999,-0) size=(0.131,0.066)
06:54:26.840 item team=blue name=蓝方基地顶部交互组件 components=9188 body_triangles=221545 pivot=(-11.593,-0.325,-1.644)
06:54:26.841 unit team=blue plate=base_top_slide light=False components=20 center=(-11.592,-0.324,-1.644) normal=(0.462,0.887,0) size=(0.126,0.057)
06:54:26.843 unit team=blue plate=base_top_slide light=True components=19 center=(-11.593,-0.33,-1.644) normal=(-0.136,-0.991,0) size=(0.131,0.055)
06:54:26.844 load_ok annotation=try.json terrain=RMUC2026_MAP.terraincache.lz4 items=2 units=4 body_triangles=439306 unit_triangles=2503
08:19:51.895 item team=red name=红方基地顶部交互组件 components=9098 body_triangles=217761 pivot=(11.591,-0.323,-1.644)
08:19:51.915 unit team=red plate=base_top_slide light=False components=19 center=(11.591,-0.323,-1.644) normal=(1,0,0) size=(0.126,0.054)
08:19:51.916 unit team=red plate=base_top_slide light=True components=20 center=(11.591,-0.333,-1.644) normal=(-0.053,-0.999,-0) size=(0.131,0.066)
08:19:51.916 item team=blue name=蓝方基地顶部交互组件 components=9188 body_triangles=221545 pivot=(-11.593,-0.325,-1.644)
08:19:51.917 unit team=blue plate=base_top_slide light=False components=20 center=(-11.592,-0.324,-1.644) normal=(0.462,0.887,0) size=(0.126,0.057)
08:19:51.918 unit team=blue plate=base_top_slide light=True components=19 center=(-11.593,-0.33,-1.644) normal=(-0.136,-0.991,0) size=(0.131,0.055)
08:19:51.918 load_ok annotation=try.json terrain=RMUC2026_MAP.terraincache.lz4 items=2 units=4 body_triangles=439306 unit_triangles=2503
08:45:22.872 item team=red name=红方基地顶部交互组件 components=9098 body_triangles=217761 pivot=(11.591,-0.323,-1.644)
08:45:22.901 unit team=red plate=base_top_slide light=False components=19 center=(11.591,-0.323,-1.644) normal=(1,0,0) size=(0.126,0.054)
08:45:22.902 unit team=red plate=base_top_slide light=True components=20 center=(11.591,-0.333,-1.644) normal=(-0.053,-0.999,-0) size=(0.131,0.066)
08:45:22.903 item team=blue name=蓝方基地顶部交互组件 components=9188 body_triangles=221545 pivot=(-11.593,-0.325,-1.644)
08:45:22.903 unit team=blue plate=base_top_slide light=False components=20 center=(-11.592,-0.324,-1.644) normal=(0.462,0.887,0) size=(0.126,0.057)
08:45:22.904 unit team=blue plate=base_top_slide light=True components=19 center=(-11.593,-0.33,-1.644) normal=(-0.136,-0.991,0) size=(0.131,0.055)
08:45:22.905 load_ok annotation=try.json terrain=RMUC2026_MAP.terraincache.lz4 items=2 units=4 body_triangles=439306 unit_triangles=2503
