22:18:25.028 phase=Loading paused=True loading_started_async_reset
22:18:25.032 phase=Loading paused=True async_reset_ready
22:18:25.035 phase=Loading paused=True loading_progress terrain_ready=False view_ready=False world_ready=True progress=0.694
22:18:25.409 phase=Loading paused=True view_ready
22:18:26.890 phase=Loading paused=True loading_progress terrain_ready=False view_ready=True world_ready=True progress=0.707
22:18:27.901 phase=Loading paused=True loading_progress terrain_ready=False view_ready=True world_ready=True progress=0.707
22:18:28.921 phase=Loading paused=True loading_progress terrain_ready=False view_ready=True world_ready=True progress=0.707
22:18:29.831 phase=Countdown paused=True countdown_started
22:18:32.848 phase=Live paused=False match_live
22:19:57.681 phase=Loading paused=True loading_started_async_reset
22:19:57.682 phase=Loading paused=True async_reset_ready
22:19:57.683 phase=Loading paused=True loading_progress terrain_ready=True view_ready=False world_ready=True progress=1.000
22:19:57.743 phase=Loading paused=True view_ready
22:19:57.745 phase=Countdown paused=True countdown_started
22:20:00.755 phase=Live paused=False match_live
22:28:43.719 phase=Loading paused=True loading_started_async_reset
22:28:43.725 phase=Loading paused=True async_reset_ready
22:28:43.728 phase=Loading paused=True loading_progress terrain_ready=False view_ready=False world_ready=True progress=0.707
22:28:45.912 phase=Loading paused=True view_ready
22:28:45.931 phase=Loading paused=True loading_progress terrain_ready=False view_ready=True world_ready=True progress=0.643
22:28:46.439 phase=Countdown paused=True countdown_started
22:28:49.457 phase=Live paused=False match_live
22:33:10.070 phase=Live paused=False match_restarted_live
22:57:19.737 phase=Loading paused=True loading_started_async_reset
22:57:19.741 phase=Loading paused=True async_reset_ready
22:57:19.743 phase=Loading paused=True loading_progress terrain_ready=True view_ready=False world_ready=True progress=1.000
22:57:21.378 phase=Loading paused=True view_ready
22:57:21.380 phase=Loading paused=True loading_progress terrain_ready=True view_ready=True world_ready=True progress=1.000
22:57:21.381 phase=Countdown paused=True countdown_started
22:57:24.389 phase=Live paused=False match_live
23:10:15.980 phase=Loading paused=True loading_started_async_reset
23:10:15.984 phase=Loading paused=True async_reset_ready
23:10:15.986 phase=Loading paused=True loading_progress terrain_ready=True view_ready=False world_ready=True progress=1.000
23:10:17.537 phase=Loading paused=True view_ready
23:10:17.539 phase=Loading paused=True loading_progress terrain_ready=True view_ready=True world_ready=True progress=1.000
23:10:17.540 phase=Countdown paused=True countdown_started
23:10:20.539 phase=Live paused=False match_live
23:20:25.240 phase=Loading paused=True loading_started_async_reset
23:20:25.243 phase=Loading paused=True async_reset_ready
23:20:25.246 phase=Loading paused=True loading_progress terrain_ready=False view_ready=False world_ready=True progress=0.707
23:20:26.963 phase=Loading paused=True view_ready
23:20:26.968 phase=Loading paused=True loading_progress terrain_ready=False view_ready=True world_ready=True progress=0.643
23:20:27.291 phase=Countdown paused=True countdown_started
23:20:30.294 phase=Live paused=False match_live
23:27:21.048 phase=Loading paused=True loading_started_async_reset
23:27:21.051 phase=Loading paused=True async_reset_ready
23:27:21.053 phase=Loading paused=True loading_progress terrain_ready=True view_ready=False world_ready=True progress=1.000
23:27:22.813 phase=Loading paused=True view_ready
23:27:22.816 phase=Loading paused=True loading_progress terrain_ready=True view_ready=True world_ready=True progress=1.000
23:27:22.817 phase=Countdown paused=True countdown_started
23:27:25.820 phase=Live paused=False match_live
23:30:24.228 phase=Loading paused=True loading_started_async_reset
23:30:24.231 phase=Loading paused=True async_reset_ready
23:30:24.233 phase=Loading paused=True loading_progress terrain_ready=True view_ready=False world_ready=True progress=1.000
23:30:26.116 phase=Loading paused=True view_ready
23:30:26.120 phase=Loading paused=True loading_progress terrain_ready=True view_ready=True world_ready=True progress=1.000
23:30:26.121 phase=Countdown paused=True countdown_started
23:30:29.133 phase=Live paused=False match_live
23:31:05.823 phase=Loading paused=True loading_started_async_reset
23:31:05.824 phase=Loading paused=True async_reset_ready
23:31:05.825 phase=Loading paused=True loading_progress terrain_ready=True view_ready=False world_ready=True progress=1.000
23:31:05.854 phase=Loading paused=True view_ready
23:31:05.855 phase=Countdown paused=True countdown_started
23:31:08.860 phase=Live paused=False match_live
23:33:26.446 phase=Loading paused=True loading_started_async_reset
23:33:26.446 phase=Loading paused=True async_reset_ready
23:33:26.447 phase=Loading paused=True loading_progress terrain_ready=True view_ready=False world_ready=True progress=1.000
23:33:26.474 phase=Loading paused=True view_ready
23:33:26.474 phase=Countdown paused=True countdown_started
23:33:29.481 phase=Live paused=False match_live
23:38:28.675 phase=Loading paused=True loading_started_async_reset
23:38:28.678 phase=Loading paused=True async_reset_ready
23:38:28.680 phase=Loading paused=True loading_progress terrain_ready=False view_ready=False world_ready=True progress=0.707
23:38:30.589 phase=Loading paused=True view_ready
23:38:30.593 phase=Loading paused=True loading_progress terrain_ready=False view_ready=True world_ready=True progress=0.643
23:38:30.906 phase=Countdown paused=True countdown_started
23:38:33.909 phase=Live paused=False match_live
23:45:58.887 phase=Loading paused=True loading_started_async_reset
23:45:58.891 phase=Loading paused=True async_reset_ready
23:45:58.894 phase=Loading paused=True loading_progress terrain_ready=False view_ready=False world_ready=True progress=0.694
23:45:59.501 phase=Loading paused=True view_ready
23:46:00.913 phase=Loading paused=True loading_progress terrain_ready=False view_ready=True world_ready=True progress=0.707
23:46:01.919 phase=Loading paused=True loading_progress terrain_ready=False view_ready=True world_ready=True progress=0.707
23:46:02.923 phase=Loading paused=True loading_progress terrain_ready=False view_ready=True world_ready=True progress=0.707
23:46:03.249 phase=Countdown paused=True countdown_started
23:46:06.255 phase=Live paused=False match_live
23:53:21.640 phase=Loading paused=True loading_started_async_reset
23:53:21.643 phase=Loading paused=True async_reset_ready
23:53:21.645 phase=Loading paused=True loading_progress terrain_ready=False view_ready=False world_ready=True progress=0.707
23:53:23.686 phase=Loading paused=True view_ready
23:53:23.690 phase=Loading paused=True loading_progress terrain_ready=False view_ready=True world_ready=True progress=0.643
23:53:23.920 phase=Countdown paused=True countdown_started
23:53:26.925 phase=Live paused=False match_live
23:54:32.022 phase=Live paused=False match_restarted_live
23:57:05.117 phase=Live paused=False match_restarted_live
23:57:39.276 phase=Live paused=False match_restarted_live
00:13:36.496 phase=Loading paused=True loading_started_async_reset
00:13:36.499 phase=Loading paused=True async_reset_ready
00:13:36.502 phase=Loading paused=True loading_progress terrain_ready=True view_ready=False world_ready=True progress=1.000
00:13:38.617 phase=Loading paused=True view_ready
00:13:38.620 phase=Loading paused=True loading_progress terrain_ready=True view_ready=True world_ready=True progress=1.000
00:13:38.620 phase=Countdown paused=True countdown_started
00:13:41.626 phase=Live paused=False match_live
00:26:55.216 phase=Loading paused=True loading_started_async_reset
00:26:55.219 phase=Loading paused=True async_reset_ready
00:26:55.221 phase=Loading paused=True loading_progress terrain_ready=False view_ready=False world_ready=True progress=0.707
00:26:57.065 phase=Loading paused=True view_ready
00:26:57.071 phase=Loading paused=True loading_progress terrain_ready=False view_ready=True world_ready=True progress=0.643
00:26:57.422 phase=Countdown paused=True countdown_started
00:27:00.431 phase=Live paused=False match_live
00:52:10.823 phase=Loading paused=True loading_started_async_reset
00:52:10.833 phase=Loading paused=True async_reset_ready
00:52:10.837 phase=Loading paused=True loading_progress terrain_ready=False view_ready=False world_ready=True progress=0.666
00:52:11.066 phase=Loading paused=True view_ready
00:52:12.100 phase=Loading paused=True loading_progress terrain_ready=False view_ready=True world_ready=True progress=0.666
00:52:13.167 phase=Loading paused=True loading_progress terrain_ready=False view_ready=True world_ready=True progress=0.666
00:52:14.182 phase=Loading paused=True loading_progress terrain_ready=False view_ready=True world_ready=True progress=0.666
00:52:15.203 phase=Loading paused=True loading_progress terrain_ready=False view_ready=True world_ready=True progress=0.666
00:52:16.208 phase=Loading paused=True loading_progress terrain_ready=False view_ready=True world_ready=True progress=0.666
00:52:17.213 phase=Loading paused=True loading_progress terrain_ready=False view_ready=True world_ready=True progress=0.666
00:52:18.227 phase=Loading paused=True loading_progress terrain_ready=False view_ready=True world_ready=True progress=0.666
00:52:19.234 phase=Loading paused=True loading_progress terrain_ready=False view_ready=True world_ready=True progress=0.666
00:52:20.252 phase=Loading paused=True loading_progress terrain_ready=False view_ready=True world_ready=True progress=0.666
00:52:21.252 phase=Loading paused=True loading_progress terrain_ready=False view_ready=True world_ready=True progress=0.666
00:52:22.256 phase=Loading paused=True loading_progress terrain_ready=False view_ready=True world_ready=True progress=0.666
00:52:23.259 phase=Loading paused=True loading_progress terrain_ready=False view_ready=True world_ready=True progress=0.666
00:52:24.290 phase=Loading paused=True loading_progress terrain_ready=False view_ready=True world_ready=True progress=0.666
00:52:25.919 phase=Loading paused=True loading_started_async_reset
00:52:25.920 phase=Loading paused=True async_reset_ready
00:52:25.921 phase=Loading paused=True loading_progress terrain_ready=False view_ready=False world_ready=True progress=0.666
00:52:25.961 phase=Loading paused=True view_ready
00:52:27.334 phase=Loading paused=True loading_progress terrain_ready=False view_ready=True world_ready=True progress=0.666
00:52:28.345 phase=Loading paused=True loading_progress terrain_ready=False view_ready=True world_ready=True progress=0.631
00:52:29.359 phase=Loading paused=True loading_progress terrain_ready=False view_ready=True world_ready=True progress=0.631
00:52:30.403 phase=Loading paused=True loading_progress terrain_ready=False view_ready=True world_ready=True progress=0.631
00:52:31.417 phase=Loading paused=True loading_progress terrain_ready=False view_ready=True world_ready=True progress=0.631
00:52:32.601 phase=Loading paused=True loading_progress terrain_ready=False view_ready=True world_ready=True progress=0.644
00:52:33.618 phase=Loading paused=True loading_progress terrain_ready=False view_ready=True world_ready=True progress=0.644
00:52:34.622 phase=Loading paused=True loading_progress terrain_ready=False view_ready=True world_ready=True progress=0.644
00:52:35.628 phase=Loading paused=True loading_progress terrain_ready=False view_ready=True world_ready=True progress=0.644
00:52:36.633 phase=Loading paused=True loading_progress terrain_ready=False view_ready=True world_ready=True progress=0.644
00:52:37.634 phase=Loading paused=True loading_progress terrain_ready=False view_ready=True world_ready=True progress=0.644
00:52:38.665 phase=Loading paused=True loading_progress terrain_ready=False view_ready=True world_ready=True progress=0.644
00:52:39.693 phase=Loading paused=True loading_progress terrain_ready=False view_ready=True world_ready=True progress=0.644
00:52:40.708 phase=Loading paused=True loading_progress terrain_ready=False view_ready=True world_ready=True progress=0.644
00:52:41.744 phase=Loading paused=True loading_progress terrain_ready=False view_ready=True world_ready=True progress=0.644
00:52:42.752 phase=Loading paused=True loading_progress terrain_ready=False view_ready=True world_ready=True progress=0.644
00:52:43.757 phase=Loading paused=True loading_progress terrain_ready=False view_ready=True world_ready=True progress=0.658
00:52:45.871 phase=Loading paused=True loading_progress terrain_ready=False view_ready=True world_ready=True progress=0.672
00:52:46.891 phase=Loading paused=True loading_progress terrain_ready=False view_ready=True world_ready=True progress=0.672
00:52:47.914 phase=Loading paused=True loading_progress terrain_ready=False view_ready=True world_ready=True progress=0.672
00:52:48.936 phase=Loading paused=True loading_progress terrain_ready=False view_ready=True world_ready=True progress=0.672
00:52:49.955 phase=Loading paused=True loading_progress terrain_ready=False view_ready=True world_ready=True progress=0.672
00:52:50.978 phase=Loading paused=True loading_progress terrain_ready=False view_ready=True world_ready=True progress=0.672
00:52:52.002 phase=Loading paused=True loading_progress terrain_ready=False view_ready=True world_ready=True progress=0.672
00:52:53.028 phase=Loading paused=True loading_progress terrain_ready=False view_ready=True world_ready=True progress=0.672
00:52:54.029 phase=Loading paused=True loading_progress terrain_ready=False view_ready=True world_ready=True progress=0.672
00:52:55.031 phase=Loading paused=True loading_progress terrain_ready=False view_ready=True world_ready=True progress=0.672
00:52:56.035 phase=Loading paused=True loading_progress terrain_ready=False view_ready=True world_ready=True progress=0.672
00:52:57.045 phase=Loading paused=True loading_progress terrain_ready=False view_ready=True world_ready=True progress=0.672
00:52:58.066 phase=Loading paused=True loading_progress terrain_ready=False view_ready=True world_ready=True progress=0.672
00:52:59.071 phase=Loading paused=True loading_progress terrain_ready=False view_ready=True world_ready=True progress=0.672
00:53:00.077 phase=Loading paused=True loading_progress terrain_ready=False view_ready=True world_ready=True progress=0.672
00:53:01.078 phase=Loading paused=True loading_progress terrain_ready=False view_ready=True world_ready=True progress=0.672
00:53:02.310 phase=Loading paused=True loading_started_async_reset
00:53:02.354 phase=Loading paused=True view_ready
00:53:04.178 phase=Loading paused=True async_reset_ready
00:53:04.178 phase=Loading paused=True loading_progress terrain_ready=False view_ready=True world_ready=True progress=0.707
00:53:05.185 phase=Loading paused=True loading_progress terrain_ready=False view_ready=True world_ready=True progress=0.707
00:53:06.185 phase=Loading paused=True loading_progress terrain_ready=False view_ready=True world_ready=True progress=0.707
01:00:36.594 phase=Loading paused=True loading_started_async_reset
01:00:36.599 phase=Loading paused=True async_reset_ready
01:00:36.603 phase=Loading paused=True loading_progress terrain_ready=True view_ready=False world_ready=True progress=1.000
01:00:38.521 phase=Loading paused=True view_ready
01:00:38.524 phase=Loading paused=True loading_progress terrain_ready=True view_ready=True world_ready=True progress=1.000
01:00:38.524 phase=Countdown paused=True countdown_started
01:00:41.528 phase=Live paused=False match_live
01:02:42.379 phase=Loading paused=True loading_started_async_reset
01:02:42.382 phase=Loading paused=True async_reset_ready
01:02:42.384 phase=Loading paused=True loading_progress terrain_ready=True view_ready=False world_ready=True progress=1.000
01:02:44.029 phase=Loading paused=True view_ready
01:02:44.031 phase=Loading paused=True loading_progress terrain_ready=True view_ready=True world_ready=True progress=1.000
01:02:44.031 phase=Countdown paused=True countdown_started
01:02:47.035 phase=Live paused=False match_live
01:14:18.639 phase=Loading paused=True loading_started_async_reset
01:14:18.645 phase=Loading paused=True async_reset_ready
01:14:18.648 phase=Loading paused=True loading_progress terrain_ready=True view_ready=False world_ready=True progress=1.000
01:14:20.579 phase=Loading paused=True view_ready
01:14:20.585 phase=Loading paused=True loading_progress terrain_ready=True view_ready=True world_ready=True progress=1.000
01:14:20.586 phase=Countdown paused=True countdown_started
01:14:23.592 phase=Live paused=False match_live
01:39:45.925 phase=Loading paused=True loading_started_async_reset
01:39:45.929 phase=Loading paused=True async_reset_ready
01:39:45.932 phase=Loading paused=True loading_progress terrain_ready=False view_ready=False world_ready=True progress=0.707
01:39:47.800 phase=Loading paused=True view_ready
01:39:47.804 phase=Loading paused=True loading_progress terrain_ready=False view_ready=True world_ready=True progress=0.643
01:39:48.052 phase=Countdown paused=True countdown_started
01:39:51.067 phase=Live paused=False match_live
01:40:58.091 phase=Loading paused=True loading_started_async_reset
01:40:58.093 phase=Loading paused=True async_reset_ready
01:40:58.094 phase=Loading paused=True loading_progress terrain_ready=True view_ready=False world_ready=True progress=1.000
01:40:58.121 phase=Loading paused=True view_ready
01:40:58.130 phase=Countdown paused=True countdown_started
01:41:02.399 phase=Loading paused=True loading_started_async_reset
01:41:02.399 phase=Loading paused=True async_reset_ready
01:41:02.400 phase=Loading paused=True loading_progress terrain_ready=True view_ready=False world_ready=True progress=1.000
01:41:02.422 phase=Loading paused=True view_ready
01:41:02.422 phase=Countdown paused=True countdown_started
01:41:05.431 phase=Live paused=False match_live
02:22:11.561 phase=Loading paused=True loading_started_async_reset
02:22:11.565 phase=Loading paused=True async_reset_ready
02:22:11.568 phase=Loading paused=True loading_progress terrain_ready=False view_ready=False world_ready=True progress=0.707
02:22:13.489 phase=Loading paused=True view_ready
02:22:13.494 phase=Loading paused=True loading_progress terrain_ready=False view_ready=True world_ready=True progress=0.643
02:22:13.850 phase=Countdown paused=True countdown_started
02:22:16.861 phase=Live paused=False match_live
02:25:41.481 phase=Live paused=False match_restarted_live
02:27:35.475 phase=Live paused=False match_restarted_live
02:29:06.920 phase=Live paused=False match_restarted_live
02:53:31.361 phase=Loading paused=True loading_started_async_reset
02:53:31.368 phase=Loading paused=True async_reset_ready
02:53:31.372 phase=Loading paused=True loading_progress terrain_ready=False view_ready=False world_ready=True progress=0.707
02:53:33.557 phase=Loading paused=True view_ready
02:53:33.561 phase=Loading paused=True loading_progress terrain_ready=False view_ready=True world_ready=True progress=0.707
02:53:34.565 phase=Loading paused=True loading_progress terrain_ready=False view_ready=True world_ready=True progress=0.707
02:53:35.588 phase=Loading paused=True loading_progress terrain_ready=False view_ready=True world_ready=True progress=0.707
02:53:36.645 phase=Loading paused=True loading_progress terrain_ready=False view_ready=True world_ready=True progress=0.956
02:53:36.758 phase=Countdown paused=True countdown_started
02:53:39.775 phase=Live paused=False match_live
02:54:56.206 phase=Live paused=False match_restarted_live
02:58:16.255 phase=Live paused=False match_restarted_live
03:26:49.959 phase=Loading paused=True loading_started_async_reset
03:26:49.963 phase=Loading paused=True async_reset_ready
03:26:49.966 phase=Loading paused=True loading_progress terrain_ready=False view_ready=False world_ready=True progress=0.707
03:26:51.863 phase=Loading paused=True view_ready
03:26:51.866 phase=Loading paused=True loading_progress terrain_ready=False view_ready=True world_ready=True progress=0.707
03:26:52.771 phase=Countdown paused=True countdown_started
03:26:55.777 phase=Live paused=False match_live
03:36:50.962 phase=Loading paused=True loading_started_async_reset
03:36:50.967 phase=Loading paused=True async_reset_ready
03:36:50.968 phase=Loading paused=True loading_progress terrain_ready=True view_ready=False world_ready=True progress=1.000
03:36:50.990 phase=Loading paused=True view_ready
03:36:50.991 phase=Countdown paused=True countdown_started
03:36:53.997 phase=Live paused=False match_live
03:42:00.500 phase=Loading paused=True loading_started_async_reset
03:42:00.507 phase=Loading paused=True async_reset_ready
03:42:00.511 phase=Loading paused=True loading_progress terrain_ready=False view_ready=False world_ready=True progress=0.707
03:42:02.449 phase=Loading paused=True view_ready
03:42:02.452 phase=Loading paused=True loading_progress terrain_ready=False view_ready=True world_ready=True progress=0.707
03:42:03.456 phase=Loading paused=True loading_progress terrain_ready=False view_ready=True world_ready=True progress=0.707
03:42:04.486 phase=Loading paused=True loading_progress terrain_ready=False view_ready=True world_ready=True progress=0.956
03:42:04.569 phase=Countdown paused=True countdown_started
03:42:07.573 phase=Live paused=False match_live
03:45:04.090 phase=Loading paused=True loading_started_async_reset
03:45:04.111 phase=Loading paused=True view_ready
03:45:04.112 phase=Loading paused=True async_reset_ready
03:45:04.113 phase=Loading paused=True loading_progress terrain_ready=True view_ready=True world_ready=True progress=1.000
03:45:04.114 phase=Countdown paused=True countdown_started
03:45:07.120 phase=Live paused=False match_live
03:45:45.246 phase=Loading paused=True loading_started_async_reset
03:45:45.247 phase=Loading paused=True async_reset_ready
03:45:45.248 phase=Loading paused=True loading_progress terrain_ready=True view_ready=False world_ready=True progress=1.000
03:45:45.270 phase=Loading paused=True view_ready
03:45:45.271 phase=Countdown paused=True countdown_started
03:45:48.283 phase=Live paused=False match_live
03:56:34.400 phase=Loading paused=True loading_started_async_reset
03:56:34.404 phase=Loading paused=True async_reset_ready
03:56:34.406 phase=Loading paused=True loading_progress terrain_ready=True view_ready=False world_ready=True progress=1.000
03:56:36.252 phase=Loading paused=True view_ready
03:56:36.255 phase=Loading paused=True loading_progress terrain_ready=True view_ready=True world_ready=True progress=1.000
03:56:36.256 phase=Countdown paused=True countdown_started
03:56:39.259 phase=Live paused=False match_live
18:50:12.848 phase=Loading paused=True loading_started_async_reset
18:50:12.851 phase=Loading paused=True async_reset_ready
18:50:12.853 phase=Loading paused=True loading_progress terrain_ready=False view_ready=False world_ready=True progress=0.707
18:50:14.522 phase=Loading paused=True view_ready
18:50:14.524 phase=Loading paused=True loading_progress terrain_ready=False view_ready=True world_ready=True progress=0.707
18:50:15.525 phase=Loading paused=True loading_progress terrain_ready=False view_ready=True world_ready=True progress=0.707
18:50:16.297 phase=Countdown paused=True countdown_started
18:50:19.304 phase=Live paused=False match_live
19:32:25.486 phase=Loading paused=True loading_started_async_reset
19:32:25.490 phase=Loading paused=True async_reset_ready
19:32:25.492 phase=Loading paused=True loading_progress terrain_ready=True view_ready=False world_ready=True progress=1.000
19:32:27.228 phase=Loading paused=True view_ready
19:32:27.231 phase=Loading paused=True loading_progress terrain_ready=True view_ready=True world_ready=True progress=1.000
19:32:27.232 phase=Countdown paused=True countdown_started
19:32:30.232 phase=Live paused=False match_live
19:34:06.881 phase=Loading paused=True loading_started_async_reset
19:34:06.884 phase=Loading paused=True async_reset_ready
19:34:06.886 phase=Loading paused=True loading_progress terrain_ready=True view_ready=False world_ready=True progress=1.000
19:34:08.654 phase=Loading paused=True view_ready
19:34:08.659 phase=Loading paused=True loading_progress terrain_ready=True view_ready=True world_ready=True progress=1.000
19:34:08.659 phase=Countdown paused=True countdown_started
19:34:11.661 phase=Live paused=False match_live
19:59:15.667 phase=Loading paused=True loading_started_async_reset
19:59:15.671 phase=Loading paused=True async_reset_ready
19:59:15.674 phase=Loading paused=True loading_progress terrain_ready=False view_ready=False world_ready=True progress=0.707
19:59:17.968 phase=Loading paused=True view_ready
19:59:18.027 phase=Loading paused=True loading_progress terrain_ready=False view_ready=True world_ready=True progress=0.707
19:59:19.031 phase=Loading paused=True loading_progress terrain_ready=False view_ready=True world_ready=True progress=0.707
19:59:20.040 phase=Loading paused=True loading_progress terrain_ready=False view_ready=True world_ready=True progress=0.707
19:59:20.706 phase=Countdown paused=True countdown_started
19:59:23.708 phase=Live paused=False match_live
20:29:27.385 phase=Loading paused=True loading_started_async_reset
20:29:27.388 phase=Loading paused=True async_reset_ready
20:29:27.390 phase=Loading paused=True loading_progress terrain_ready=False view_ready=False world_ready=True progress=0.707
20:29:29.189 phase=Loading paused=True view_ready
20:29:29.192 phase=Loading paused=True loading_progress terrain_ready=False view_ready=True world_ready=True progress=0.707
20:29:30.197 phase=Loading paused=True loading_progress terrain_ready=False view_ready=True world_ready=True progress=0.707
20:29:31.215 phase=Loading paused=True loading_progress terrain_ready=False view_ready=True world_ready=True progress=0.954
20:29:31.288 phase=Countdown paused=True countdown_started
20:29:34.307 phase=Live paused=False match_live
20:45:49.131 phase=Loading paused=True loading_started_async_reset
20:45:49.145 phase=Loading paused=True async_reset_ready
20:45:49.150 phase=Loading paused=True loading_progress terrain_ready=True view_ready=False world_ready=True progress=1.000
20:45:53.569 phase=Loading paused=True view_ready
20:45:53.574 phase=Loading paused=True loading_progress terrain_ready=True view_ready=True world_ready=True progress=1.000
20:45:53.575 phase=Countdown paused=True countdown_started
20:45:56.594 phase=Live paused=False match_live
22:25:35.260 phase=Loading paused=True loading_started_async_reset
22:25:35.272 phase=Loading paused=True async_reset_ready
22:25:35.275 phase=Loading paused=True loading_progress terrain_ready=True view_ready=False world_ready=True progress=1.000
22:25:38.566 phase=Loading paused=True view_ready
22:25:38.571 phase=Loading paused=True loading_progress terrain_ready=True view_ready=True world_ready=True progress=1.000
22:25:38.572 phase=Countdown paused=True countdown_started
22:25:41.596 phase=Live paused=False match_live
22:53:05.834 phase=Loading paused=True loading_started_async_reset
22:53:05.837 phase=Loading paused=True async_reset_ready
22:53:05.839 phase=Loading paused=True loading_progress terrain_ready=False view_ready=False world_ready=True progress=0.707
22:53:07.575 phase=Loading paused=True view_ready
22:53:07.577 phase=Loading paused=True loading_progress terrain_ready=False view_ready=True world_ready=True progress=0.707
22:53:08.578 phase=Loading paused=True loading_progress terrain_ready=False view_ready=True world_ready=True progress=0.707
22:53:09.586 phase=Loading paused=True loading_progress terrain_ready=False view_ready=True world_ready=True progress=0.707
22:53:10.041 phase=Countdown paused=True countdown_started
22:53:13.047 phase=Live paused=False match_live
23:23:44.776 phase=Loading paused=True loading_started_async_reset
23:23:44.788 phase=Loading paused=True async_reset_ready
23:23:44.790 phase=Loading paused=True loading_progress terrain_ready=True view_ready=False world_ready=True progress=1.000
23:23:46.589 phase=Loading paused=True view_ready
23:23:46.592 phase=Loading paused=True loading_progress terrain_ready=True view_ready=True world_ready=True progress=1.000
23:23:46.593 phase=Countdown paused=True countdown_started
23:23:49.597 phase=Live paused=False match_live
23:34:39.845 phase=Loading paused=True loading_started_async_reset
23:34:39.856 phase=Loading paused=True async_reset_ready
23:34:39.858 phase=Loading paused=True loading_progress terrain_ready=False view_ready=False world_ready=True progress=0.707
23:34:41.600 phase=Loading paused=True view_ready
23:34:41.604 phase=Loading paused=True loading_progress terrain_ready=False view_ready=True world_ready=True progress=0.707
23:34:42.606 phase=Loading paused=True loading_progress terrain_ready=False view_ready=True world_ready=True progress=0.707
23:34:43.613 phase=Loading paused=True loading_progress terrain_ready=False view_ready=True world_ready=True progress=0.707
23:34:44.031 phase=Countdown paused=True countdown_started
23:34:47.037 phase=Live paused=False match_live
00:33:05.097 phase=Loading paused=True loading_started_async_reset
00:33:05.100 phase=Loading paused=True async_reset_ready
00:33:05.102 phase=Loading paused=True loading_progress terrain_ready=False view_ready=False world_ready=True progress=0.707
00:33:06.959 phase=Loading paused=True view_ready
00:33:06.967 phase=Loading paused=True loading_progress terrain_ready=False view_ready=True world_ready=True progress=0.707
00:33:07.623 phase=Countdown paused=True countdown_started
00:33:10.635 phase=Live paused=False match_live
00:36:12.838 phase=Loading paused=True loading_started_async_reset
00:36:12.858 phase=Loading paused=True view_ready
00:36:12.859 phase=Loading paused=True async_reset_ready
00:36:12.859 phase=Loading paused=True loading_progress terrain_ready=True view_ready=True world_ready=True progress=1.000
00:36:12.860 phase=Countdown paused=True countdown_started
00:36:15.864 phase=Live paused=False match_live
00:54:07.283 phase=Loading paused=True loading_started_async_reset
00:54:07.295 phase=Loading paused=True async_reset_ready
00:54:07.297 phase=Loading paused=True loading_progress terrain_ready=True view_ready=False world_ready=True progress=1.000
00:54:08.951 phase=Loading paused=True view_ready
00:54:08.954 phase=Loading paused=True loading_progress terrain_ready=True view_ready=True world_ready=True progress=1.000
00:54:08.954 phase=Countdown paused=True countdown_started
00:54:11.955 phase=Live paused=False match_live
00:58:30.629 phase=Loading paused=True loading_started_async_reset
00:58:30.640 phase=Loading paused=True async_reset_ready
00:58:30.642 phase=Loading paused=True loading_progress terrain_ready=True view_ready=False world_ready=True progress=1.000
00:58:32.467 phase=Loading paused=True view_ready
00:58:32.469 phase=Loading paused=True loading_progress terrain_ready=True view_ready=True world_ready=True progress=1.000
00:58:32.469 phase=Countdown paused=True countdown_started
00:58:35.475 phase=Live paused=False match_live
01:20:40.212 phase=Loading paused=True loading_started_async_reset
01:20:40.216 phase=Loading paused=True async_reset_ready
01:20:40.218 phase=Loading paused=True loading_progress terrain_ready=True view_ready=False world_ready=True progress=1.000
01:20:42.051 phase=Loading paused=True view_ready
01:20:42.054 phase=Loading paused=True loading_progress terrain_ready=True view_ready=True world_ready=True progress=1.000
01:20:42.055 phase=Countdown paused=True countdown_started
01:20:45.056 phase=Live paused=False match_live
01:35:34.230 phase=Loading paused=True loading_started_async_reset
01:35:34.233 phase=Loading paused=True async_reset_ready
01:35:34.235 phase=Loading paused=True loading_progress terrain_ready=False view_ready=False world_ready=True progress=0.707
01:35:36.008 phase=Loading paused=True view_ready
01:35:36.011 phase=Loading paused=True loading_progress terrain_ready=False view_ready=True world_ready=True progress=0.707
01:35:37.019 phase=Loading paused=True loading_progress terrain_ready=False view_ready=True world_ready=True progress=0.707
01:35:38.029 phase=Loading paused=True loading_progress terrain_ready=False view_ready=True world_ready=True progress=0.707
01:35:38.984 phase=Countdown paused=True countdown_started
01:35:41.993 phase=Live paused=False match_live
02:25:02.236 phase=Loading paused=True loading_started_async_reset
02:25:02.254 phase=Loading paused=True async_reset_ready
02:25:02.260 phase=Loading paused=True loading_progress terrain_ready=True view_ready=False world_ready=True progress=1.000
02:25:04.537 phase=Loading paused=True view_ready
02:25:04.542 phase=Loading paused=True loading_progress terrain_ready=True view_ready=True world_ready=True progress=1.000
02:25:04.544 phase=Countdown paused=True countdown_started
02:25:07.542 phase=Live paused=False match_live
02:53:05.480 phase=Loading paused=True loading_started_async_reset
02:53:05.484 phase=Loading paused=True async_reset_ready
02:53:05.486 phase=Loading paused=True loading_progress terrain_ready=False view_ready=False world_ready=True progress=0.707
02:53:07.624 phase=Loading paused=True view_ready
02:53:07.627 phase=Loading paused=True loading_progress terrain_ready=False view_ready=True world_ready=True progress=0.707
02:53:08.629 phase=Loading paused=True loading_progress terrain_ready=False view_ready=True world_ready=True progress=0.643
02:53:09.109 phase=Countdown paused=True countdown_started
02:53:12.113 phase=Live paused=False match_live
02:54:11.845 phase=Loading paused=True loading_started_async_reset
02:54:11.848 phase=Loading paused=True async_reset_ready
02:54:11.850 phase=Loading paused=True loading_progress terrain_ready=False view_ready=False world_ready=True progress=0.707
02:54:13.625 phase=Loading paused=True view_ready
02:54:13.627 phase=Loading paused=True loading_progress terrain_ready=False view_ready=True world_ready=True progress=0.707
02:54:14.632 phase=Loading paused=True loading_progress terrain_ready=False view_ready=True world_ready=True progress=0.707
02:54:15.639 phase=Loading paused=True loading_progress terrain_ready=False view_ready=True world_ready=True progress=0.707
02:54:15.963 phase=Countdown paused=True countdown_started
02:54:18.964 phase=Live paused=False match_live
03:06:31.936 phase=Loading paused=True loading_started_async_reset
03:06:31.942 phase=Loading paused=True async_reset_ready
03:06:31.946 phase=Loading paused=True loading_progress terrain_ready=False view_ready=False world_ready=True progress=0.707
03:06:34.265 phase=Loading paused=True view_ready
03:06:34.271 phase=Loading paused=True loading_progress terrain_ready=False view_ready=True world_ready=True progress=0.643
03:06:34.707 phase=Countdown paused=True countdown_started
03:06:37.715 phase=Live paused=False match_live
03:09:59.760 phase=Loading paused=True loading_started_async_reset
03:09:59.801 phase=Loading paused=True view_ready
03:09:59.804 phase=Loading paused=True async_reset_ready
03:09:59.805 phase=Loading paused=True loading_progress terrain_ready=True view_ready=True world_ready=True progress=1.000
03:09:59.806 phase=Countdown paused=True countdown_started
03:10:02.818 phase=Live paused=False match_live
03:45:21.658 phase=Loading paused=True loading_started_async_reset
03:45:21.662 phase=Loading paused=True async_reset_ready
03:45:21.664 phase=Loading paused=True loading_progress terrain_ready=True view_ready=False world_ready=True progress=1.000
03:45:23.549 phase=Loading paused=True view_ready
03:45:23.551 phase=Loading paused=True loading_progress terrain_ready=True view_ready=True world_ready=True progress=1.000
03:45:23.552 phase=Countdown paused=True countdown_started
03:45:26.554 phase=Live paused=False match_live
04:10:23.354 phase=Loading paused=True loading_started_async_reset
04:10:23.363 phase=Loading paused=True async_reset_ready
04:10:23.367 phase=Loading paused=True loading_progress terrain_ready=True view_ready=False world_ready=True progress=1.000
04:10:26.097 phase=Loading paused=True view_ready
04:10:26.100 phase=Loading paused=True loading_progress terrain_ready=True view_ready=True world_ready=True progress=1.000
04:10:26.101 phase=Countdown paused=True countdown_started
04:10:29.103 phase=Live paused=False match_live
05:08:32.741 phase=Loading paused=True loading_started_async_reset
05:08:32.746 phase=Loading paused=True async_reset_ready
05:08:32.749 phase=Loading paused=True loading_progress terrain_ready=True view_ready=False world_ready=True progress=1.000
05:08:34.643 phase=Loading paused=True view_ready
05:08:34.647 phase=Loading paused=True loading_progress terrain_ready=True view_ready=True world_ready=True progress=1.000
05:08:34.648 phase=Countdown paused=True countdown_started
05:08:37.649 phase=Live paused=False match_live
05:09:51.619 phase=Loading paused=True loading_started_async_reset
05:09:51.640 phase=Loading paused=True view_ready
05:09:51.641 phase=Loading paused=True async_reset_ready
05:09:51.641 phase=Loading paused=True loading_progress terrain_ready=True view_ready=True world_ready=True progress=1.000
05:09:51.642 phase=Countdown paused=True countdown_started
05:09:54.653 phase=Live paused=False match_live
05:22:25.296 phase=Loading paused=True loading_started_async_reset
05:22:25.306 phase=Loading paused=True async_reset_ready
05:22:25.308 phase=Loading paused=True loading_progress terrain_ready=True view_ready=False world_ready=True progress=1.000
05:22:27.124 phase=Loading paused=True view_ready
05:22:27.126 phase=Loading paused=True loading_progress terrain_ready=True view_ready=True world_ready=True progress=1.000
05:22:27.127 phase=Countdown paused=True countdown_started
05:22:30.135 phase=Live paused=False match_live
05:24:12.559 phase=Loading paused=True loading_started_async_reset
05:24:12.563 phase=Loading paused=True async_reset_ready
05:24:12.566 phase=Loading paused=True loading_progress terrain_ready=True view_ready=False world_ready=True progress=1.000
05:24:14.676 phase=Loading paused=True view_ready
05:24:14.679 phase=Loading paused=True loading_progress terrain_ready=True view_ready=True world_ready=True progress=1.000
05:24:14.680 phase=Countdown paused=True countdown_started
05:24:17.699 phase=Live paused=False match_live
05:42:43.186 phase=Loading paused=True loading_started_async_reset
05:42:43.189 phase=Loading paused=True async_reset_ready
05:42:43.192 phase=Loading paused=True loading_progress terrain_ready=True view_ready=False world_ready=True progress=1.000
05:42:45.097 phase=Loading paused=True view_ready
05:42:45.100 phase=Loading paused=True loading_progress terrain_ready=True view_ready=True world_ready=True progress=1.000
05:42:45.101 phase=Countdown paused=True countdown_started
05:42:48.101 phase=Live paused=False match_live
06:46:07.611 phase=Loading paused=True loading_started_async_reset
06:46:07.614 phase=Loading paused=True async_reset_ready
06:46:07.616 phase=Loading paused=True loading_progress terrain_ready=True view_ready=False world_ready=True progress=1.000
06:46:09.297 phase=Loading paused=True view_ready
06:46:09.299 phase=Loading paused=True loading_progress terrain_ready=True view_ready=True world_ready=True progress=1.000
06:46:09.300 phase=Countdown paused=True countdown_started
06:46:12.307 phase=Live paused=False match_live
06:54:53.589 phase=Loading paused=True loading_started_async_reset
06:54:53.598 phase=Loading paused=True async_reset_ready
06:54:53.605 phase=Loading paused=True loading_progress terrain_ready=False view_ready=False world_ready=True progress=0.707
06:54:59.241 phase=Loading paused=True view_ready
06:54:59.246 phase=Loading paused=True loading_progress terrain_ready=False view_ready=True world_ready=True progress=0.707
06:55:00.261 phase=Loading paused=True loading_progress terrain_ready=False view_ready=True world_ready=True progress=0.707
06:55:01.319 phase=Loading paused=True loading_progress terrain_ready=False view_ready=True world_ready=True progress=0.707
06:55:02.378 phase=Loading paused=True loading_progress terrain_ready=False view_ready=True world_ready=True progress=0.733
06:55:02.806 phase=Countdown paused=True countdown_started
06:55:05.817 phase=Live paused=False match_live
08:20:30.145 phase=Loading paused=True loading_started_async_reset
08:20:30.148 phase=Loading paused=True async_reset_ready
08:20:30.150 phase=Loading paused=True loading_progress terrain_ready=True view_ready=False world_ready=True progress=1.000
08:20:31.867 phase=Loading paused=True view_ready
08:20:31.870 phase=Loading paused=True loading_progress terrain_ready=True view_ready=True world_ready=True progress=1.000
08:20:31.870 phase=Countdown paused=True countdown_started
08:20:34.882 phase=Live paused=False match_live
08:46:20.274 phase=Loading paused=True loading_started_async_reset
08:46:20.278 phase=Loading paused=True async_reset_ready
08:46:20.280 phase=Loading paused=True loading_progress terrain_ready=True view_ready=False world_ready=True progress=1.000
08:46:22.155 phase=Loading paused=True view_ready
08:46:22.165 phase=Loading paused=True loading_progress terrain_ready=True view_ready=True world_ready=True progress=1.000
08:46:22.166 phase=Countdown paused=True countdown_started
08:46:25.173 phase=Live paused=False match_live
