08:01:43.812 phase=Loading paused=True loading_started
08:01:43.820 phase=Loading paused=True loading_progress terrain_ready=False view_ready=False progress=0.180
08:01:43.928 phase=Loading paused=True view_ready
08:01:44.836 phase=Loading paused=True loading_progress terrain_ready=False view_ready=True progress=0.180
08:01:45.846 phase=Loading paused=True loading_progress terrain_ready=False view_ready=True progress=0.180
08:01:46.847 phase=Loading paused=True loading_progress terrain_ready=False view_ready=True progress=0.180
08:01:47.857 phase=Loading paused=True loading_progress terrain_ready=False view_ready=True progress=0.180
08:01:48.857 phase=Loading paused=True loading_progress terrain_ready=False view_ready=True progress=0.180
08:01:49.779 phase=Countdown paused=True countdown_started
08:01:52.780 phase=Live paused=False match_live
08:20:29.266 phase=Loading paused=True loading_started
08:20:29.274 phase=Loading paused=True loading_progress terrain_ready=False view_ready=False progress=0.000
08:20:29.380 phase=Loading paused=True view_ready
08:20:29.836 phase=Countdown paused=True countdown_started
08:20:32.841 phase=Live paused=False match_live
08:32:11.477 phase=Loading paused=True loading_started
08:32:11.483 phase=Loading paused=True loading_progress terrain_ready=False view_ready=False progress=0.180
08:32:11.599 phase=Loading paused=True view_ready
08:32:12.570 phase=Loading paused=True loading_progress terrain_ready=False view_ready=True progress=0.633
08:32:12.751 phase=Countdown paused=True countdown_started
08:32:15.755 phase=Live paused=False match_live
08:39:22.060 phase=Loading paused=True loading_started
08:39:22.065 phase=Loading paused=True loading_progress terrain_ready=True view_ready=False progress=1.000
08:39:22.202 phase=Loading paused=True view_ready
08:39:22.216 phase=Countdown paused=True countdown_started
08:39:25.226 phase=Live paused=False match_live
08:49:46.555 phase=Loading paused=True loading_started
08:49:46.560 phase=Loading paused=True loading_progress terrain_ready=False view_ready=False progress=0.180
08:49:46.656 phase=Loading paused=True view_ready
08:49:47.312 phase=Countdown paused=True countdown_started
08:49:50.315 phase=Live paused=False match_live
09:06:32.134 phase=Loading paused=True loading_started
09:06:32.140 phase=Loading paused=True loading_progress terrain_ready=False view_ready=False progress=0.180
09:06:32.243 phase=Loading paused=True view_ready
09:06:33.140 phase=Loading paused=True loading_progress terrain_ready=False view_ready=True progress=0.180
09:06:33.965 phase=Countdown paused=True countdown_started
09:06:36.967 phase=Live paused=False match_live
09:14:00.681 phase=Loading paused=True loading_started
09:14:00.686 phase=Loading paused=True loading_progress terrain_ready=False view_ready=False progress=0.180
09:14:00.767 phase=Loading paused=True view_ready
09:14:01.687 phase=Loading paused=True loading_progress terrain_ready=False view_ready=True progress=0.180
09:14:02.690 phase=Loading paused=True loading_progress terrain_ready=False view_ready=True progress=0.180
09:14:03.225 phase=Countdown paused=True countdown_started
09:14:06.227 phase=Live paused=False match_live
18:24:23.055 phase=Loading paused=True loading_started
18:24:23.061 phase=Loading paused=True loading_progress terrain_ready=True view_ready=False progress=1.000
18:24:23.192 phase=Loading paused=True view_ready
18:24:23.201 phase=Countdown paused=True countdown_started
18:24:26.210 phase=Live paused=False match_live
18:25:00.881 phase=Loading paused=True loading_started
18:25:00.882 phase=Loading paused=True loading_progress terrain_ready=True view_ready=False progress=1.000
18:25:00.903 phase=Loading paused=True view_ready
18:25:00.911 phase=Countdown paused=True countdown_started
18:25:03.916 phase=Live paused=False match_live
18:44:34.579 phase=Loading paused=True loading_started
18:44:34.588 phase=Loading paused=True loading_progress terrain_ready=False view_ready=False progress=0.000
18:44:34.689 phase=Loading paused=True view_ready
18:44:35.107 phase=Countdown paused=True countdown_started
18:44:38.110 phase=Live paused=False match_live
18:45:20.371 phase=Loading paused=True loading_started
18:45:20.372 phase=Loading paused=True loading_progress terrain_ready=True view_ready=False progress=1.000
18:45:20.394 phase=Loading paused=True view_ready
18:45:20.508 phase=Countdown paused=True countdown_started
18:45:23.522 phase=Live paused=False match_live
18:58:55.861 phase=Loading paused=True loading_started
18:58:55.872 phase=Loading paused=True loading_progress terrain_ready=False view_ready=False progress=0.180
18:58:55.997 phase=Loading paused=True view_ready
18:58:56.876 phase=Loading paused=True loading_progress terrain_ready=False view_ready=True progress=0.180
18:58:58.037 phase=Loading paused=True loading_progress terrain_ready=True view_ready=True progress=1.000
18:58:58.038 phase=Countdown paused=True countdown_started
18:59:01.048 phase=Live paused=False match_live
18:59:29.293 phase=Loading paused=True loading_started
18:59:29.295 phase=Loading paused=True loading_progress terrain_ready=True view_ready=False progress=1.000
18:59:29.318 phase=Loading paused=True view_ready
18:59:29.327 phase=Countdown paused=True countdown_started
18:59:32.337 phase=Live paused=False match_live
19:06:35.324 phase=Loading paused=True loading_started
19:06:35.330 phase=Loading paused=True loading_progress terrain_ready=False view_ready=False progress=0.180
19:06:35.430 phase=Loading paused=True view_ready
19:06:36.330 phase=Loading paused=True loading_progress terrain_ready=False view_ready=True progress=0.180
19:06:37.331 phase=Loading paused=True loading_progress terrain_ready=False view_ready=True progress=0.180
19:06:37.598 phase=Countdown paused=True countdown_started
19:06:40.609 phase=Live paused=False match_live
19:23:19.451 phase=Loading paused=True loading_started
19:23:19.456 phase=Loading paused=True loading_progress terrain_ready=False view_ready=False progress=0.180
19:23:19.574 phase=Loading paused=True view_ready
19:23:20.461 phase=Loading paused=True loading_progress terrain_ready=False view_ready=True progress=0.180
19:23:21.390 phase=Countdown paused=True countdown_started
19:23:24.407 phase=Live paused=False match_live
19:24:54.424 phase=Loading paused=True loading_started
19:24:54.426 phase=Loading paused=True loading_progress terrain_ready=True view_ready=False progress=1.000
19:24:54.445 phase=Loading paused=True view_ready
19:24:54.453 phase=Countdown paused=True countdown_started
19:24:57.454 phase=Live paused=False match_live
19:32:24.499 phase=Loading paused=True loading_started
19:32:24.504 phase=Loading paused=True loading_progress terrain_ready=False view_ready=False progress=0.180
19:32:24.598 phase=Loading paused=True view_ready
19:32:25.510 phase=Loading paused=True loading_progress terrain_ready=False view_ready=True progress=0.180
19:32:26.562 phase=Loading paused=True loading_progress terrain_ready=True view_ready=True progress=1.000
19:32:26.562 phase=Countdown paused=True countdown_started
19:32:29.566 phase=Live paused=False match_live
19:52:47.324 phase=Loading paused=True loading_started
19:52:47.330 phase=Loading paused=True loading_progress terrain_ready=False view_ready=False progress=0.180
19:52:47.428 phase=Loading paused=True view_ready
19:52:48.331 phase=Loading paused=True loading_progress terrain_ready=False view_ready=True progress=0.180
19:52:49.333 phase=Loading paused=True loading_progress terrain_ready=True view_ready=True progress=1.000
19:52:49.334 phase=Countdown paused=True countdown_started
19:52:52.337 phase=Live paused=False match_live
19:59:36.934 phase=Loading paused=True loading_started
19:59:36.940 phase=Loading paused=True loading_progress terrain_ready=False view_ready=False progress=0.180
19:59:37.031 phase=Loading paused=True view_ready
19:59:37.944 phase=Loading paused=True loading_progress terrain_ready=False view_ready=True progress=0.180
19:59:38.946 phase=Loading paused=True loading_progress terrain_ready=False view_ready=True progress=0.180
19:59:39.481 phase=Countdown paused=True countdown_started
19:59:42.487 phase=Live paused=False match_live
20:18:25.485 phase=Loading paused=True loading_started
20:18:30.608 phase=Loading paused=True loading_started
20:18:32.234 phase=Loading paused=True view_ready
20:18:32.273 phase=Loading paused=True loading_progress terrain_ready=True view_ready=True progress=1.000
20:18:32.273 phase=Countdown paused=True countdown_started
20:18:35.273 phase=Live paused=False match_live
20:56:54.611 phase=Loading paused=True loading_started
20:56:54.617 phase=Loading paused=True loading_progress terrain_ready=False view_ready=False progress=0.180
20:56:54.736 phase=Loading paused=True view_ready
20:56:55.618 phase=Loading paused=True loading_progress terrain_ready=False view_ready=True progress=0.180
20:56:56.399 phase=Countdown paused=True countdown_started
20:56:59.404 phase=Live paused=False match_live
21:01:47.350 phase=Loading paused=True loading_started
21:01:47.357 phase=Loading paused=True loading_progress terrain_ready=True view_ready=False progress=1.000
21:01:47.493 phase=Loading paused=True view_ready
21:01:47.501 phase=Countdown paused=True countdown_started
21:01:50.503 phase=Live paused=False match_live
21:14:49.947 phase=Loading paused=True loading_started
21:14:49.953 phase=Loading paused=True loading_progress terrain_ready=False view_ready=False progress=0.180
21:14:50.047 phase=Loading paused=True view_ready
21:14:51.265 phase=Loading paused=True loading_progress terrain_ready=True view_ready=True progress=1.000
21:14:51.266 phase=Countdown paused=True countdown_started
21:14:54.269 phase=Live paused=False match_live
21:16:02.261 phase=Loading paused=True loading_started
21:16:02.262 phase=Loading paused=True loading_progress terrain_ready=True view_ready=False progress=1.000
21:16:02.340 phase=Loading paused=True view_ready
21:16:02.346 phase=Countdown paused=True countdown_started
21:16:05.349 phase=Live paused=False match_live
