07:14:44.825 entity=red_robot_1 role=hero team=red branch=direct total=6.14ms nav=1.13ms aim=0.08ms block=
07:14:47.239 entity=red_robot_1 role=hero team=red branch=fallback_direct total=32.90ms nav=31.81ms aim=0.00ms block=
07:14:47.599 entity=red_robot_2 role=engineer team=red branch=fallback_direct total=34.82ms nav=34.80ms aim=0.00ms block=
07:14:47.971 entity=blue_robot_1 role=hero team=blue branch=fallback_direct total=31.29ms nav=31.28ms aim=0.00ms block=
07:14:48.351 entity=red_robot_2 role=engineer team=red branch=fallback_direct total=33.71ms nav=33.70ms aim=0.00ms block=
07:14:48.716 entity=red_robot_2 role=engineer team=red branch=fallback_direct total=33.29ms nav=33.28ms aim=0.00ms block=
07:14:49.086 entity=blue_robot_1 role=hero team=blue branch=fallback_direct total=39.73ms nav=39.71ms aim=0.00ms block=
07:14:49.443 entity=red_robot_2 role=engineer team=red branch=fallback_direct total=43.47ms nav=43.46ms aim=0.00ms block=
07:14:49.795 entity=red_robot_2 role=engineer team=red branch=fallback_direct total=32.20ms nav=32.18ms aim=0.00ms block=
07:14:50.154 entity=red_robot_2 role=engineer team=red branch=fallback_direct total=37.57ms nav=37.55ms aim=0.00ms block=
07:14:50.528 entity=red_robot_2 role=engineer team=red branch=fallback_direct total=41.66ms nav=41.64ms aim=0.00ms block=
07:14:50.888 entity=red_robot_2 role=engineer team=red branch=fallback_direct total=39.55ms nav=39.53ms aim=0.00ms block=
07:14:51.240 entity=red_robot_2 role=engineer team=red branch=fallback_direct total=37.08ms nav=37.07ms aim=0.00ms block=
07:14:51.595 entity=blue_robot_2 role=engineer team=blue branch=fallback_direct total=31.42ms nav=31.41ms aim=0.00ms block=
07:14:51.964 entity=blue_robot_1 role=hero team=blue branch=fallback_direct total=31.94ms nav=31.91ms aim=0.00ms block=
07:14:52.332 entity=red_robot_2 role=engineer team=red branch=fallback_direct total=31.54ms nav=31.53ms aim=0.00ms block=
07:14:52.716 entity=blue_robot_2 role=engineer team=blue branch=fallback_direct total=44.43ms nav=44.42ms aim=0.00ms block=
07:14:53.090 entity=red_robot_1 role=hero team=red branch=fallback_direct total=37.98ms nav=37.96ms aim=0.00ms block=
07:14:53.469 entity=blue_robot_1 role=hero team=blue branch=fallback_direct total=35.52ms nav=35.51ms aim=0.00ms block=
07:14:53.835 entity=red_robot_1 role=hero team=red branch=fallback_direct total=35.74ms nav=35.72ms aim=0.00ms block=
07:14:54.185 entity=red_robot_2 role=engineer team=red branch=fallback_direct total=34.92ms nav=34.91ms aim=0.00ms block=
07:14:54.543 entity=red_robot_2 role=engineer team=red branch=fallback_direct total=34.90ms nav=34.88ms aim=0.00ms block=
07:14:54.935 entity=red_robot_1 role=hero team=red branch=fallback_direct total=36.50ms nav=36.49ms aim=0.00ms block=
07:14:55.306 entity=blue_robot_2 role=engineer team=blue branch=fallback_direct total=31.51ms nav=31.49ms aim=0.00ms block=
07:14:55.673 entity=red_robot_1 role=hero team=red branch=fallback_direct total=38.32ms nav=38.28ms aim=0.01ms block=
07:14:56.046 entity=blue_robot_2 role=engineer team=blue branch=fallback_direct total=34.79ms nav=34.78ms aim=0.00ms block=
07:14:56.397 entity=red_robot_1 role=hero team=red branch=fallback_direct total=37.02ms nav=36.99ms aim=0.00ms block=
07:14:56.765 entity=red_robot_1 role=hero team=red branch=fallback_direct total=39.08ms nav=38.68ms aim=0.02ms block=
07:14:57.125 entity=red_robot_1 role=hero team=red branch=fallback_direct total=35.12ms nav=35.11ms aim=0.00ms block=
07:14:57.632 entity=red_robot_4 role=infantry team=red branch=fallback_direct total=34.82ms nav=34.80ms aim=0.00ms block=
07:14:58.706 entity=red_robot_4 role=infantry team=red branch=fallback_direct total=36.49ms nav=36.45ms aim=0.02ms block=
07:14:59.790 entity=red_robot_4 role=infantry team=red branch=fallback_direct total=39.72ms nav=39.70ms aim=0.00ms block=
07:15:00.864 entity=red_robot_4 role=infantry team=red branch=fallback_direct total=37.71ms nav=37.69ms aim=0.00ms block=
07:15:01.946 entity=red_robot_4 role=infantry team=red branch=fallback_direct total=33.34ms nav=33.31ms aim=0.00ms block=
07:15:03.014 entity=red_robot_4 role=infantry team=red branch=fallback_direct total=31.35ms nav=31.34ms aim=0.00ms block=
07:15:04.074 entity=red_robot_4 role=infantry team=red branch=fallback_direct total=30.71ms nav=30.69ms aim=0.00ms block=
07:15:05.127 entity=red_robot_4 role=infantry team=red branch=fallback_direct total=30.54ms nav=30.53ms aim=0.00ms block=
07:15:08.510 entity=red_robot_4 role=infantry team=red branch=fallback_direct total=30.86ms nav=30.85ms aim=0.00ms block=
07:15:09.565 entity=red_robot_4 role=infantry team=red branch=fallback_direct total=30.90ms nav=30.88ms aim=0.00ms block=
07:15:10.618 entity=red_robot_4 role=infantry team=red branch=fallback_direct total=30.53ms nav=30.52ms aim=0.00ms block=
07:15:11.680 entity=red_robot_4 role=infantry team=red branch=fallback_direct total=32.62ms nav=32.60ms aim=0.00ms block=
07:15:12.737 entity=red_robot_4 role=infantry team=red branch=fallback_direct total=30.36ms nav=30.35ms aim=0.00ms block=
07:15:13.789 entity=red_robot_4 role=infantry team=red branch=fallback_direct total=30.32ms nav=30.31ms aim=0.00ms block=
07:15:14.841 entity=red_robot_4 role=infantry team=red branch=fallback_direct total=30.27ms nav=30.26ms aim=0.00ms block=
07:15:15.894 entity=red_robot_4 role=infantry team=red branch=fallback_direct total=30.27ms nav=30.26ms aim=0.00ms block=
07:15:16.950 entity=red_robot_4 role=infantry team=red branch=fallback_direct total=30.19ms nav=30.18ms aim=0.00ms block=
07:15:18.003 entity=red_robot_4 role=infantry team=red branch=fallback_direct total=30.44ms nav=30.43ms aim=0.00ms block=
07:15:19.058 entity=red_robot_4 role=infantry team=red branch=fallback_direct total=30.25ms nav=30.23ms aim=0.00ms block=
07:15:20.121 entity=red_robot_4 role=infantry team=red branch=fallback_direct total=30.44ms nav=30.43ms aim=0.00ms block=
07:15:21.178 entity=red_robot_4 role=infantry team=red branch=fallback_direct total=30.37ms nav=30.35ms aim=0.01ms block=
07:15:22.233 entity=red_robot_4 role=infantry team=red branch=fallback_direct total=30.20ms nav=30.19ms aim=0.00ms block=
07:15:23.290 entity=red_robot_4 role=infantry team=red branch=fallback_direct total=30.35ms nav=30.34ms aim=0.00ms block=
07:15:24.345 entity=red_robot_4 role=infantry team=red branch=fallback_direct total=31.16ms nav=31.15ms aim=0.00ms block=
07:15:25.407 entity=red_robot_4 role=infantry team=red branch=fallback_direct total=30.33ms nav=30.31ms aim=0.00ms block=
07:15:26.460 entity=red_robot_4 role=infantry team=red branch=fallback_direct total=30.34ms nav=30.34ms aim=0.00ms block=
07:15:27.527 entity=red_robot_4 role=infantry team=red branch=fallback_direct total=30.11ms nav=30.09ms aim=0.00ms block=
07:15:28.582 entity=red_robot_4 role=infantry team=red branch=fallback_direct total=30.21ms nav=30.21ms aim=0.00ms block=
07:15:29.638 entity=red_robot_4 role=infantry team=red branch=fallback_direct total=30.27ms nav=30.25ms aim=0.00ms block=
07:15:30.696 entity=red_robot_4 role=infantry team=red branch=fallback_direct total=30.25ms nav=30.25ms aim=0.00ms block=
07:15:31.752 entity=red_robot_4 role=infantry team=red branch=fallback_direct total=30.48ms nav=30.46ms aim=0.00ms block=
07:15:32.814 entity=red_robot_4 role=infantry team=red branch=fallback_direct total=30.24ms nav=30.23ms aim=0.00ms block=
07:15:33.866 entity=red_robot_4 role=infantry team=red branch=fallback_direct total=30.32ms nav=30.30ms aim=0.00ms block=
07:15:34.920 entity=red_robot_4 role=infantry team=red branch=fallback_direct total=30.40ms nav=30.39ms aim=0.00ms block=
07:15:35.975 entity=red_robot_4 role=infantry team=red branch=fallback_direct total=30.12ms nav=30.11ms aim=0.00ms block=
07:15:37.023 entity=red_robot_1 role=hero team=red branch=recover total=33.04ms nav=30.00ms aim=3.05ms block=
07:15:37.498 entity=red_robot_1 role=hero team=red branch=reuse_drive total=33.59ms nav=0.00ms aim=33.58ms block=
07:15:38.134 entity=red_robot_1 role=hero team=red branch=reuse_drive total=37.01ms nav=0.00ms aim=37.00ms block=
07:15:38.639 entity=red_robot_1 role=hero team=red branch=reuse_drive total=38.01ms nav=0.00ms aim=38.00ms block=
07:15:39.307 entity=red_robot_1 role=hero team=red branch=reuse_drive total=37.57ms nav=0.00ms aim=37.57ms block=
07:15:39.806 entity=red_robot_1 role=hero team=red branch=reuse_drive total=36.33ms nav=0.00ms aim=36.32ms block=
07:15:40.473 entity=red_robot_1 role=hero team=red branch=reuse_drive total=37.22ms nav=0.00ms aim=37.21ms block=
07:15:40.963 entity=red_robot_1 role=hero team=red branch=reuse_drive total=36.55ms nav=0.00ms aim=36.54ms block=
07:15:41.609 entity=red_robot_1 role=hero team=red branch=reuse_drive total=6.59ms nav=0.00ms aim=6.58ms block=
07:15:42.112 entity=red_robot_1 role=hero team=red branch=reuse_drive total=45.45ms nav=0.00ms aim=45.45ms block=
07:15:42.721 entity=red_robot_1 role=hero team=red branch=reuse_drive total=5.60ms nav=0.00ms aim=5.59ms block=
07:15:43.899 entity=red_robot_1 role=hero team=red branch=recover total=27.47ms nav=27.46ms aim=0.01ms block=
07:15:44.936 entity=red_robot_1 role=hero team=red branch=recover total=27.59ms nav=27.59ms aim=0.01ms block=
07:15:45.972 entity=red_robot_1 role=hero team=red branch=recover total=27.42ms nav=27.41ms aim=0.01ms block=
07:15:47.011 entity=red_robot_1 role=hero team=red branch=recover total=28.21ms nav=28.20ms aim=0.01ms block=
07:15:48.053 entity=red_robot_1 role=hero team=red branch=recover total=27.39ms nav=27.38ms aim=0.01ms block=
07:15:49.090 entity=red_robot_1 role=hero team=red branch=recover total=27.51ms nav=27.50ms aim=0.01ms block=
07:15:50.122 entity=red_robot_1 role=hero team=red branch=recover total=27.41ms nav=27.41ms aim=0.01ms block=
07:15:51.154 entity=red_robot_1 role=hero team=red branch=recover total=27.38ms nav=27.38ms aim=0.01ms block=
07:15:52.191 entity=red_robot_1 role=hero team=red branch=recover total=27.49ms nav=27.49ms aim=0.01ms block=
07:15:53.229 entity=red_robot_1 role=hero team=red branch=recover total=27.37ms nav=27.36ms aim=0.01ms block=
07:15:54.267 entity=red_robot_1 role=hero team=red branch=recover total=27.40ms nav=27.40ms aim=0.01ms block=
07:15:55.303 entity=red_robot_1 role=hero team=red branch=recover total=27.65ms nav=27.64ms aim=0.01ms block=
07:15:56.341 entity=red_robot_1 role=hero team=red branch=recover total=27.37ms nav=27.37ms aim=0.01ms block=
07:15:57.380 entity=red_robot_1 role=hero team=red branch=recover total=27.51ms nav=27.51ms aim=0.01ms block=
07:15:58.415 entity=red_robot_1 role=hero team=red branch=recover total=30.62ms nav=30.61ms aim=0.01ms block=
07:15:59.450 entity=red_robot_1 role=hero team=red branch=recover total=27.42ms nav=27.42ms aim=0.01ms block=
07:16:00.486 entity=red_robot_1 role=hero team=red branch=recover total=27.66ms nav=27.66ms aim=0.01ms block=
07:16:01.523 entity=red_robot_1 role=hero team=red branch=recover total=27.40ms nav=27.39ms aim=0.01ms block=
07:16:02.558 entity=red_robot_1 role=hero team=red branch=recover total=27.43ms nav=27.42ms aim=0.01ms block=
07:16:03.598 entity=red_robot_1 role=hero team=red branch=recover total=27.61ms nav=27.60ms aim=0.01ms block=
07:16:04.636 entity=red_robot_1 role=hero team=red branch=recover total=27.43ms nav=27.42ms aim=0.01ms block=
07:16:05.569 entity=red_robot_1 role=hero team=red branch=reuse_drive total=5.06ms nav=0.00ms aim=5.05ms block=
07:16:06.017 entity=red_robot_1 role=hero team=red branch=reuse_drive total=25.26ms nav=0.00ms aim=25.25ms block=
07:16:06.736 entity=red_robot_1 role=hero team=red branch=recover total=30.38ms nav=27.24ms aim=3.14ms block=
07:16:07.385 entity=red_robot_1 role=hero team=red branch=reuse_drive total=24.41ms nav=0.00ms aim=24.40ms block=
07:16:07.843 entity=red_robot_1 role=hero team=red branch=recover total=52.14ms nav=27.21ms aim=24.93ms block=
07:16:08.500 entity=red_robot_1 role=hero team=red branch=reuse_drive total=25.26ms nav=0.00ms aim=25.25ms block=
07:16:08.935 entity=red_robot_1 role=hero team=red branch=recover total=30.52ms nav=27.48ms aim=3.03ms block=
07:16:09.888 entity=red_robot_1 role=hero team=red branch=reuse_drive total=24.99ms nav=0.00ms aim=24.98ms block=
07:16:10.313 entity=red_robot_1 role=hero team=red branch=reuse_drive total=21.87ms nav=0.00ms aim=21.87ms block=
07:16:23.806 entity=blue_robot_3 role=infantry team=blue branch=recover total=29.28ms nav=28.70ms aim=0.58ms block=
07:16:24.829 entity=blue_robot_3 role=infantry team=blue branch=recover total=29.09ms nav=28.79ms aim=0.30ms block=
07:16:25.855 entity=blue_robot_3 role=infantry team=blue branch=recover total=28.66ms nav=28.66ms aim=0.01ms block=
07:16:28.526 entity=red_robot_1 role=hero team=red branch=recover total=59.72ms nav=27.67ms aim=32.05ms block=
07:16:29.552 entity=red_robot_1 role=hero team=red branch=recover total=30.69ms nav=28.13ms aim=2.56ms block=
07:16:30.575 entity=red_robot_1 role=hero team=red branch=recover total=29.99ms nav=27.37ms aim=2.62ms block=
07:16:31.601 entity=red_robot_1 role=hero team=red branch=recover total=28.87ms nav=27.40ms aim=1.47ms block=
07:16:32.620 entity=red_robot_1 role=hero team=red branch=recover total=28.11ms nav=27.29ms aim=0.82ms block=
07:16:33.645 entity=red_robot_1 role=hero team=red branch=recover total=28.00ms nav=27.33ms aim=0.67ms block=
07:16:34.677 entity=red_robot_1 role=hero team=red branch=recover total=28.20ms nav=27.49ms aim=0.70ms block=
07:16:35.300 entity=red_robot_3 role=infantry team=red branch=recover total=27.78ms nav=27.75ms aim=0.04ms block=
07:16:35.716 entity=red_robot_1 role=hero team=red branch=recover total=28.57ms nav=27.86ms aim=0.71ms block=
07:16:36.340 entity=red_robot_3 role=infantry team=red branch=recover total=27.57ms nav=27.45ms aim=0.12ms block=
07:16:36.755 entity=red_robot_1 role=hero team=red branch=recover total=27.60ms nav=27.59ms aim=0.01ms block=
07:16:37.776 entity=red_robot_1 role=hero team=red branch=recover total=27.38ms nav=27.37ms aim=0.01ms block=
07:16:38.658 entity=red_robot_4 role=infantry team=red branch=fallback_direct total=29.53ms nav=29.52ms aim=0.00ms block=
07:16:39.693 entity=red_robot_4 role=infantry team=red branch=fallback_direct total=29.34ms nav=29.33ms aim=0.00ms block=
07:16:40.729 entity=red_robot_4 role=infantry team=red branch=fallback_direct total=29.38ms nav=29.37ms aim=0.00ms block=
07:16:41.764 entity=red_robot_4 role=infantry team=red branch=fallback_direct total=29.32ms nav=29.30ms aim=0.01ms block=
07:16:42.803 entity=red_robot_4 role=infantry team=red branch=fallback_direct total=29.72ms nav=29.71ms aim=0.00ms block=
07:16:43.840 entity=red_robot_4 role=infantry team=red branch=fallback_direct total=29.42ms nav=29.41ms aim=0.00ms block=
07:16:44.880 entity=red_robot_4 role=infantry team=red branch=fallback_direct total=29.83ms nav=29.81ms aim=0.00ms block=
07:16:45.917 entity=red_robot_4 role=infantry team=red branch=fallback_direct total=29.45ms nav=29.44ms aim=0.00ms block=
07:16:46.951 entity=red_robot_4 role=infantry team=red branch=fallback_direct total=29.36ms nav=29.35ms aim=0.00ms block=
07:16:47.988 entity=red_robot_4 role=infantry team=red branch=fallback_direct total=29.49ms nav=29.48ms aim=0.00ms block=
07:16:49.016 entity=red_robot_4 role=infantry team=red branch=fallback_direct total=29.32ms nav=29.30ms aim=0.00ms block=
07:16:50.046 entity=red_robot_4 role=infantry team=red branch=fallback_direct total=29.42ms nav=29.41ms aim=0.00ms block=
07:16:51.077 entity=red_robot_4 role=infantry team=red branch=fallback_direct total=29.35ms nav=29.34ms aim=0.00ms block=
07:16:52.113 entity=red_robot_4 role=infantry team=red branch=fallback_direct total=29.43ms nav=29.42ms aim=0.00ms block=
07:16:53.149 entity=red_robot_4 role=infantry team=red branch=fallback_direct total=29.54ms nav=29.53ms aim=0.00ms block=
07:16:54.179 entity=red_robot_4 role=infantry team=red branch=fallback_direct total=29.33ms nav=29.32ms aim=0.00ms block=
07:16:55.211 entity=red_robot_4 role=infantry team=red branch=fallback_direct total=29.46ms nav=29.45ms aim=0.00ms block=
07:16:56.241 entity=red_robot_4 role=infantry team=red branch=fallback_direct total=29.30ms nav=29.30ms aim=0.00ms block=
07:16:56.713 entity=red_robot_1 role=hero team=red branch=reuse_drive total=30.24ms nav=0.00ms aim=30.23ms block=
07:16:57.342 entity=red_robot_4 role=infantry team=red branch=fallback_direct total=30.20ms nav=30.19ms aim=0.00ms block=
07:16:57.833 entity=blue_robot_7 role=sentry team=blue branch=recover total=28.66ms nav=28.63ms aim=0.03ms block=
07:16:58.559 entity=red_robot_1 role=hero team=red branch=recover total=27.96ms nav=27.50ms aim=0.46ms block=
07:16:59.614 entity=red_robot_1 role=hero team=red branch=recover total=27.91ms nav=27.45ms aim=0.46ms block=
07:17:00.669 entity=red_robot_1 role=hero team=red branch=recover total=27.85ms nav=27.39ms aim=0.46ms block=
07:17:01.725 entity=red_robot_1 role=hero team=red branch=recover total=27.94ms nav=27.48ms aim=0.46ms block=
07:17:02.773 entity=red_robot_1 role=hero team=red branch=recover total=27.90ms nav=27.44ms aim=0.46ms block=
07:17:03.821 entity=red_robot_1 role=hero team=red branch=recover total=27.93ms nav=27.47ms aim=0.46ms block=
07:17:04.865 entity=red_robot_1 role=hero team=red branch=recover total=27.86ms nav=27.40ms aim=0.46ms block=
07:17:05.901 entity=red_robot_1 role=hero team=red branch=recover total=27.81ms nav=27.35ms aim=0.46ms block=
07:17:06.939 entity=red_robot_1 role=hero team=red branch=recover total=27.99ms nav=27.54ms aim=0.46ms block=
07:17:07.977 entity=red_robot_1 role=hero team=red branch=recover total=27.82ms nav=27.36ms aim=0.46ms block=
07:17:09.016 entity=red_robot_1 role=hero team=red branch=recover total=28.15ms nav=27.69ms aim=0.46ms block=
07:17:10.065 entity=red_robot_1 role=hero team=red branch=recover total=27.87ms nav=27.41ms aim=0.46ms block=
07:17:11.101 entity=red_robot_1 role=hero team=red branch=recover total=27.91ms nav=27.45ms aim=0.46ms block=
07:17:12.156 entity=red_robot_1 role=hero team=red branch=recover total=27.88ms nav=27.42ms aim=0.46ms block=
07:17:13.193 entity=red_robot_1 role=hero team=red branch=recover total=27.86ms nav=27.40ms aim=0.46ms block=
07:17:14.226 entity=red_robot_1 role=hero team=red branch=recover total=27.99ms nav=27.52ms aim=0.47ms block=
07:17:15.260 entity=red_robot_1 role=hero team=red branch=recover total=27.91ms nav=27.45ms aim=0.46ms block=
07:17:16.300 entity=red_robot_1 role=hero team=red branch=recover total=27.74ms nav=27.28ms aim=0.46ms block=
07:17:17.337 entity=red_robot_1 role=hero team=red branch=recover total=28.17ms nav=27.71ms aim=0.45ms block=
07:17:18.382 entity=red_robot_1 role=hero team=red branch=recover total=27.83ms nav=27.37ms aim=0.46ms block=
07:17:19.417 entity=red_robot_1 role=hero team=red branch=recover total=27.94ms nav=27.48ms aim=0.46ms block=
07:17:20.468 entity=red_robot_1 role=hero team=red branch=recover total=27.83ms nav=27.37ms aim=0.46ms block=
07:17:21.506 entity=red_robot_1 role=hero team=red branch=recover total=28.62ms nav=28.15ms aim=0.46ms block=
07:17:22.543 entity=red_robot_1 role=hero team=red branch=recover total=27.92ms nav=27.47ms aim=0.46ms block=
07:17:23.592 entity=red_robot_1 role=hero team=red branch=recover total=27.85ms nav=27.40ms aim=0.46ms block=
07:17:24.639 entity=red_robot_1 role=hero team=red branch=recover total=27.94ms nav=27.48ms aim=0.46ms block=
07:17:25.678 entity=red_robot_1 role=hero team=red branch=recover total=27.88ms nav=27.42ms aim=0.46ms block=
07:17:26.723 entity=red_robot_1 role=hero team=red branch=recover total=27.77ms nav=27.32ms aim=0.45ms block=
07:17:27.771 entity=red_robot_1 role=hero team=red branch=recover total=27.88ms nav=27.42ms aim=0.46ms block=
07:17:28.814 entity=red_robot_1 role=hero team=red branch=recover total=27.92ms nav=27.47ms aim=0.45ms block=
07:17:29.857 entity=red_robot_1 role=hero team=red branch=recover total=27.80ms nav=27.34ms aim=0.46ms block=
07:17:30.901 entity=red_robot_1 role=hero team=red branch=recover total=27.85ms nav=27.39ms aim=0.46ms block=
07:17:31.945 entity=red_robot_1 role=hero team=red branch=recover total=27.94ms nav=27.48ms aim=0.46ms block=
07:17:33.007 entity=red_robot_1 role=hero team=red branch=recover total=27.85ms nav=27.39ms aim=0.46ms block=
07:17:34.048 entity=red_robot_1 role=hero team=red branch=recover total=27.94ms nav=27.48ms aim=0.46ms block=
07:17:35.088 entity=red_robot_1 role=hero team=red branch=recover total=27.97ms nav=27.45ms aim=0.51ms block=
07:17:36.126 entity=red_robot_1 role=hero team=red branch=recover total=27.80ms nav=27.34ms aim=0.46ms block=
07:17:37.166 entity=red_robot_1 role=hero team=red branch=recover total=28.17ms nav=27.70ms aim=0.47ms block=
07:17:38.204 entity=red_robot_1 role=hero team=red branch=recover total=27.78ms nav=27.33ms aim=0.46ms block=
07:17:39.243 entity=red_robot_1 role=hero team=red branch=recover total=27.83ms nav=27.37ms aim=0.46ms block=
07:17:40.287 entity=red_robot_1 role=hero team=red branch=recover total=27.98ms nav=27.53ms aim=0.46ms block=
07:17:41.328 entity=red_robot_1 role=hero team=red branch=recover total=27.86ms nav=27.40ms aim=0.46ms block=
07:17:42.406 entity=red_robot_1 role=hero team=red branch=recover total=27.80ms nav=27.34ms aim=0.46ms block=
07:17:43.430 entity=red_robot_1 role=hero team=red branch=recover total=28.64ms nav=28.18ms aim=0.46ms block=
07:17:44.469 entity=red_robot_1 role=hero team=red branch=recover total=27.90ms nav=27.44ms aim=0.46ms block=
07:17:45.518 entity=red_robot_1 role=hero team=red branch=recover total=27.75ms nav=27.29ms aim=0.46ms block=
07:17:46.570 entity=red_robot_1 role=hero team=red branch=recover total=27.44ms nav=27.43ms aim=0.01ms block=
07:17:47.588 entity=red_robot_1 role=hero team=red branch=recover total=27.38ms nav=27.37ms aim=0.01ms block=
07:17:48.364 entity=red_robot_4 role=infantry team=red branch=fallback_direct total=29.58ms nav=29.57ms aim=0.00ms block=
07:17:49.409 entity=red_robot_4 role=infantry team=red branch=fallback_direct total=29.81ms nav=29.80ms aim=0.00ms block=
07:17:50.456 entity=red_robot_4 role=infantry team=red branch=fallback_direct total=30.62ms nav=30.60ms aim=0.00ms block=
07:17:51.501 entity=red_robot_4 role=infantry team=red branch=fallback_direct total=29.36ms nav=29.34ms aim=0.01ms block=
07:17:52.550 entity=red_robot_4 role=infantry team=red branch=fallback_direct total=29.29ms nav=29.27ms aim=0.00ms block=
07:17:53.601 entity=red_robot_4 role=infantry team=red branch=fallback_direct total=29.25ms nav=29.24ms aim=0.00ms block=
07:17:54.644 entity=red_robot_4 role=infantry team=red branch=fallback_direct total=29.53ms nav=29.51ms aim=0.00ms block=
07:17:55.687 entity=red_robot_4 role=infantry team=red branch=fallback_direct total=29.51ms nav=29.50ms aim=0.00ms block=
07:17:56.726 entity=red_robot_4 role=infantry team=red branch=fallback_direct total=29.38ms nav=29.37ms aim=0.00ms block=
07:17:57.769 entity=red_robot_4 role=infantry team=red branch=fallback_direct total=29.45ms nav=29.44ms aim=0.00ms block=
07:17:58.807 entity=red_robot_4 role=infantry team=red branch=fallback_direct total=29.44ms nav=29.43ms aim=0.00ms block=
07:17:59.851 entity=red_robot_4 role=infantry team=red branch=fallback_direct total=29.48ms nav=29.47ms aim=0.00ms block=
07:18:00.893 entity=red_robot_4 role=infantry team=red branch=fallback_direct total=29.30ms nav=29.29ms aim=0.00ms block=
07:18:01.935 entity=red_robot_4 role=infantry team=red branch=fallback_direct total=29.39ms nav=29.38ms aim=0.00ms block=
07:18:02.976 entity=red_robot_4 role=infantry team=red branch=fallback_direct total=29.38ms nav=29.36ms aim=0.00ms block=
07:18:04.013 entity=red_robot_4 role=infantry team=red branch=fallback_direct total=29.13ms nav=29.12ms aim=0.00ms block=
07:18:05.056 entity=red_robot_4 role=infantry team=red branch=fallback_direct total=29.51ms nav=29.50ms aim=0.00ms block=
07:18:06.092 entity=red_robot_4 role=infantry team=red branch=fallback_direct total=29.39ms nav=29.38ms aim=0.00ms block=
07:18:07.128 entity=red_robot_4 role=infantry team=red branch=fallback_direct total=29.56ms nav=29.54ms aim=0.00ms block=
07:18:08.169 entity=red_robot_4 role=infantry team=red branch=fallback_direct total=29.64ms nav=29.63ms aim=0.00ms block=
07:18:09.207 entity=red_robot_4 role=infantry team=red branch=fallback_direct total=29.41ms nav=29.39ms aim=0.00ms block=
07:18:10.251 entity=red_robot_4 role=infantry team=red branch=fallback_direct total=29.63ms nav=29.62ms aim=0.00ms block=
07:18:11.294 entity=red_robot_4 role=infantry team=red branch=fallback_direct total=29.43ms nav=29.41ms aim=0.01ms block=
07:18:12.339 entity=red_robot_4 role=infantry team=red branch=fallback_direct total=29.46ms nav=29.45ms aim=0.00ms block=
07:18:13.382 entity=red_robot_4 role=infantry team=red branch=fallback_direct total=30.22ms nav=30.20ms aim=0.00ms block=
07:18:14.539 entity=blue_robot_7 role=sentry team=blue branch=recover total=28.75ms nav=28.71ms aim=0.03ms block=
07:18:15.573 entity=blue_robot_7 role=sentry team=blue branch=recover total=28.74ms nav=28.71ms aim=0.03ms block=
07:18:16.608 entity=blue_robot_7 role=sentry team=blue branch=recover total=28.78ms nav=28.75ms aim=0.04ms block=
07:18:17.646 entity=blue_robot_7 role=sentry team=blue branch=recover total=28.88ms nav=28.84ms aim=0.04ms block=
07:18:18.687 entity=blue_robot_7 role=sentry team=blue branch=recover total=28.79ms nav=28.75ms aim=0.04ms block=
07:18:19.725 entity=blue_robot_7 role=sentry team=blue branch=recover total=28.73ms nav=28.70ms aim=0.04ms block=
07:18:20.766 entity=blue_robot_7 role=sentry team=blue branch=recover total=28.72ms nav=28.68ms aim=0.04ms block=
07:18:21.811 entity=blue_robot_7 role=sentry team=blue branch=recover total=28.53ms nav=28.50ms aim=0.03ms block=
07:18:22.851 entity=blue_robot_7 role=sentry team=blue branch=recover total=28.67ms nav=28.64ms aim=0.03ms block=
07:18:23.888 entity=blue_robot_7 role=sentry team=blue branch=recover total=28.83ms nav=28.79ms aim=0.03ms block=
07:18:24.926 entity=blue_robot_7 role=sentry team=blue branch=recover total=28.73ms nav=28.70ms aim=0.03ms block=
07:18:25.972 entity=blue_robot_7 role=sentry team=blue branch=recover total=28.93ms nav=28.89ms aim=0.04ms block=
07:18:27.007 entity=blue_robot_7 role=sentry team=blue branch=recover total=28.70ms nav=28.64ms aim=0.05ms block=
07:18:28.042 entity=blue_robot_7 role=sentry team=blue branch=recover total=28.67ms nav=28.64ms aim=0.04ms block=
07:18:29.079 entity=blue_robot_7 role=sentry team=blue branch=recover total=28.65ms nav=28.61ms aim=0.03ms block=
07:18:29.913 entity=blue_robot_1 role=hero team=blue branch=fallback_direct total=29.62ms nav=29.61ms aim=0.00ms block=
07:18:30.293 entity=blue_robot_1 role=hero team=blue branch=fallback_direct total=29.45ms nav=29.45ms aim=0.00ms block=
07:18:30.654 entity=blue_robot_1 role=hero team=blue branch=fallback_direct total=29.46ms nav=29.45ms aim=0.00ms block=
07:18:31.011 entity=blue_robot_1 role=hero team=blue branch=fallback_direct total=29.30ms nav=29.30ms aim=0.00ms block=
07:18:31.367 entity=blue_robot_1 role=hero team=blue branch=fallback_direct total=29.63ms nav=29.62ms aim=0.00ms block=
07:18:31.729 entity=blue_robot_1 role=hero team=blue branch=fallback_direct total=34.09ms nav=29.49ms aim=4.59ms block=
07:18:32.082 entity=blue_robot_1 role=hero team=blue branch=fallback_direct total=29.85ms nav=29.84ms aim=0.00ms block=
07:18:32.462 entity=blue_robot_1 role=hero team=blue branch=fallback_direct total=29.38ms nav=29.37ms aim=0.00ms block=
07:18:32.819 entity=blue_robot_1 role=hero team=blue branch=fallback_direct total=29.82ms nav=29.81ms aim=0.00ms block=
07:18:33.171 entity=blue_robot_1 role=hero team=blue branch=fallback_direct total=29.81ms nav=29.80ms aim=0.00ms block=
07:18:33.529 entity=blue_robot_1 role=hero team=blue branch=fallback_direct total=29.47ms nav=29.46ms aim=0.00ms block=
07:18:33.909 entity=blue_robot_1 role=hero team=blue branch=fallback_direct total=29.30ms nav=29.29ms aim=0.00ms block=
07:18:34.260 entity=blue_robot_1 role=hero team=blue branch=fallback_direct total=29.49ms nav=29.48ms aim=0.00ms block=
07:18:34.622 entity=blue_robot_1 role=hero team=blue branch=fallback_direct total=29.53ms nav=29.52ms aim=0.00ms block=
07:18:34.974 entity=blue_robot_1 role=hero team=blue branch=fallback_direct total=29.39ms nav=29.39ms aim=0.00ms block=
07:18:35.328 entity=blue_robot_1 role=hero team=blue branch=fallback_direct total=29.28ms nav=29.28ms aim=0.00ms block=
07:18:35.681 entity=blue_robot_1 role=hero team=blue branch=fallback_direct total=29.47ms nav=29.46ms aim=0.00ms block=
07:18:36.036 entity=blue_robot_1 role=hero team=blue branch=fallback_direct total=29.45ms nav=29.44ms aim=0.00ms block=
07:18:36.414 entity=blue_robot_1 role=hero team=blue branch=fallback_direct total=29.40ms nav=29.40ms aim=0.00ms block=
07:18:36.790 entity=blue_robot_1 role=hero team=blue branch=fallback_direct total=29.67ms nav=29.67ms aim=0.00ms block=
07:18:37.147 entity=blue_robot_1 role=hero team=blue branch=fallback_direct total=29.45ms nav=29.44ms aim=0.00ms block=
07:18:37.498 entity=blue_robot_1 role=hero team=blue branch=fallback_direct total=29.39ms nav=29.38ms aim=0.00ms block=
07:18:37.851 entity=blue_robot_1 role=hero team=blue branch=fallback_direct total=29.38ms nav=29.37ms aim=0.00ms block=
07:18:38.204 entity=blue_robot_1 role=hero team=blue branch=fallback_direct total=29.40ms nav=29.39ms aim=0.00ms block=
07:18:38.589 entity=blue_robot_1 role=hero team=blue branch=fallback_direct total=60.75ms nav=29.35ms aim=31.40ms block=
07:18:38.942 entity=blue_robot_1 role=hero team=blue branch=fallback_direct total=30.06ms nav=30.05ms aim=0.00ms block=
07:18:39.325 entity=blue_robot_1 role=hero team=blue branch=fallback_direct total=29.48ms nav=29.47ms aim=0.00ms block=
07:18:39.707 entity=blue_robot_1 role=hero team=blue branch=fallback_direct total=29.51ms nav=29.50ms aim=0.00ms block=
07:18:40.059 entity=blue_robot_1 role=hero team=blue branch=fallback_direct total=29.50ms nav=29.50ms aim=0.00ms block=
07:18:40.411 entity=blue_robot_1 role=hero team=blue branch=fallback_direct total=29.46ms nav=29.45ms aim=0.00ms block=
07:18:40.790 entity=blue_robot_1 role=hero team=blue branch=fallback_direct total=29.35ms nav=29.35ms aim=0.00ms block=
07:18:41.141 entity=blue_robot_1 role=hero team=blue branch=fallback_direct total=30.75ms nav=29.26ms aim=1.48ms block=
07:18:41.501 entity=blue_robot_1 role=hero team=blue branch=fallback_direct total=29.42ms nav=29.41ms aim=0.00ms block=
07:18:41.859 entity=blue_robot_1 role=hero team=blue branch=fallback_direct total=29.50ms nav=29.49ms aim=0.00ms block=
07:18:42.214 entity=blue_robot_1 role=hero team=blue branch=fallback_direct total=29.45ms nav=29.45ms aim=0.00ms block=
07:18:42.582 entity=blue_robot_1 role=hero team=blue branch=fallback_direct total=29.28ms nav=29.27ms aim=0.00ms block=
07:18:42.955 entity=blue_robot_1 role=hero team=blue branch=fallback_direct total=29.35ms nav=29.35ms aim=0.00ms block=
07:18:43.324 entity=blue_robot_1 role=hero team=blue branch=fallback_direct total=29.37ms nav=29.36ms aim=0.00ms block=
07:18:43.694 entity=blue_robot_1 role=hero team=blue branch=fallback_direct total=29.60ms nav=29.59ms aim=0.00ms block=
07:18:44.070 entity=blue_robot_1 role=hero team=blue branch=fallback_direct total=29.31ms nav=29.30ms aim=0.00ms block=
07:18:44.450 entity=blue_robot_1 role=hero team=blue branch=fallback_direct total=29.14ms nav=29.14ms aim=0.00ms block=
07:18:44.828 entity=blue_robot_1 role=hero team=blue branch=fallback_direct total=29.37ms nav=29.36ms aim=0.00ms block=
07:18:45.179 entity=blue_robot_1 role=hero team=blue branch=fallback_direct total=29.37ms nav=29.37ms aim=0.00ms block=
07:18:45.582 entity=blue_robot_1 role=hero team=blue branch=fallback_direct total=29.43ms nav=29.42ms aim=0.00ms block=
07:18:45.964 entity=blue_robot_1 role=hero team=blue branch=fallback_direct total=29.32ms nav=29.31ms aim=0.00ms block=
07:18:46.344 entity=blue_robot_1 role=hero team=blue branch=fallback_direct total=29.36ms nav=29.35ms aim=0.00ms block=
07:18:46.748 entity=blue_robot_1 role=hero team=blue branch=fallback_direct total=31.53ms nav=29.36ms aim=2.16ms block=
07:18:47.127 entity=blue_robot_1 role=hero team=blue branch=fallback_direct total=29.54ms nav=29.53ms aim=0.00ms block=
07:18:47.479 entity=blue_robot_1 role=hero team=blue branch=fallback_direct total=29.35ms nav=29.34ms aim=0.00ms block=
07:18:47.859 entity=blue_robot_1 role=hero team=blue branch=fallback_direct total=29.33ms nav=29.32ms aim=0.00ms block=
07:18:48.236 entity=blue_robot_1 role=hero team=blue branch=fallback_direct total=29.40ms nav=29.39ms aim=0.00ms block=
07:18:48.586 entity=blue_robot_1 role=hero team=blue branch=fallback_direct total=29.38ms nav=29.37ms aim=0.00ms block=
07:18:48.939 entity=blue_robot_1 role=hero team=blue branch=fallback_direct total=29.37ms nav=29.36ms aim=0.00ms block=
07:18:49.323 entity=blue_robot_1 role=hero team=blue branch=fallback_direct total=31.71ms nav=29.55ms aim=2.15ms block=
07:18:49.703 entity=blue_robot_1 role=hero team=blue branch=fallback_direct total=29.41ms nav=29.40ms aim=0.00ms block=
07:18:50.107 entity=blue_robot_1 role=hero team=blue branch=fallback_direct total=29.49ms nav=29.48ms aim=0.00ms block=
07:18:50.460 entity=red_robot_1 role=hero team=red branch=recover total=30.57ms nav=28.51ms aim=2.06ms block=
07:18:50.814 entity=blue_robot_1 role=hero team=blue branch=fallback_direct total=29.35ms nav=29.34ms aim=0.00ms block=
07:18:51.166 entity=blue_robot_1 role=hero team=blue branch=fallback_direct total=29.30ms nav=29.29ms aim=0.00ms block=
07:18:51.541 entity=blue_robot_1 role=hero team=blue branch=fallback_direct total=29.72ms nav=29.71ms aim=0.00ms block=
07:18:51.898 entity=blue_robot_1 role=hero team=blue branch=fallback_direct total=29.45ms nav=29.44ms aim=0.00ms block=
07:18:52.279 entity=blue_robot_1 role=hero team=blue branch=fallback_direct total=31.52ms nav=29.34ms aim=2.17ms block=
07:18:52.631 entity=blue_robot_1 role=hero team=blue branch=fallback_direct total=29.29ms nav=29.28ms aim=0.00ms block=
07:18:52.985 entity=blue_robot_3 role=infantry team=blue branch=fallback_direct total=29.21ms nav=29.20ms aim=0.00ms block=
07:18:53.361 entity=blue_robot_3 role=infantry team=blue branch=fallback_direct total=29.37ms nav=29.36ms aim=0.00ms block=
07:18:53.718 entity=blue_robot_3 role=infantry team=blue branch=fallback_direct total=31.22ms nav=31.22ms aim=0.00ms block=
07:18:54.094 entity=blue_robot_3 role=infantry team=blue branch=fallback_direct total=29.26ms nav=29.25ms aim=0.00ms block=
07:18:54.449 entity=blue_robot_3 role=infantry team=blue branch=fallback_direct total=29.26ms nav=29.25ms aim=0.00ms block=
07:18:54.825 entity=blue_robot_1 role=hero team=blue branch=fallback_direct total=29.38ms nav=29.37ms aim=0.00ms block=
07:18:55.177 entity=blue_robot_3 role=infantry team=blue branch=fallback_direct total=29.28ms nav=29.27ms aim=0.00ms block=
07:18:55.581 entity=blue_robot_1 role=hero team=blue branch=fallback_direct total=29.70ms nav=29.70ms aim=0.00ms block=
07:18:55.933 entity=blue_robot_1 role=hero team=blue branch=fallback_direct total=29.36ms nav=29.36ms aim=0.00ms block=
07:18:56.313 entity=blue_robot_1 role=hero team=blue branch=fallback_direct total=29.29ms nav=29.28ms aim=0.00ms block=
07:18:56.667 entity=blue_robot_1 role=hero team=blue branch=fallback_direct total=29.41ms nav=29.41ms aim=0.00ms block=
07:18:57.042 entity=blue_robot_1 role=hero team=blue branch=fallback_direct total=29.39ms nav=29.38ms aim=0.00ms block=
07:18:57.400 entity=blue_robot_1 role=hero team=blue branch=fallback_direct total=29.23ms nav=29.23ms aim=0.00ms block=
07:18:57.777 entity=blue_robot_1 role=hero team=blue branch=fallback_direct total=29.51ms nav=29.50ms aim=0.00ms block=
07:18:58.132 entity=blue_robot_3 role=infantry team=blue branch=fallback_direct total=29.31ms nav=29.31ms aim=0.00ms block=
07:18:58.485 entity=blue_robot_3 role=infantry team=blue branch=fallback_direct total=29.59ms nav=29.58ms aim=0.00ms block=
07:18:58.841 entity=blue_robot_1 role=hero team=blue branch=fallback_direct total=29.40ms nav=29.40ms aim=0.00ms block=
07:18:59.197 entity=blue_robot_1 role=hero team=blue branch=fallback_direct total=29.29ms nav=29.29ms aim=0.00ms block=
07:18:59.560 entity=blue_robot_3 role=infantry team=blue branch=fallback_direct total=29.27ms nav=29.26ms aim=0.00ms block=
07:18:59.913 entity=blue_robot_1 role=hero team=blue branch=fallback_direct total=29.38ms nav=29.37ms aim=0.00ms block=
07:19:00.274 entity=blue_robot_1 role=hero team=blue branch=fallback_direct total=29.47ms nav=29.46ms aim=0.00ms block=
07:19:00.657 entity=blue_robot_1 role=hero team=blue branch=fallback_direct total=29.26ms nav=29.26ms aim=0.00ms block=
07:19:01.018 entity=blue_robot_1 role=hero team=blue branch=fallback_direct total=29.45ms nav=29.44ms aim=0.00ms block=
07:19:01.403 entity=blue_robot_1 role=hero team=blue branch=fallback_direct total=29.30ms nav=29.30ms aim=0.00ms block=
07:19:01.760 entity=blue_robot_1 role=hero team=blue branch=fallback_direct total=29.65ms nav=29.65ms aim=0.00ms block=
07:19:02.152 entity=red_robot_1 role=hero team=red branch=reuse_drive total=35.67ms nav=0.00ms aim=35.66ms block=
07:19:02.510 entity=blue_robot_1 role=hero team=blue branch=fallback_direct total=29.32ms nav=29.31ms aim=0.00ms block=
07:19:02.867 entity=blue_robot_1 role=hero team=blue branch=fallback_direct total=29.43ms nav=29.42ms aim=0.00ms block=
07:19:03.247 entity=blue_robot_1 role=hero team=blue branch=fallback_direct total=29.44ms nav=29.43ms aim=0.00ms block=
07:19:03.606 entity=blue_robot_1 role=hero team=blue branch=fallback_direct total=29.53ms nav=29.53ms aim=0.00ms block=
07:19:03.989 entity=blue_robot_1 role=hero team=blue branch=fallback_direct total=29.23ms nav=29.22ms aim=0.00ms block=
07:19:04.344 entity=blue_robot_3 role=infantry team=blue branch=fallback_direct total=30.10ms nav=30.09ms aim=0.00ms block=
07:19:04.697 entity=blue_robot_3 role=infantry team=blue branch=fallback_direct total=30.57ms nav=30.55ms aim=0.01ms block=
07:19:05.075 entity=blue_robot_3 role=infantry team=blue branch=fallback_direct total=29.47ms nav=29.46ms aim=0.00ms block=
07:19:05.429 entity=blue_robot_3 role=infantry team=blue branch=fallback_direct total=29.49ms nav=29.48ms aim=0.00ms block=
07:19:05.784 entity=blue_robot_1 role=hero team=blue branch=fallback_direct total=29.78ms nav=29.77ms aim=0.00ms block=
07:19:06.139 entity=blue_robot_1 role=hero team=blue branch=fallback_direct total=29.49ms nav=29.48ms aim=0.00ms block=
07:19:06.546 entity=blue_robot_1 role=hero team=blue branch=fallback_direct total=59.54ms nav=29.41ms aim=30.13ms block=
07:19:06.907 entity=blue_robot_1 role=hero team=blue branch=fallback_direct total=29.52ms nav=29.52ms aim=0.00ms block=
07:19:07.283 entity=blue_robot_1 role=hero team=blue branch=fallback_direct total=29.28ms nav=29.28ms aim=0.00ms block=
07:19:07.635 entity=blue_robot_1 role=hero team=blue branch=fallback_direct total=29.29ms nav=29.28ms aim=0.00ms block=
07:19:08.016 entity=blue_robot_1 role=hero team=blue branch=fallback_direct total=31.21ms nav=31.20ms aim=0.00ms block=
07:19:08.378 entity=blue_robot_3 role=infantry team=blue branch=fallback_direct total=29.33ms nav=29.33ms aim=0.00ms block=
07:19:08.735 entity=blue_robot_3 role=infantry team=blue branch=fallback_direct total=29.24ms nav=29.24ms aim=0.00ms block=
07:19:09.131 entity=red_robot_4 role=infantry team=red branch=fallback_direct total=32.12ms nav=32.11ms aim=0.00ms block=
07:19:09.495 entity=blue_robot_3 role=infantry team=blue branch=fallback_direct total=29.47ms nav=29.46ms aim=0.00ms block=
07:19:09.859 entity=red_robot_4 role=infantry team=red branch=fallback_direct total=32.02ms nav=32.01ms aim=0.00ms block=
07:19:10.216 entity=blue_robot_1 role=hero team=blue branch=fallback_direct total=29.43ms nav=29.42ms aim=0.00ms block=
07:19:10.611 entity=red_robot_4 role=infantry team=red branch=fallback_direct total=32.11ms nav=32.10ms aim=0.00ms block=
07:19:10.981 entity=blue_robot_3 role=infantry team=blue branch=fallback_direct total=29.31ms nav=29.31ms aim=0.00ms block=
07:19:11.341 entity=red_robot_4 role=infantry team=red branch=fallback_direct total=32.15ms nav=32.15ms aim=0.00ms block=
07:19:11.699 entity=blue_robot_1 role=hero team=blue branch=fallback_direct total=29.49ms nav=29.48ms aim=0.00ms block=
07:19:12.062 entity=blue_robot_3 role=infantry team=blue branch=fallback_direct total=29.41ms nav=29.40ms aim=0.00ms block=
07:19:12.425 entity=red_robot_4 role=infantry team=red branch=fallback_direct total=32.22ms nav=32.22ms aim=0.00ms block=
07:19:12.786 entity=blue_robot_1 role=hero team=blue branch=fallback_direct total=29.53ms nav=29.52ms aim=0.00ms block=
07:19:13.194 entity=red_robot_4 role=infantry team=red branch=fallback_direct total=31.93ms nav=31.92ms aim=0.00ms block=
07:19:13.570 entity=blue_robot_3 role=infantry team=blue branch=fallback_direct total=29.29ms nav=29.29ms aim=0.00ms block=
07:19:13.936 entity=red_robot_4 role=infantry team=red branch=fallback_direct total=32.08ms nav=32.07ms aim=0.00ms block=
07:19:14.312 entity=blue_robot_1 role=hero team=blue branch=fallback_direct total=29.45ms nav=29.44ms aim=0.00ms block=
07:19:14.704 entity=red_robot_4 role=infantry team=red branch=fallback_direct total=32.16ms nav=32.15ms aim=0.00ms block=
07:19:15.074 entity=blue_robot_3 role=infantry team=blue branch=fallback_direct total=29.40ms nav=29.39ms aim=0.00ms block=
07:19:15.449 entity=red_robot_4 role=infantry team=red branch=fallback_direct total=32.27ms nav=32.26ms aim=0.00ms block=
07:19:15.828 entity=blue_robot_1 role=hero team=blue branch=fallback_direct total=29.49ms nav=29.48ms aim=0.00ms block=
07:19:16.178 entity=blue_robot_3 role=infantry team=blue branch=fallback_direct total=29.32ms nav=29.31ms aim=0.00ms block=
07:19:16.530 entity=red_robot_4 role=infantry team=red branch=fallback_direct total=32.49ms nav=32.48ms aim=0.00ms block=
07:19:16.894 entity=blue_robot_3 role=infantry team=blue branch=fallback_direct total=29.90ms nav=29.89ms aim=0.00ms block=
07:19:17.260 entity=blue_robot_1 role=hero team=blue branch=fallback_direct total=29.45ms nav=29.44ms aim=0.00ms block=
07:19:17.630 entity=red_robot_4 role=infantry team=red branch=fallback_direct total=32.66ms nav=32.66ms aim=0.00ms block=
07:19:17.985 entity=blue_robot_3 role=infantry team=blue branch=fallback_direct total=29.33ms nav=29.32ms aim=0.00ms block=
07:19:18.352 entity=blue_robot_1 role=hero team=blue branch=fallback_direct total=29.49ms nav=29.48ms aim=0.00ms block=
07:19:18.720 entity=red_robot_4 role=infantry team=red branch=fallback_direct total=32.31ms nav=32.31ms aim=0.00ms block=
07:19:19.087 entity=blue_robot_3 role=infantry team=blue branch=fallback_direct total=29.32ms nav=29.31ms aim=0.00ms block=
07:19:19.453 entity=blue_robot_1 role=hero team=blue branch=fallback_direct total=29.42ms nav=29.41ms aim=0.00ms block=
07:19:19.821 entity=red_robot_4 role=infantry team=red branch=fallback_direct total=32.29ms nav=32.27ms aim=0.00ms block=
07:19:20.173 entity=blue_robot_3 role=infantry team=blue branch=fallback_direct total=29.31ms nav=29.30ms aim=0.00ms block=
07:19:20.538 entity=blue_robot_1 role=hero team=blue branch=fallback_direct total=29.32ms nav=29.32ms aim=0.00ms block=
07:19:20.905 entity=red_robot_4 role=infantry team=red branch=fallback_direct total=32.11ms nav=32.10ms aim=0.00ms block=
07:19:21.268 entity=blue_robot_3 role=infantry team=blue branch=fallback_direct total=29.34ms nav=29.34ms aim=0.00ms block=
07:19:21.665 entity=blue_robot_1 role=hero team=blue branch=fallback_direct total=59.29ms nav=29.33ms aim=29.95ms block=
07:19:22.025 entity=red_robot_1 role=hero team=red branch=recover total=27.48ms nav=27.47ms aim=0.01ms block=
07:19:22.377 entity=blue_robot_1 role=hero team=blue branch=fallback_direct total=29.50ms nav=29.49ms aim=0.00ms block=
07:19:22.744 entity=red_robot_4 role=infantry team=red branch=fallback_direct total=32.24ms nav=32.24ms aim=0.00ms block=
07:19:23.109 entity=blue_robot_3 role=infantry team=blue branch=fallback_direct total=30.49ms nav=30.48ms aim=0.00ms block=
07:19:23.475 entity=blue_robot_1 role=hero team=blue branch=fallback_direct total=29.38ms nav=29.37ms aim=0.00ms block=
07:19:23.842 entity=red_robot_4 role=infantry team=red branch=fallback_direct total=32.24ms nav=32.23ms aim=0.00ms block=
07:19:24.237 entity=red_robot_4 role=infantry team=red branch=fallback_direct total=32.33ms nav=32.32ms aim=0.00ms block=
07:19:24.631 entity=red_robot_4 role=infantry team=red branch=fallback_direct total=32.07ms nav=32.07ms aim=0.00ms block=
07:19:24.982 entity=blue_robot_3 role=infantry team=blue branch=fallback_direct total=29.33ms nav=29.32ms aim=0.00ms block=
07:19:25.349 entity=blue_robot_3 role=infantry team=blue branch=fallback_direct total=29.41ms nav=29.41ms aim=0.00ms block=
07:19:25.711 entity=red_robot_4 role=infantry team=red branch=fallback_direct total=32.07ms nav=32.06ms aim=0.00ms block=
07:19:26.070 entity=blue_robot_7 role=sentry team=blue branch=recover total=28.72ms nav=28.67ms aim=0.06ms block=
07:19:26.430 entity=blue_robot_3 role=infantry team=blue branch=fallback_direct total=29.30ms nav=29.30ms aim=0.00ms block=
07:19:26.798 entity=blue_robot_3 role=infantry team=blue branch=fallback_direct total=29.33ms nav=29.32ms aim=0.00ms block=
07:19:27.180 entity=red_robot_4 role=infantry team=red branch=fallback_direct total=31.50ms nav=31.48ms aim=0.02ms block=
07:19:27.556 entity=blue_robot_3 role=infantry team=blue branch=fallback_direct total=29.59ms nav=29.58ms aim=0.00ms block=
07:19:27.927 entity=red_robot_4 role=infantry team=red branch=fallback_direct total=31.06ms nav=31.05ms aim=0.00ms block=
07:19:28.307 entity=blue_robot_3 role=infantry team=blue branch=fallback_direct total=29.38ms nav=29.37ms aim=0.00ms block=
07:19:28.658 entity=blue_robot_3 role=infantry team=blue branch=fallback_direct total=29.27ms nav=29.26ms aim=0.00ms block=
07:19:29.034 entity=blue_robot_3 role=infantry team=blue branch=fallback_direct total=29.35ms nav=29.34ms aim=0.00ms block=
07:19:29.424 entity=blue_robot_3 role=infantry team=blue branch=fallback_direct total=29.34ms nav=29.33ms aim=0.00ms block=
07:19:29.775 entity=blue_robot_7 role=sentry team=blue branch=recover total=28.85ms nav=28.80ms aim=0.05ms block=
07:19:30.137 entity=blue_robot_3 role=infantry team=blue branch=fallback_direct total=29.37ms nav=29.36ms aim=0.00ms block=
07:19:30.498 entity=blue_robot_7 role=sentry team=blue branch=recover total=30.03ms nav=29.97ms aim=0.05ms block=
07:19:30.861 entity=blue_robot_3 role=infantry team=blue branch=fallback_direct total=29.44ms nav=29.44ms aim=0.00ms block=
07:19:31.211 entity=blue_robot_7 role=sentry team=blue branch=recover total=28.88ms nav=28.82ms aim=0.06ms block=
07:19:31.571 entity=blue_robot_7 role=sentry team=blue branch=recover total=28.67ms nav=28.62ms aim=0.05ms block=
07:19:31.934 entity=blue_robot_3 role=infantry team=blue branch=fallback_direct total=29.38ms nav=29.37ms aim=0.00ms block=
07:19:32.284 entity=blue_robot_7 role=sentry team=blue branch=recover total=29.89ms nav=29.84ms aim=0.05ms block=
07:19:32.647 entity=blue_robot_3 role=infantry team=blue branch=fallback_direct total=29.35ms nav=29.34ms aim=0.00ms block=
07:19:33.007 entity=blue_robot_3 role=infantry team=blue branch=fallback_direct total=29.34ms nav=29.34ms aim=0.00ms block=
07:19:33.358 entity=blue_robot_7 role=sentry team=blue branch=recover total=28.80ms nav=28.76ms aim=0.04ms block=
07:19:33.723 entity=blue_robot_3 role=infantry team=blue branch=fallback_direct total=29.31ms nav=29.30ms aim=0.00ms block=
07:19:34.086 entity=blue_robot_7 role=sentry team=blue branch=recover total=28.70ms nav=28.65ms aim=0.05ms block=
07:19:34.449 entity=blue_robot_3 role=infantry team=blue branch=fallback_direct total=29.19ms nav=29.19ms aim=0.00ms block=
07:19:34.799 entity=blue_robot_7 role=sentry team=blue branch=recover total=28.77ms nav=28.72ms aim=0.05ms block=
07:19:35.163 entity=blue_robot_3 role=infantry team=blue branch=fallback_direct total=29.37ms nav=29.36ms aim=0.00ms block=
07:19:35.521 entity=blue_robot_7 role=sentry team=blue branch=recover total=28.52ms nav=28.47ms aim=0.05ms block=
07:19:35.909 entity=blue_robot_3 role=infantry team=blue branch=fallback_direct total=30.12ms nav=30.11ms aim=0.00ms block=
07:19:36.299 entity=blue_robot_3 role=infantry team=blue branch=fallback_direct total=29.33ms nav=29.33ms aim=0.00ms block=
07:19:36.689 entity=blue_robot_3 role=infantry team=blue branch=fallback_direct total=29.50ms nav=29.49ms aim=0.00ms block=
07:19:37.039 entity=blue_robot_7 role=sentry team=blue branch=recover total=28.74ms nav=28.69ms aim=0.05ms block=
07:19:37.401 entity=blue_robot_3 role=infantry team=blue branch=fallback_direct total=29.38ms nav=29.37ms aim=0.00ms block=
07:19:37.763 entity=blue_robot_7 role=sentry team=blue branch=recover total=29.21ms nav=29.16ms aim=0.05ms block=
07:19:38.126 entity=blue_robot_3 role=infantry team=blue branch=fallback_direct total=30.56ms nav=30.55ms aim=0.00ms block=
07:19:38.518 entity=blue_robot_3 role=infantry team=blue branch=fallback_direct total=29.31ms nav=29.30ms aim=0.00ms block=
07:19:38.876 entity=blue_robot_7 role=sentry team=blue branch=recover total=28.64ms nav=28.60ms aim=0.05ms block=
07:19:39.236 entity=blue_robot_3 role=infantry team=blue branch=fallback_direct total=29.34ms nav=29.33ms aim=0.00ms block=
07:19:39.596 entity=blue_robot_3 role=infantry team=blue branch=fallback_direct total=29.09ms nav=29.09ms aim=0.00ms block=
07:19:40.003 entity=blue_robot_1 role=hero team=blue branch=fallback_direct total=57.68ms nav=29.43ms aim=28.24ms block=
07:19:40.354 entity=blue_robot_7 role=sentry team=blue branch=recover total=28.67ms nav=28.62ms aim=0.05ms block=
07:19:40.717 entity=blue_robot_1 role=hero team=blue branch=fallback_direct total=29.87ms nav=29.86ms aim=0.00ms block=
07:19:41.078 entity=blue_robot_7 role=sentry team=blue branch=recover total=28.72ms nav=28.68ms aim=0.04ms block=
07:19:41.442 entity=blue_robot_1 role=hero team=blue branch=fallback_direct total=29.30ms nav=29.29ms aim=0.00ms block=
07:19:41.792 entity=blue_robot_7 role=sentry team=blue branch=recover total=28.69ms nav=28.65ms aim=0.04ms block=
07:19:42.152 entity=blue_robot_1 role=hero team=blue branch=fallback_direct total=29.39ms nav=29.38ms aim=0.00ms block=
07:19:42.517 entity=blue_robot_7 role=sentry team=blue branch=recover total=28.42ms nav=28.39ms aim=0.04ms block=
07:19:42.881 entity=blue_robot_1 role=hero team=blue branch=fallback_direct total=29.47ms nav=29.46ms aim=0.00ms block=
07:19:43.231 entity=blue_robot_7 role=sentry team=blue branch=recover total=28.70ms nav=28.65ms aim=0.04ms block=
07:19:43.596 entity=blue_robot_1 role=hero team=blue branch=fallback_direct total=29.33ms nav=29.32ms aim=0.00ms block=
07:19:43.959 entity=blue_robot_1 role=hero team=blue branch=fallback_direct total=29.42ms nav=29.41ms aim=0.00ms block=
07:19:44.339 entity=blue_robot_7 role=sentry team=blue branch=recover total=29.40ms nav=29.35ms aim=0.05ms block=
07:19:44.703 entity=blue_robot_1 role=hero team=blue branch=fallback_direct total=29.32ms nav=29.31ms aim=0.00ms block=
07:19:45.070 entity=blue_robot_7 role=sentry team=blue branch=recover total=28.65ms nav=28.60ms aim=0.05ms block=
07:19:45.432 entity=blue_robot_1 role=hero team=blue branch=fallback_direct total=29.35ms nav=29.34ms aim=0.00ms block=
07:19:45.782 entity=blue_robot_7 role=sentry team=blue branch=recover total=28.72ms nav=28.68ms aim=0.04ms block=
07:19:46.147 entity=blue_robot_1 role=hero team=blue branch=fallback_direct total=29.42ms nav=29.41ms aim=0.00ms block=
07:19:46.512 entity=blue_robot_7 role=sentry team=blue branch=recover total=28.51ms nav=28.46ms aim=0.05ms block=
07:19:46.874 entity=blue_robot_1 role=hero team=blue branch=fallback_direct total=29.39ms nav=29.39ms aim=0.00ms block=
07:19:47.224 entity=blue_robot_7 role=sentry team=blue branch=recover total=28.68ms nav=28.64ms aim=0.05ms block=
07:19:47.590 entity=blue_robot_7 role=sentry team=blue branch=recover total=28.60ms nav=28.56ms aim=0.04ms block=
07:19:47.952 entity=blue_robot_1 role=hero team=blue branch=fallback_direct total=29.42ms nav=29.41ms aim=0.00ms block=
07:19:48.328 entity=blue_robot_7 role=sentry team=blue branch=recover total=28.71ms nav=28.66ms aim=0.04ms block=
07:19:48.691 entity=blue_robot_1 role=hero team=blue branch=fallback_direct total=29.58ms nav=29.57ms aim=0.00ms block=
07:19:49.056 entity=blue_robot_7 role=sentry team=blue branch=recover total=28.90ms nav=28.85ms aim=0.05ms block=
07:19:49.417 entity=blue_robot_1 role=hero team=blue branch=fallback_direct total=29.37ms nav=29.36ms aim=0.00ms block=
07:19:49.806 entity=blue_robot_1 role=hero team=blue branch=fallback_direct total=29.59ms nav=29.58ms aim=0.00ms block=
07:19:50.157 entity=blue_robot_1 role=hero team=blue branch=fallback_direct total=29.37ms nav=29.36ms aim=0.00ms block=
07:19:50.516 entity=blue_robot_7 role=sentry team=blue branch=recover total=28.81ms nav=28.76ms aim=0.04ms block=
07:19:50.880 entity=blue_robot_1 role=hero team=blue branch=fallback_direct total=29.42ms nav=29.41ms aim=0.00ms block=
07:19:51.271 entity=blue_robot_1 role=hero team=blue branch=fallback_direct total=29.16ms nav=29.15ms aim=0.00ms block=
07:19:51.623 entity=blue_robot_7 role=sentry team=blue branch=recover total=28.76ms nav=28.72ms aim=0.04ms block=
07:19:51.985 entity=blue_robot_1 role=hero team=blue branch=fallback_direct total=29.52ms nav=29.52ms aim=0.00ms block=
07:19:52.348 entity=blue_robot_7 role=sentry team=blue branch=recover total=28.93ms nav=28.88ms aim=0.05ms block=
07:19:52.740 entity=blue_robot_1 role=hero team=blue branch=fallback_direct total=29.33ms nav=29.32ms aim=0.00ms block=
07:19:53.093 entity=blue_robot_7 role=sentry team=blue branch=recover total=28.69ms nav=28.65ms aim=0.04ms block=
07:19:53.456 entity=blue_robot_1 role=hero team=blue branch=fallback_direct total=29.31ms nav=29.30ms aim=0.00ms block=
07:19:53.819 entity=blue_robot_7 role=sentry team=blue branch=recover total=28.66ms nav=28.61ms aim=0.05ms block=
07:19:54.170 entity=blue_robot_7 role=sentry team=blue branch=recover total=28.66ms nav=28.62ms aim=0.04ms block=
07:19:54.533 entity=blue_robot_1 role=hero team=blue branch=fallback_direct total=29.31ms nav=29.30ms aim=0.00ms block=
07:19:54.898 entity=blue_robot_7 role=sentry team=blue branch=recover total=28.75ms nav=28.71ms aim=0.05ms block=
07:19:55.267 entity=blue_robot_1 role=hero team=blue branch=fallback_direct total=29.99ms nav=29.98ms aim=0.00ms block=
07:19:55.619 entity=blue_robot_7 role=sentry team=blue branch=recover total=28.78ms nav=28.74ms aim=0.04ms block=
07:19:55.982 entity=blue_robot_1 role=hero team=blue branch=fallback_direct total=29.33ms nav=29.33ms aim=0.00ms block=
07:19:56.346 entity=blue_robot_7 role=sentry team=blue branch=recover total=29.02ms nav=28.97ms aim=0.05ms block=
07:19:56.737 entity=blue_robot_1 role=hero team=blue branch=fallback_direct total=29.34ms nav=29.33ms aim=0.00ms block=
07:19:57.090 entity=blue_robot_7 role=sentry team=blue branch=recover total=29.93ms nav=29.88ms aim=0.04ms block=
07:19:57.457 entity=blue_robot_1 role=hero team=blue branch=fallback_direct total=29.21ms nav=29.20ms aim=0.00ms block=
07:19:57.821 entity=blue_robot_1 role=hero team=blue branch=fallback_direct total=29.42ms nav=29.41ms aim=0.00ms block=
07:19:58.174 entity=blue_robot_7 role=sentry team=blue branch=recover total=28.56ms nav=28.52ms aim=0.04ms block=
07:19:58.539 entity=blue_robot_1 role=hero team=blue branch=fallback_direct total=29.38ms nav=29.37ms aim=0.00ms block=
07:19:58.903 entity=blue_robot_7 role=sentry team=blue branch=recover total=28.83ms nav=28.78ms aim=0.05ms block=
07:19:59.269 entity=blue_robot_1 role=hero team=blue branch=fallback_direct total=29.54ms nav=29.54ms aim=0.00ms block=
07:19:59.620 entity=blue_robot_7 role=sentry team=blue branch=recover total=28.60ms nav=28.55ms aim=0.05ms block=
07:19:59.987 entity=blue_robot_1 role=hero team=blue branch=fallback_direct total=30.50ms nav=30.50ms aim=0.00ms block=
07:20:00.351 entity=blue_robot_7 role=sentry team=blue branch=recover total=28.74ms nav=28.70ms aim=0.04ms block=
07:20:00.715 entity=blue_robot_1 role=hero team=blue branch=fallback_direct total=29.33ms nav=29.32ms aim=0.00ms block=
07:20:01.094 entity=blue_robot_7 role=sentry team=blue branch=recover total=28.65ms nav=28.61ms aim=0.04ms block=
07:20:01.486 entity=blue_robot_1 role=hero team=blue branch=fallback_direct total=58.03ms nav=29.18ms aim=28.85ms block=
07:20:01.850 entity=blue_robot_7 role=sentry team=blue branch=recover total=28.67ms nav=28.62ms aim=0.05ms block=
07:20:02.214 entity=blue_robot_1 role=hero team=blue branch=fallback_direct total=29.09ms nav=29.08ms aim=0.00ms block=
07:20:02.567 entity=blue_robot_7 role=sentry team=blue branch=recover total=28.70ms nav=28.66ms aim=0.04ms block=
07:20:02.935 entity=blue_robot_1 role=hero team=blue branch=fallback_direct total=29.51ms nav=29.50ms aim=0.00ms block=
07:20:03.302 entity=blue_robot_7 role=sentry team=blue branch=recover total=28.63ms nav=28.60ms aim=0.03ms block=
07:20:03.668 entity=blue_robot_1 role=hero team=blue branch=fallback_direct total=29.51ms nav=29.50ms aim=0.00ms block=
07:20:04.019 entity=blue_robot_1 role=hero team=blue branch=fallback_direct total=58.26ms nav=29.37ms aim=28.88ms block=
07:20:04.383 entity=blue_robot_7 role=sentry team=blue branch=recover total=28.64ms nav=28.59ms aim=0.04ms block=
07:20:04.746 entity=blue_robot_1 role=hero team=blue branch=fallback_direct total=29.41ms nav=29.41ms aim=0.00ms block=
07:20:05.096 entity=blue_robot_1 role=hero team=blue branch=fallback_direct total=29.44ms nav=29.44ms aim=0.00ms block=
07:20:05.463 entity=blue_robot_7 role=sentry team=blue branch=recover total=28.81ms nav=28.76ms aim=0.05ms block=
07:20:05.827 entity=blue_robot_1 role=hero team=blue branch=fallback_direct total=29.58ms nav=29.57ms aim=0.00ms block=
07:20:06.177 entity=blue_robot_7 role=sentry team=blue branch=recover total=28.92ms nav=28.88ms aim=0.04ms block=
07:20:06.543 entity=blue_robot_1 role=hero team=blue branch=fallback_direct total=30.99ms nav=29.49ms aim=1.49ms block=
07:20:06.906 entity=blue_robot_7 role=sentry team=blue branch=recover total=28.67ms nav=28.62ms aim=0.04ms block=
07:20:07.271 entity=blue_robot_1 role=hero team=blue branch=fallback_direct total=29.07ms nav=29.06ms aim=0.00ms block=
07:20:07.663 entity=blue_robot_1 role=hero team=blue branch=fallback_direct total=29.36ms nav=29.35ms aim=0.00ms block=
07:20:08.015 entity=blue_robot_1 role=hero team=blue branch=fallback_direct total=29.42ms nav=29.41ms aim=0.00ms block=
07:20:08.380 entity=blue_robot_7 role=sentry team=blue branch=recover total=28.35ms nav=28.32ms aim=0.03ms block=
07:20:08.748 entity=blue_robot_1 role=hero team=blue branch=fallback_direct total=29.50ms nav=29.49ms aim=0.00ms block=
07:20:09.104 entity=blue_robot_7 role=sentry team=blue branch=recover total=28.92ms nav=28.87ms aim=0.05ms block=
07:20:09.469 entity=blue_robot_7 role=sentry team=blue branch=recover total=28.62ms nav=28.57ms aim=0.04ms block=
07:20:09.836 entity=blue_robot_1 role=hero team=blue branch=fallback_direct total=29.60ms nav=29.59ms aim=0.00ms block=
07:20:10.189 entity=blue_robot_7 role=sentry team=blue branch=recover total=28.57ms nav=28.52ms aim=0.04ms block=
07:20:10.556 entity=blue_robot_1 role=hero team=blue branch=fallback_direct total=29.56ms nav=29.55ms aim=0.00ms block=
07:20:10.921 entity=blue_robot_7 role=sentry team=blue branch=recover total=28.59ms nav=28.55ms aim=0.04ms block=
07:20:11.286 entity=blue_robot_1 role=hero team=blue branch=fallback_direct total=29.41ms nav=29.41ms aim=0.00ms block=
07:20:11.639 entity=blue_robot_1 role=hero team=blue branch=fallback_direct total=58.46ms nav=29.49ms aim=28.96ms block=
07:20:12.005 entity=blue_robot_7 role=sentry team=blue branch=recover total=28.56ms nav=28.51ms aim=0.04ms block=
07:20:12.370 entity=blue_robot_1 role=hero team=blue branch=fallback_direct total=29.38ms nav=29.38ms aim=0.00ms block=
07:20:12.723 entity=blue_robot_7 role=sentry team=blue branch=recover total=28.76ms nav=28.72ms aim=0.05ms block=
07:20:13.090 entity=blue_robot_1 role=hero team=blue branch=fallback_direct total=29.39ms nav=29.38ms aim=0.00ms block=
07:20:13.452 entity=blue_robot_1 role=hero team=blue branch=fallback_direct total=29.39ms nav=29.38ms aim=0.00ms block=
07:20:13.805 entity=blue_robot_7 role=sentry team=blue branch=recover total=29.80ms nav=29.76ms aim=0.04ms block=
07:20:14.171 entity=blue_robot_1 role=hero team=blue branch=fallback_direct total=31.64ms nav=29.40ms aim=2.23ms block=
07:20:14.535 entity=blue_robot_7 role=sentry team=blue branch=recover total=28.64ms nav=28.60ms aim=0.04ms block=
07:20:14.901 entity=blue_robot_1 role=hero team=blue branch=fallback_direct total=29.33ms nav=29.32ms aim=0.00ms block=
07:20:15.256 entity=blue_robot_7 role=sentry team=blue branch=recover total=28.95ms nav=28.91ms aim=0.04ms block=
07:20:15.621 entity=blue_robot_7 role=sentry team=blue branch=recover total=28.61ms nav=28.58ms aim=0.04ms block=
07:20:15.987 entity=blue_robot_1 role=hero team=blue branch=fallback_direct total=29.44ms nav=29.43ms aim=0.00ms block=
07:20:16.339 entity=blue_robot_7 role=sentry team=blue branch=recover total=28.69ms nav=28.65ms aim=0.04ms block=
07:20:16.705 entity=blue_robot_1 role=hero team=blue branch=fallback_direct total=31.18ms nav=29.71ms aim=1.46ms block=
07:20:17.068 entity=blue_robot_7 role=sentry team=blue branch=recover total=28.78ms nav=28.74ms aim=0.04ms block=
07:20:17.434 entity=blue_robot_1 role=hero team=blue branch=fallback_direct total=29.25ms nav=29.24ms aim=0.00ms block=
07:20:17.812 entity=blue_robot_7 role=sentry team=blue branch=recover total=28.72ms nav=28.67ms aim=0.04ms block=
07:20:18.176 entity=blue_robot_7 role=sentry team=blue branch=recover total=28.77ms nav=28.72ms aim=0.05ms block=
07:20:18.540 entity=blue_robot_1 role=hero team=blue branch=fallback_direct total=29.31ms nav=29.31ms aim=0.00ms block=
07:20:18.892 entity=blue_robot_7 role=sentry team=blue branch=recover total=28.62ms nav=28.58ms aim=0.04ms block=
07:20:19.265 entity=blue_robot_1 role=hero team=blue branch=fallback_direct total=34.06ms nav=31.87ms aim=2.18ms block=
07:20:19.639 entity=blue_robot_7 role=sentry team=blue branch=recover total=28.56ms nav=28.52ms aim=0.04ms block=
07:20:20.019 entity=blue_robot_1 role=hero team=blue branch=fallback_direct total=29.34ms nav=29.33ms aim=0.00ms block=
07:20:20.370 entity=blue_robot_7 role=sentry team=blue branch=recover total=28.76ms nav=28.71ms aim=0.04ms block=
07:20:20.745 entity=blue_robot_1 role=hero team=blue branch=fallback_direct total=29.55ms nav=29.55ms aim=0.00ms block=
07:20:21.113 entity=blue_robot_7 role=sentry team=blue branch=recover total=28.66ms nav=28.62ms aim=0.04ms block=
07:20:21.480 entity=blue_robot_1 role=hero team=blue branch=fallback_direct total=29.65ms nav=29.64ms aim=0.00ms block=
07:20:21.844 entity=blue_robot_1 role=hero team=blue branch=fallback_direct total=58.28ms nav=29.38ms aim=28.90ms block=
07:20:22.207 entity=blue_robot_1 role=hero team=blue branch=fallback_direct total=29.37ms nav=29.36ms aim=0.00ms block=
07:20:22.559 entity=blue_robot_7 role=sentry team=blue branch=recover total=28.72ms nav=28.69ms aim=0.03ms block=
07:20:22.937 entity=blue_robot_1 role=hero team=blue branch=fallback_direct total=29.46ms nav=29.46ms aim=0.00ms block=
07:20:23.306 entity=blue_robot_7 role=sentry team=blue branch=recover total=28.75ms nav=28.71ms aim=0.04ms block=
07:20:23.672 entity=blue_robot_1 role=hero team=blue branch=fallback_direct total=29.11ms nav=29.09ms aim=0.00ms block=
07:20:24.029 entity=blue_robot_7 role=sentry team=blue branch=recover total=29.21ms nav=29.16ms aim=0.05ms block=
07:20:24.397 entity=blue_robot_1 role=hero team=blue branch=fallback_direct total=31.78ms nav=29.54ms aim=2.23ms block=
07:20:24.764 entity=blue_robot_7 role=sentry team=blue branch=recover total=28.76ms nav=28.72ms aim=0.04ms block=
07:20:25.131 entity=blue_robot_1 role=hero team=blue branch=fallback_direct total=30.37ms nav=30.36ms aim=0.00ms block=
07:20:25.485 entity=blue_robot_7 role=sentry team=blue branch=recover total=28.68ms nav=28.63ms aim=0.05ms block=
07:20:25.853 entity=blue_robot_7 role=sentry team=blue branch=recover total=28.69ms nav=28.64ms aim=0.04ms block=
07:20:26.203 entity=blue_robot_7 role=sentry team=blue branch=recover total=28.72ms nav=28.69ms aim=0.03ms block=
07:20:26.571 entity=blue_robot_1 role=hero team=blue branch=fallback_direct total=29.34ms nav=29.34ms aim=0.00ms block=
07:20:26.938 entity=blue_robot_7 role=sentry team=blue branch=recover total=28.65ms nav=28.61ms aim=0.04ms block=
07:20:27.309 entity=blue_robot_1 role=hero team=blue branch=fallback_direct total=29.30ms nav=29.29ms aim=0.00ms block=
07:20:27.663 entity=blue_robot_7 role=sentry team=blue branch=recover total=28.57ms nav=28.53ms aim=0.04ms block=
07:20:28.033 entity=blue_robot_1 role=hero team=blue branch=fallback_direct total=29.33ms nav=29.32ms aim=0.00ms block=
07:20:28.400 entity=blue_robot_7 role=sentry team=blue branch=recover total=28.62ms nav=28.58ms aim=0.04ms block=
07:20:28.767 entity=blue_robot_1 role=hero team=blue branch=fallback_direct total=29.39ms nav=29.38ms aim=0.00ms block=
07:20:29.122 entity=blue_robot_7 role=sentry team=blue branch=recover total=28.61ms nav=28.56ms aim=0.04ms block=
07:20:29.521 entity=blue_robot_1 role=hero team=blue branch=fallback_direct total=57.55ms nav=29.34ms aim=28.20ms block=
07:20:29.889 entity=blue_robot_7 role=sentry team=blue branch=recover total=28.67ms nav=28.62ms aim=0.05ms block=
07:20:30.257 entity=blue_robot_1 role=hero team=blue branch=fallback_direct total=29.22ms nav=29.21ms aim=0.00ms block=
07:20:30.609 entity=blue_robot_1 role=hero team=blue branch=fallback_direct total=29.34ms nav=29.33ms aim=0.00ms block=
07:20:30.980 entity=blue_robot_7 role=sentry team=blue branch=recover total=29.78ms nav=29.73ms aim=0.05ms block=
07:20:31.348 entity=blue_robot_1 role=hero team=blue branch=fallback_direct total=29.71ms nav=29.71ms aim=0.00ms block=
07:20:31.703 entity=blue_robot_7 role=sentry team=blue branch=recover total=28.74ms nav=28.69ms aim=0.05ms block=
07:20:32.100 entity=blue_robot_1 role=hero team=blue branch=fallback_direct total=58.21ms nav=29.32ms aim=28.88ms block=
